ARM GAS  /var/folders/v_/kwz_t0cs68g1q1d733r227b80000gn/T//cc8Cxgfl.s 			page 1


   1              		.cpu cortex-m4
   2              		.eabi_attribute 27, 1
   3              		.eabi_attribute 28, 1
   4              		.eabi_attribute 20, 1
   5              		.eabi_attribute 21, 1
   6              		.eabi_attribute 23, 3
   7              		.eabi_attribute 24, 1
   8              		.eabi_attribute 25, 1
   9              		.eabi_attribute 26, 1
  10              		.eabi_attribute 30, 1
  11              		.eabi_attribute 34, 1
  12              		.eabi_attribute 18, 4
  13              		.file	"Convert.c"
  14              		.text
  15              	.Ltext0:
  16              		.cfi_sections	.debug_frame
  17              		.section	.text.PulseToDistance,"ax",%progbits
  18              		.align	1
  19              		.global	PulseToDistance
  20              		.arch armv7e-m
  21              		.syntax unified
  22              		.thumb
  23              		.thumb_func
  24              		.fpu fpv4-sp-d16
  26              	PulseToDistance:
  27              	.LVL0:
  28              	.LFB0:
  29              		.file 1 "Core/Src/Tools/Convert.c"
   1:Core/Src/Tools/Convert.c **** /*
   2:Core/Src/Tools/Convert.c ****  * Convert.c
   3:Core/Src/Tools/Convert.c ****  *
   4:Core/Src/Tools/Convert.c ****  *  Created on: Feb 13, 2022
   5:Core/Src/Tools/Convert.c ****  *      Author: leopi
   6:Core/Src/Tools/Convert.c ****  */
   7:Core/Src/Tools/Convert.c **** 
   8:Core/Src/Tools/Convert.c **** #include "Convert.h"
   9:Core/Src/Tools/Convert.c **** 
  10:Core/Src/Tools/Convert.c **** #include <stdlib.h>
  11:Core/Src/Tools/Convert.c **** //å¿…è¦ãªå€¤ã¯å…¨éƒ¨å¼•æ•°ã§æ›¸ã„ã¦ã€ä½¿ç”¨å…ˆã§å…¥ã‚Œã‚‹ã€‚ãƒã‚¯ãƒ­ãªã©ã§ã²ã¨ã¾ã¨ã
  12:Core/Src/Tools/Convert.c **** 
  13:Core/Src/Tools/Convert.c **** /*------------------------------------------- -------------------------------------------*/
  14:Core/Src/Tools/Convert.c **** 
  15:Core/Src/Tools/Convert.c **** /*-------------------------------------------ã‚¨ãƒ³ã‚³ãƒ¼ãƒ€é–¢é€£---------------------------------
  16:Core/Src/Tools/Convert.c **** //--------------------------//
  17:Core/Src/Tools/Convert.c **** // ç›®çš„ : ã‚¨ãƒ³ã‚³ãƒ¼ãƒ€ãƒ‘ãƒ«ã‚¹ã‚’è·é›¢mmã«å¤‰æ›ã™ã‚‹
  18:Core/Src/Tools/Convert.c **** // å¼•æ•° : ãƒ‘ãƒ«ã‚¹
  19:Core/Src/Tools/Convert.c **** // æˆ»ã‚Šå€¤ : è·é›¢
  20:Core/Src/Tools/Convert.c **** //-------------------------//
  21:Core/Src/Tools/Convert.c **** //åˆ¥ã®ã¨ã“ã‚ã§å®£è¨€
  22:Core/Src/Tools/Convert.c **** #define DISTANCE_PER_PULSE	((TIRE_DEAMETER * M_PI) / (ENCODER_PULSE * REDUCATION_RATIO) )
  23:Core/Src/Tools/Convert.c **** 
  24:Core/Src/Tools/Convert.c **** //åˆ¶å¾¡ã®ãŸã‚ã«é€ä¸€å¤‰æ›ã™ã‚‹å¿…è¦ãŒã‚ã‚‹ã®ã§é–¢æ•°ã‚’ä½¿ã†ã€‚
  25:Core/Src/Tools/Convert.c **** float PulseToDistance(int pulse_displacement, float distance_per_pulse)
  26:Core/Src/Tools/Convert.c **** {
  30              		.loc 1 26 1 view -0
  31              		.cfi_startproc
  32              		@ args = 0, pretend = 0, frame = 0
ARM GAS  /var/folders/v_/kwz_t0cs68g1q1d733r227b80000gn/T//cc8Cxgfl.s 			page 2


  33              		@ frame_needed = 0, uses_anonymous_args = 0
  34              		@ link register save eliminated.
  35              		.loc 1 26 1 is_stmt 0 view .LVU1
  36 0000 07EE900A 		vmov	s15, r0	@ int
  27:Core/Src/Tools/Convert.c ****     float distance;
  37              		.loc 1 27 5 is_stmt 1 view .LVU2
  28:Core/Src/Tools/Convert.c ****     distance = (float)pulse_displacement * distance_per_pulse;
  38              		.loc 1 28 5 view .LVU3
  39              		.loc 1 28 16 is_stmt 0 view .LVU4
  40 0004 F8EEE77A 		vcvt.f32.s32	s15, s15
  41              	.LVL1:
  29:Core/Src/Tools/Convert.c ****     //printf("distance : %f\r\n", distance);
  30:Core/Src/Tools/Convert.c **** 	return distance;
  42              		.loc 1 30 2 is_stmt 1 view .LVU5
  31:Core/Src/Tools/Convert.c **** }
  43              		.loc 1 31 1 is_stmt 0 view .LVU6
  44 0008 27EE800A 		vmul.f32	s0, s15, s0
  45              	.LVL2:
  46              		.loc 1 31 1 view .LVU7
  47 000c 7047     		bx	lr
  48              		.cfi_endproc
  49              	.LFE0:
  51              		.section	.text.InitPulse,"ax",%progbits
  52              		.align	1
  53              		.global	InitPulse
  54              		.syntax unified
  55              		.thumb
  56              		.thumb_func
  57              		.fpu fpv4-sp-d16
  59              	InitPulse:
  60              	.LVL3:
  61              	.LFB1:
  32:Core/Src/Tools/Convert.c **** 
  33:Core/Src/Tools/Convert.c **** //--------------------------//
  34:Core/Src/Tools/Convert.c **** //ç›®çš„ : ã‚¨ãƒ³ã‚³ãƒ¼ãƒ€ãƒ‘ãƒ«ã‚¹ã‚’å¥½ããªå€¤ã§åˆæœŸåŒ–ã™ã‚‹ã€‚(ç›´æ¥å…¥ã‚Œã¦ã‚‚ã„ã„ãŒ
  35:Core/Src/Tools/Convert.c **** //å¼•æ•° : ã‚«ã‚¦ãƒ³ã‚¿ã®ã‚¢ãƒ‰ãƒ¬ã‚¹ã€ãƒ‘ãƒ«ã‚¹åˆæœŸå€¤
  36:Core/Src/Tools/Convert.c **** //æˆ»ã‚Šå€¤ : ãªã—
  37:Core/Src/Tools/Convert.c **** //-------------------------//
  38:Core/Src/Tools/Convert.c **** void InitPulse(int *timer_counter, int initial_pulse)
  39:Core/Src/Tools/Convert.c **** {
  62              		.loc 1 39 1 is_stmt 1 view -0
  63              		.cfi_startproc
  64              		@ args = 0, pretend = 0, frame = 0
  65              		@ frame_needed = 0, uses_anonymous_args = 0
  66              		@ link register save eliminated.
  40:Core/Src/Tools/Convert.c **** 	* timer_counter = initial_pulse;
  67              		.loc 1 40 2 view .LVU9
  68              		.loc 1 40 18 is_stmt 0 view .LVU10
  69 0000 0160     		str	r1, [r0]
  41:Core/Src/Tools/Convert.c **** 	//printf("timer_counter : %d\r\n", *timer_counter);
  42:Core/Src/Tools/Convert.c **** }
  70              		.loc 1 42 1 view .LVU11
  71 0002 7047     		bx	lr
  72              		.cfi_endproc
  73              	.LFE1:
  75              		.section	.text.GetPulseDisplacement,"ax",%progbits
  76              		.align	1
ARM GAS  /var/folders/v_/kwz_t0cs68g1q1d733r227b80000gn/T//cc8Cxgfl.s 			page 3


  77              		.global	GetPulseDisplacement
  78              		.syntax unified
  79              		.thumb
  80              		.thumb_func
  81              		.fpu fpv4-sp-d16
  83              	GetPulseDisplacement:
  84              	.LVL4:
  85              	.LFB2:
  43:Core/Src/Tools/Convert.c **** 
  44:Core/Src/Tools/Convert.c **** //--------------------------//
  45:Core/Src/Tools/Convert.c **** //ç›®çš„ : ã‚¨ãƒ³ã‚³ãƒ¼ãƒ€ãƒ‘ãƒ«ã‚¹ã®åˆæœŸå€¤ã¨ã®å·®åˆ†ã‚’å–å¾—ã™ã‚‹(å‰²ã‚Šè¾¼ã¿å†…)
  46:Core/Src/Tools/Convert.c **** //å¼•æ•° : ã‚«ã‚¦ãƒ³ã‚¿ã®ã‚¢ãƒ‰ãƒ¬ã‚¹ã€ãƒ‘ãƒ«ã‚¹åˆæœŸå€¤
  47:Core/Src/Tools/Convert.c **** //æˆ»ã‚Šå€¤ : ãƒ‘ãƒ«ã‚¹ã®å¤‰ä½
  48:Core/Src/Tools/Convert.c **** //-------------------------//
  49:Core/Src/Tools/Convert.c **** int GetPulseDisplacement(int *timer_counter,  int initial_pulse)
  50:Core/Src/Tools/Convert.c **** {
  86              		.loc 1 50 1 is_stmt 1 view -0
  87              		.cfi_startproc
  88              		@ args = 0, pretend = 0, frame = 0
  89              		@ frame_needed = 0, uses_anonymous_args = 0
  90              		.loc 1 50 1 is_stmt 0 view .LVU13
  91 0000 10B5     		push	{r4, lr}
  92              	.LCFI0:
  93              		.cfi_def_cfa_offset 8
  94              		.cfi_offset 4, -8
  95              		.cfi_offset 14, -4
  51:Core/Src/Tools/Convert.c **** 	//å‰²ã‚Šè¾¼ã¿ã§å‘¼ã³å‡ºã™æƒ³å®š
  52:Core/Src/Tools/Convert.c **** 	//ã‚«ã‚¦ãƒ³ã‚¿ã‚’ãƒªã‚»ãƒƒãƒˆã™ã‚‹ã®ã¯åˆ¥ã®ã¨ã“ã‚
  53:Core/Src/Tools/Convert.c **** 	int current_pulse = *timer_counter;
  96              		.loc 1 53 2 is_stmt 1 view .LVU14
  97              		.loc 1 53 6 is_stmt 0 view .LVU15
  98 0002 0468     		ldr	r4, [r0]
  99              	.LVL5:
  54:Core/Src/Tools/Convert.c **** 	int pulse_displacement = -1* (current_pulse - initial_pulse);
 100              		.loc 1 54 2 is_stmt 1 view .LVU16
 101              		.loc 1 54 6 is_stmt 0 view .LVU17
 102 0004 0C1B     		subs	r4, r1, r4
 103              	.LVL6:
  55:Core/Src/Tools/Convert.c **** 	//å‰å›å€¤ã¨ã—ã¦ä¿å­˜
  56:Core/Src/Tools/Convert.c **** 
  57:Core/Src/Tools/Convert.c **** //	//æ¬¡å›ã®å‘¼ã³å‡ºã—ã®ãŸã‚ã«ã™ãåˆæœŸåŒ–ã€‚
  58:Core/Src/Tools/Convert.c **** 	InitPulse( timer_counter, initial_pulse);
 104              		.loc 1 58 2 is_stmt 1 view .LVU18
 105 0006 FFF7FEFF 		bl	InitPulse
 106              	.LVL7:
  59:Core/Src/Tools/Convert.c **** 
  60:Core/Src/Tools/Convert.c **** 	return pulse_displacement;
 107              		.loc 1 60 2 view .LVU19
  61:Core/Src/Tools/Convert.c **** }
 108              		.loc 1 61 1 is_stmt 0 view .LVU20
 109 000a 2046     		mov	r0, r4
 110 000c 10BD     		pop	{r4, pc}
 111              		.loc 1 61 1 view .LVU21
 112              		.cfi_endproc
 113              	.LFE2:
 115              		.section	.text.GetWallDataAverage,"ax",%progbits
 116              		.align	1
ARM GAS  /var/folders/v_/kwz_t0cs68g1q1d733r227b80000gn/T//cc8Cxgfl.s 			page 4


 117              		.global	GetWallDataAverage
 118              		.syntax unified
 119              		.thumb
 120              		.thumb_func
 121              		.fpu fpv4-sp-d16
 123              	GetWallDataAverage:
 124              	.LVL8:
 125              	.LFB3:
  62:Core/Src/Tools/Convert.c **** //int GetPulseDisplacement(int *timer_counter,  int *keep_counter)
  63:Core/Src/Tools/Convert.c **** //{
  64:Core/Src/Tools/Convert.c **** //	//å‰²ã‚Šè¾¼ã¿ã§å‘¼ã³å‡ºã™æƒ³å®š
  65:Core/Src/Tools/Convert.c **** //	//ã‚«ã‚¦ãƒ³ã‚¿ã‚’ãƒªã‚»ãƒƒãƒˆã™ã‚‹ã®ã¯åˆ¥ã®ã¨ã“ã‚
  66:Core/Src/Tools/Convert.c **** //	int current_pulse = *timer_counter;
  67:Core/Src/Tools/Convert.c **** //	int pulse_displacement = -1* (current_pulse - *keep_counter);
  68:Core/Src/Tools/Convert.c **** //	//å‰å›å€¤ã¨ã—ã¦ä¿å­˜
  69:Core/Src/Tools/Convert.c **** //
  70:Core/Src/Tools/Convert.c **** //	*keep_counter = current_pulse;
  71:Core/Src/Tools/Convert.c **** ////	//æ¬¡å›ã®å‘¼ã³å‡ºã—ã®ãŸã‚ã«ã™ãåˆæœŸåŒ–ã€‚
  72:Core/Src/Tools/Convert.c **** ////	InitPulse( timer_counter, initial_pulse);
  73:Core/Src/Tools/Convert.c **** //
  74:Core/Src/Tools/Convert.c **** //	return pulse_displacement;
  75:Core/Src/Tools/Convert.c **** //}
  76:Core/Src/Tools/Convert.c **** 
  77:Core/Src/Tools/Convert.c **** 
  78:Core/Src/Tools/Convert.c **** /*-------------------------------------------ãƒ•ã‚©ãƒˆãƒˆãƒ©---------------------------------------
  79:Core/Src/Tools/Convert.c **** 
  80:Core/Src/Tools/Convert.c **** //--------------------------//
  81:Core/Src/Tools/Convert.c **** //ç›®çš„ : 2å€‹é€£ç¶šã—ãŸå—å…‰ãƒ‡ãƒ¼ã‚¿ã®å·®åˆ†å€¤ã®nå›å¹³å‡ã‚’å–ã‚‹ã€‚
  82:Core/Src/Tools/Convert.c **** //å¼•æ•° : nå›å¹³å‡ã€ adcã®ç”Ÿãƒ‡ãƒ¼ã‚¿ã€ å—å…‰ãƒ‡ãƒã‚¤ã‚¹ã®ãƒŠãƒ³ãƒ0~å‰²ã‚ŠæŒ¯ã£ã¦ãŠã
  83:Core/Src/Tools/Convert.c **** //æˆ»ã‚Šå€¤ : ãªã—
  84:Core/Src/Tools/Convert.c **** //-------------------------//
  85:Core/Src/Tools/Convert.c **** float GetWallDataAverage(int average_of_n_times, int adc_data, int receiver_num)
  86:Core/Src/Tools/Convert.c **** {
 126              		.loc 1 86 1 is_stmt 1 view -0
 127              		.cfi_startproc
 128              		@ args = 0, pretend = 0, frame = 0
 129              		@ frame_needed = 0, uses_anonymous_args = 0
 130              		@ link register save eliminated.
 131              		.loc 1 86 1 is_stmt 0 view .LVU23
 132 0000 10B4     		push	{r4}
 133              	.LCFI1:
 134              		.cfi_def_cfa_offset 4
 135              		.cfi_offset 4, -4
  87:Core/Src/Tools/Convert.c **** 	static int count[4] = {0}, last[4]={0}, integrate[4]={0};
 136              		.loc 1 87 2 is_stmt 1 view .LVU24
  88:Core/Src/Tools/Convert.c **** 	int raw, error;
 137              		.loc 1 88 2 view .LVU25
  89:Core/Src/Tools/Convert.c **** 	static float average[4]={0};
 138              		.loc 1 89 2 view .LVU26
  90:Core/Src/Tools/Convert.c **** 
  91:Core/Src/Tools/Convert.c **** 	raw = adc_data;
 139              		.loc 1 91 2 view .LVU27
 140              	.LVL9:
  92:Core/Src/Tools/Convert.c **** 	error = abs( last[receiver_num] - raw );
 141              		.loc 1 92 2 view .LVU28
 142              		.loc 1 92 19 is_stmt 0 view .LVU29
 143 0002 1A4C     		ldr	r4, .L9
ARM GAS  /var/folders/v_/kwz_t0cs68g1q1d733r227b80000gn/T//cc8Cxgfl.s 			page 5


 144 0004 54F82230 		ldr	r3, [r4, r2, lsl #2]
 145              		.loc 1 92 34 view .LVU30
 146 0008 5B1A     		subs	r3, r3, r1
 147              		.loc 1 92 8 view .LVU31
 148 000a 002B     		cmp	r3, #0
 149 000c B8BF     		it	lt
 150 000e 5B42     		rsblt	r3, r3, #0
 151              	.LVL10:
  93:Core/Src/Tools/Convert.c **** 	last[receiver_num] = raw;
 152              		.loc 1 93 2 is_stmt 1 view .LVU32
 153              		.loc 1 93 21 is_stmt 0 view .LVU33
 154 0010 44F82210 		str	r1, [r4, r2, lsl #2]
  94:Core/Src/Tools/Convert.c **** 	integrate[receiver_num] += error;
 155              		.loc 1 94 2 is_stmt 1 view .LVU34
 156              		.loc 1 94 26 is_stmt 0 view .LVU35
 157 0014 1649     		ldr	r1, .L9+4
 158              	.LVL11:
 159              		.loc 1 94 26 view .LVU36
 160 0016 51F82240 		ldr	r4, [r1, r2, lsl #2]
 161              	.LVL12:
 162              		.loc 1 94 26 view .LVU37
 163 001a 2344     		add	r3, r3, r4
 164              	.LVL13:
 165              		.loc 1 94 26 view .LVU38
 166 001c 41F82230 		str	r3, [r1, r2, lsl #2]
  95:Core/Src/Tools/Convert.c **** 
  96:Core/Src/Tools/Convert.c **** 	count[receiver_num]++;
 167              		.loc 1 96 2 is_stmt 1 view .LVU39
 168              		.loc 1 96 7 is_stmt 0 view .LVU40
 169 0020 144C     		ldr	r4, .L9+8
 170 0022 54F82210 		ldr	r1, [r4, r2, lsl #2]
 171              		.loc 1 96 21 view .LVU41
 172 0026 0131     		adds	r1, r1, #1
 173 0028 44F82210 		str	r1, [r4, r2, lsl #2]
  97:Core/Src/Tools/Convert.c **** 	if(count[receiver_num] == average_of_n_times)
 174              		.loc 1 97 2 is_stmt 1 view .LVU42
 175              		.loc 1 97 4 is_stmt 0 view .LVU43
 176 002c 8142     		cmp	r1, r0
 177              		.loc 1 97 4 view .LVU44
 178 002e 07D0     		beq	.L8
 179              	.L6:
  98:Core/Src/Tools/Convert.c **** 	{
  99:Core/Src/Tools/Convert.c **** 		average[receiver_num] = (float)integrate[receiver_num] / count[receiver_num];
 100:Core/Src/Tools/Convert.c **** 		integrate[receiver_num] = 0;
 101:Core/Src/Tools/Convert.c **** 		count[receiver_num] = 0;
 102:Core/Src/Tools/Convert.c **** 	}
 103:Core/Src/Tools/Convert.c **** 	return average[receiver_num];
 180              		.loc 1 103 2 is_stmt 1 view .LVU45
 181              		.loc 1 103 16 is_stmt 0 view .LVU46
 182 0030 114B     		ldr	r3, .L9+12
 183 0032 03EB8202 		add	r2, r3, r2, lsl #2
 184              	.LVL14:
 104:Core/Src/Tools/Convert.c **** }
 185              		.loc 1 104 1 view .LVU47
 186 0036 92ED000A 		vldr.32	s0, [r2]
 187 003a 5DF8044B 		ldr	r4, [sp], #4
 188              	.LCFI2:
ARM GAS  /var/folders/v_/kwz_t0cs68g1q1d733r227b80000gn/T//cc8Cxgfl.s 			page 6


 189              		.cfi_remember_state
 190              		.cfi_restore 4
 191              		.cfi_def_cfa_offset 0
 192 003e 7047     		bx	lr
 193              	.LVL15:
 194              	.L8:
 195              	.LCFI3:
 196              		.cfi_restore_state
  99:Core/Src/Tools/Convert.c **** 		integrate[receiver_num] = 0;
 197              		.loc 1 99 3 is_stmt 1 view .LVU48
  99:Core/Src/Tools/Convert.c **** 		integrate[receiver_num] = 0;
 198              		.loc 1 99 27 is_stmt 0 view .LVU49
 199 0040 07EE903A 		vmov	s15, r3	@ int
 200 0044 F8EEE77A 		vcvt.f32.s32	s15, s15
  99:Core/Src/Tools/Convert.c **** 		integrate[receiver_num] = 0;
 201              		.loc 1 99 58 view .LVU50
 202 0048 07EE101A 		vmov	s14, r1	@ int
 203 004c B8EEC77A 		vcvt.f32.s32	s14, s14
 204 0050 C7EE876A 		vdiv.f32	s13, s15, s14
  99:Core/Src/Tools/Convert.c **** 		integrate[receiver_num] = 0;
 205              		.loc 1 99 25 view .LVU51
 206 0054 084B     		ldr	r3, .L9+12
 207 0056 03EB8203 		add	r3, r3, r2, lsl #2
 208 005a C3ED006A 		vstr.32	s13, [r3]
 100:Core/Src/Tools/Convert.c **** 		count[receiver_num] = 0;
 209              		.loc 1 100 3 is_stmt 1 view .LVU52
 100:Core/Src/Tools/Convert.c **** 		count[receiver_num] = 0;
 210              		.loc 1 100 27 is_stmt 0 view .LVU53
 211 005e 0023     		movs	r3, #0
 212 0060 0349     		ldr	r1, .L9+4
 213 0062 41F82230 		str	r3, [r1, r2, lsl #2]
 101:Core/Src/Tools/Convert.c **** 	}
 214              		.loc 1 101 3 is_stmt 1 view .LVU54
 101:Core/Src/Tools/Convert.c **** 	}
 215              		.loc 1 101 23 is_stmt 0 view .LVU55
 216 0066 44F82230 		str	r3, [r4, r2, lsl #2]
 217 006a E1E7     		b	.L6
 218              	.L10:
 219              		.align	2
 220              	.L9:
 221 006c 00000000 		.word	.LANCHOR0
 222 0070 00000000 		.word	.LANCHOR1
 223 0074 00000000 		.word	.LANCHOR2
 224 0078 00000000 		.word	.LANCHOR3
 225              		.cfi_endproc
 226              	.LFE3:
 228              		.section	.text.ADCToBatteryVoltage,"ax",%progbits
 229              		.align	1
 230              		.global	ADCToBatteryVoltage
 231              		.syntax unified
 232              		.thumb
 233              		.thumb_func
 234              		.fpu fpv4-sp-d16
 236              	ADCToBatteryVoltage:
 237              	.LVL16:
 238              	.LFB4:
 105:Core/Src/Tools/Convert.c **** 
ARM GAS  /var/folders/v_/kwz_t0cs68g1q1d733r227b80000gn/T//cc8Cxgfl.s 			page 7


 106:Core/Src/Tools/Convert.c **** //void GetWallData(int average_of_n_times, int adc_data, int num)//å®Ÿéš›ã®ãƒ‡ãƒ¼ã‚¿ã‚’å¼•æ•°ã«å
 107:Core/Src/Tools/Convert.c **** //{
 108:Core/Src/Tools/Convert.c **** //
 109:Core/Src/Tools/Convert.c **** //	//4è¡Œæ›¸ãã®ã¯ã‚¹ãƒãƒ¼ãƒˆã§ãªã„ã€‚
 110:Core/Src/Tools/Convert.c **** //
 111:Core/Src/Tools/Convert.c **** //	wall_sensor[FL].raw = adc1[0];	//ch10//æ–°æ©Ÿä½“ã¯å…¨éƒ¨åŒã˜adcã§ã‚„ã‚‹
 112:Core/Src/Tools/Convert.c **** //	wall_sensor[SR].raw = adc1[1];	//ch14
 113:Core/Src/Tools/Convert.c **** //	wall_sensor[SL].raw = adc2[0];	//ch11
 114:Core/Src/Tools/Convert.c **** //	wall_sensor[FR].raw = adc2[1];	//ch15
 115:Core/Src/Tools/Convert.c **** //
 116:Core/Src/Tools/Convert.c **** //	wall_sensor[FL].error = abs(wall_sensor[FL].last - wall_sensor[FL].raw);
 117:Core/Src/Tools/Convert.c **** //	wall_sensor[SR].error = abs(wall_sensor[SR].last - wall_sensor[SR].raw);
 118:Core/Src/Tools/Convert.c **** //	wall_sensor[SL].error = abs(wall_sensor[SL].last - wall_sensor[SL].raw);
 119:Core/Src/Tools/Convert.c **** //	wall_sensor[FR].error = abs(wall_sensor[FR].last - wall_sensor[FR].raw);
 120:Core/Src/Tools/Convert.c **** //
 121:Core/Src/Tools/Convert.c **** //#if 0 //å®Ÿï¿½?1,3ã¨ã‚‚ã«å…¨ADCã®??ï¿½ï¿½?ï¿½ï¿½?ãƒ¼ã‚¿ã‚’å–??ï¿½ï¿½?ï¿½ï¿½? 5000??ï¿½ï¿½?ï¿½
 122:Core/Src/Tools/Convert.c **** //	    static int i=0;
 123:Core/Src/Tools/Convert.c **** //	    if(i <= 9996)
 124:Core/Src/Tools/Convert.c **** //	    {
 125:Core/Src/Tools/Convert.c **** //	    	//??ï¿½ï¿½?ï¿½ï¿½? //2500å€‹ãšã¤ã®??ï¿½ï¿½?ï¿½ï¿½?ãƒ¼ã‚¿
 126:Core/Src/Tools/Convert.c **** //			data_log[i] = sl_ad1_10;
 127:Core/Src/Tools/Convert.c **** //			data_log[i+1] =fr_ad1_14;
 128:Core/Src/Tools/Convert.c **** //			data_log[i+2] =fl_ad2_11;
 129:Core/Src/Tools/Convert.c **** //			data_log[i+3] =sr_ad2_15;
 130:Core/Src/Tools/Convert.c **** //
 131:Core/Src/Tools/Convert.c **** //	    	//å·® //10å›ã«??ï¿½ï¿½?ï¿½ï¿½?å›ï¿½???ï¿½ï¿½?ï¿½ï¿½æ›´æ–° å®Ÿè³ª250å€‹ãšã¤ã®??ï¿½ï¿½?
 132:Core/Src/Tools/Convert.c **** //	    	data_log[10000+i] = sl_error;
 133:Core/Src/Tools/Convert.c **** //	    	data_log[10001+i] = fr_error;
 134:Core/Src/Tools/Convert.c **** //	    	data_log[10002+i] = fl_error;
 135:Core/Src/Tools/Convert.c **** //	    	data_log[10003+i] = sr_error;
 136:Core/Src/Tools/Convert.c **** //	    	i+=4;
 137:Core/Src/Tools/Convert.c **** //	    }
 138:Core/Src/Tools/Convert.c **** //#endif
 139:Core/Src/Tools/Convert.c **** //
 140:Core/Src/Tools/Convert.c **** //	wall_sensor[FL].last = adc1[0];	//ch10//æ–°æ©Ÿä½“ã¯å…¨éƒ¨åŒã˜adcã§ã‚„ã‚‹
 141:Core/Src/Tools/Convert.c **** //	wall_sensor[SR].last = adc1[1];	//ch14
 142:Core/Src/Tools/Convert.c **** //	wall_sensor[SL].last = adc2[0];	//ch11
 143:Core/Src/Tools/Convert.c **** //	wall_sensor[FR].last = adc2[1];	//ch15
 144:Core/Src/Tools/Convert.c **** //
 145:Core/Src/Tools/Convert.c **** //
 146:Core/Src/Tools/Convert.c **** //	wall_sensor[FL].integrate += wall_sensor[FL].error;	//ch10//æ–°æ©Ÿä½“ã¯å…¨éƒ¨åŒã˜adcã§ã‚„ã‚‹
 147:Core/Src/Tools/Convert.c **** //	wall_sensor[SR].integrate += wall_sensor[SR].error;	//ch14
 148:Core/Src/Tools/Convert.c **** //	wall_sensor[SL].integrate += wall_sensor[SL].error;	//ch11
 149:Core/Src/Tools/Convert.c **** //	wall_sensor[FR].integrate += wall_sensor[FR].error;	//ch15
 150:Core/Src/Tools/Convert.c **** //
 151:Core/Src/Tools/Convert.c **** //
 152:Core/Src/Tools/Convert.c **** //	count ++;
 153:Core/Src/Tools/Convert.c **** //	//static int i=10000;
 154:Core/Src/Tools/Convert.c **** //	if(count == average_of_n_times){
 155:Core/Src/Tools/Convert.c **** //		wall_sensor[FL].average = (float)wall_sensor[FL].integrate / count;
 156:Core/Src/Tools/Convert.c **** //		wall_sensor[SR].average = (float)wall_sensor[SR].integrate / count;
 157:Core/Src/Tools/Convert.c **** //		wall_sensor[SL].average = (float)wall_sensor[SL].integrate / count;
 158:Core/Src/Tools/Convert.c **** //		wall_sensor[FR].average = (float)wall_sensor[FR].integrate / count;
 159:Core/Src/Tools/Convert.c **** //
 160:Core/Src/Tools/Convert.c **** //		wall_sensor[FL].current = wall_sensor[FL].average;
 161:Core/Src/Tools/Convert.c **** //		wall_sensor[SR].current = wall_sensor[SR].average;
 162:Core/Src/Tools/Convert.c **** //		wall_sensor[SL].current = wall_sensor[SL].average;
ARM GAS  /var/folders/v_/kwz_t0cs68g1q1d733r227b80000gn/T//cc8Cxgfl.s 			page 8


 163:Core/Src/Tools/Convert.c **** //		wall_sensor[FR].current = wall_sensor[FR].average;
 164:Core/Src/Tools/Convert.c **** //
 165:Core/Src/Tools/Convert.c **** //		wall_sensor[FL].integrate = 0;
 166:Core/Src/Tools/Convert.c **** //		wall_sensor[SR].integrate = 0;
 167:Core/Src/Tools/Convert.c **** //		wall_sensor[SL].integrate = 0;
 168:Core/Src/Tools/Convert.c **** //		wall_sensor[FR].integrate = 0;
 169:Core/Src/Tools/Convert.c **** //
 170:Core/Src/Tools/Convert.c **** //		count = 0;
 171:Core/Src/Tools/Convert.c **** //	}
 172:Core/Src/Tools/Convert.c **** //
 173:Core/Src/Tools/Convert.c **** //}
 174:Core/Src/Tools/Convert.c **** 
 175:Core/Src/Tools/Convert.c **** 
 176:Core/Src/Tools/Convert.c **** /*-------------------------------------------ãƒãƒƒãƒ†ãƒªé–¢é€£------------------------------------
 177:Core/Src/Tools/Convert.c **** //--------------------------//
 178:Core/Src/Tools/Convert.c **** //ç›®çš„ : adcãƒ‡ãƒ¼ã‚¿ã‚’ãƒãƒƒãƒ†ãƒªé›»åœ§å€¤ã«å¤‰æ›ã™ã‚‹
 179:Core/Src/Tools/Convert.c **** //å¼•æ•° : adcã®å€¤
 180:Core/Src/Tools/Convert.c **** //æˆ»ã‚Šå€¤ : ãƒãƒƒãƒ†ãƒªé›»åœ§å€¤
 181:Core/Src/Tools/Convert.c **** //-------------------------//
 182:Core/Src/Tools/Convert.c **** float ADCToBatteryVoltage(int adc_data, float split, float pin_v_max, float adc_resolution)	//adcã‚
 183:Core/Src/Tools/Convert.c **** {
 239              		.loc 1 183 1 is_stmt 1 view -0
 240              		.cfi_startproc
 241              		@ args = 0, pretend = 0, frame = 0
 242              		@ frame_needed = 0, uses_anonymous_args = 0
 243              		@ link register save eliminated.
 244              		.loc 1 183 1 is_stmt 0 view .LVU57
 245 0000 07EE900A 		vmov	s15, r0	@ int
 184:Core/Src/Tools/Convert.c **** 	float battery_voltage = 0;
 246              		.loc 1 184 2 is_stmt 1 view .LVU58
 247              	.LVL17:
 185:Core/Src/Tools/Convert.c **** 	battery_voltage =  adc_data * split* pin_v_max / adc_resolution;//V_SPLIT_NUM * PIN_V_MAX / ADC_RE
 248              		.loc 1 185 2 view .LVU59
 249              		.loc 1 185 30 is_stmt 0 view .LVU60
 250 0004 F8EEE77A 		vcvt.f32.s32	s15, s15
 251 0008 67EE807A 		vmul.f32	s15, s15, s0
 252              		.loc 1 185 37 view .LVU61
 253 000c 67EEA07A 		vmul.f32	s15, s15, s1
 254              	.LVL18:
 186:Core/Src/Tools/Convert.c **** 	return battery_voltage;
 255              		.loc 1 186 2 is_stmt 1 view .LVU62
 187:Core/Src/Tools/Convert.c **** }
 256              		.loc 1 187 1 is_stmt 0 view .LVU63
 257 0010 87EE810A 		vdiv.f32	s0, s15, s2
 258              	.LVL19:
 259              		.loc 1 187 1 view .LVU64
 260 0014 7047     		bx	lr
 261              		.cfi_endproc
 262              	.LFE4:
 264              		.section	.text.IntegerPower,"ax",%progbits
 265              		.align	1
 266              		.global	IntegerPower
 267              		.syntax unified
 268              		.thumb
 269              		.thumb_func
 270              		.fpu fpv4-sp-d16
 272              	IntegerPower:
ARM GAS  /var/folders/v_/kwz_t0cs68g1q1d733r227b80000gn/T//cc8Cxgfl.s 			page 9


 273              	.LVL20:
 274              	.LFB5:
 188:Core/Src/Tools/Convert.c **** 
 189:Core/Src/Tools/Convert.c **** //--------------------------//
 190:Core/Src/Tools/Convert.c **** //ç›®çš„ : æ•´æ•°ã‚’ç´¯ä¹—ã™ã‚‹
 191:Core/Src/Tools/Convert.c **** //å¼•æ•° : åº•ã€æŒ‡æ•°
 192:Core/Src/Tools/Convert.c **** //æˆ»ã‚Šå€¤ : è§£
 193:Core/Src/Tools/Convert.c **** //-------------------------//
 194:Core/Src/Tools/Convert.c **** 
 195:Core/Src/Tools/Convert.c **** int IntegerPower(int integer, int exponential)
 196:Core/Src/Tools/Convert.c **** {
 275              		.loc 1 196 1 is_stmt 1 view -0
 276              		.cfi_startproc
 277              		@ args = 0, pretend = 0, frame = 0
 278              		@ frame_needed = 0, uses_anonymous_args = 0
 279              		@ link register save eliminated.
 280              		.loc 1 196 1 is_stmt 0 view .LVU66
 281 0000 0246     		mov	r2, r0
 197:Core/Src/Tools/Convert.c **** 	int pattern_num = 1;
 282              		.loc 1 197 2 is_stmt 1 view .LVU67
 283              	.LVL21:
 198:Core/Src/Tools/Convert.c **** 	for(int i=0; i < exponential ; i++)
 284              		.loc 1 198 2 view .LVU68
 285              	.LBB2:
 286              		.loc 1 198 6 view .LVU69
 287              		.loc 1 198 10 is_stmt 0 view .LVU70
 288 0002 0023     		movs	r3, #0
 289              	.LBE2:
 197:Core/Src/Tools/Convert.c **** 	int pattern_num = 1;
 290              		.loc 1 197 6 view .LVU71
 291 0004 0120     		movs	r0, #1
 292              	.LVL22:
 293              	.LBB3:
 294              		.loc 1 198 2 view .LVU72
 295 0006 02E0     		b	.L13
 296              	.LVL23:
 297              	.L14:
 199:Core/Src/Tools/Convert.c **** 	{
 200:Core/Src/Tools/Convert.c **** 		pattern_num *= integer;
 298              		.loc 1 200 3 is_stmt 1 discriminator 3 view .LVU73
 299              		.loc 1 200 15 is_stmt 0 discriminator 3 view .LVU74
 300 0008 02FB00F0 		mul	r0, r2, r0
 301              	.LVL24:
 198:Core/Src/Tools/Convert.c **** 	for(int i=0; i < exponential ; i++)
 302              		.loc 1 198 33 is_stmt 1 discriminator 3 view .LVU75
 198:Core/Src/Tools/Convert.c **** 	for(int i=0; i < exponential ; i++)
 303              		.loc 1 198 34 is_stmt 0 discriminator 3 view .LVU76
 304 000c 0133     		adds	r3, r3, #1
 305              	.LVL25:
 306              	.L13:
 198:Core/Src/Tools/Convert.c **** 	for(int i=0; i < exponential ; i++)
 307              		.loc 1 198 15 is_stmt 1 discriminator 1 view .LVU77
 198:Core/Src/Tools/Convert.c **** 	for(int i=0; i < exponential ; i++)
 308              		.loc 1 198 2 is_stmt 0 discriminator 1 view .LVU78
 309 000e 8B42     		cmp	r3, r1
 310 0010 FADB     		blt	.L14
 311              	.LBE3:
ARM GAS  /var/folders/v_/kwz_t0cs68g1q1d733r227b80000gn/T//cc8Cxgfl.s 			page 10


 201:Core/Src/Tools/Convert.c **** 	}
 202:Core/Src/Tools/Convert.c **** 	return pattern_num;
 312              		.loc 1 202 2 is_stmt 1 view .LVU79
 203:Core/Src/Tools/Convert.c **** }
 313              		.loc 1 203 1 is_stmt 0 view .LVU80
 314 0012 7047     		bx	lr
 315              		.cfi_endproc
 316              	.LFE5:
 318              		.section	.text.GetBatteryLevel,"ax",%progbits
 319              		.align	1
 320              		.global	GetBatteryLevel
 321              		.syntax unified
 322              		.thumb
 323              		.thumb_func
 324              		.fpu fpv4-sp-d16
 326              	GetBatteryLevel:
 327              	.LVL26:
 328              	.LFB6:
 204:Core/Src/Tools/Convert.c **** 
 205:Core/Src/Tools/Convert.c **** //--------------------------//
 206:Core/Src/Tools/Convert.c **** //ç›®çš„ : é›»åœ§ãƒ¬ãƒ™ãƒ«ã‚’è¿”ã™ (ç¾åœ¨å€¤ãŒã€æœ€å¤§æœ€å°ã®é–“ã®ã©ã®ãƒ¬ãƒ™ãƒ«ã«ã‚ã‚‹ã
 207:Core/Src/Tools/Convert.c **** //å¼•æ•° : èª¿ã¹ãŸã„å€¤ã€æœ€å°å€¤ã€æœ€å¤§å€¤ã€ä½•æ®µéšã®ãƒ¬ãƒ™ãƒ«ã«åˆ†ã‘ã‚‹ã‹
 208:Core/Src/Tools/Convert.c **** //æˆ»ã‚Šå€¤ : ãƒ¬ãƒ™ãƒ«
 209:Core/Src/Tools/Convert.c **** //-------------------------//
 210:Core/Src/Tools/Convert.c **** 
 211:Core/Src/Tools/Convert.c **** //æ®‹é‡ãƒ¬ãƒ™ãƒ«ã‚’è¿”ã™
 212:Core/Src/Tools/Convert.c **** int GetBatteryLevel(float current_voltage, float battery_min, float battery_max, int level_num)	//ã
 213:Core/Src/Tools/Convert.c **** {
 329              		.loc 1 213 1 is_stmt 1 view -0
 330              		.cfi_startproc
 331              		@ args = 0, pretend = 0, frame = 0
 332              		@ frame_needed = 0, uses_anonymous_args = 0
 333              		@ link register save eliminated.
 334              		.loc 1 213 1 is_stmt 0 view .LVU82
 335 0000 0246     		mov	r2, r0
 214:Core/Src/Tools/Convert.c **** 	float current_percentage = current_voltage / battery_max;
 336              		.loc 1 214 2 is_stmt 1 view .LVU83
 337              		.loc 1 214 8 is_stmt 0 view .LVU84
 338 0002 80EE016A 		vdiv.f32	s12, s0, s2
 339              	.LVL27:
 215:Core/Src/Tools/Convert.c **** 	float lowest_percentage =  battery_min / battery_max;
 340              		.loc 1 215 2 is_stmt 1 view .LVU85
 341              		.loc 1 215 8 is_stmt 0 view .LVU86
 342 0006 80EE817A 		vdiv.f32	s14, s1, s2
 343              	.LVL28:
 216:Core/Src/Tools/Convert.c **** 
 217:Core/Src/Tools/Convert.c **** 	float percentage_per_pattern = (1 - lowest_percentage) / (float) level_num;
 344              		.loc 1 217 2 is_stmt 1 view .LVU87
 345              		.loc 1 217 36 is_stmt 0 view .LVU88
 346 000a F7EE007A 		vmov.f32	s15, #1.0e+0
 347 000e 77EEC77A 		vsub.f32	s15, s15, s14
 348              		.loc 1 217 59 view .LVU89
 349 0012 06EE900A 		vmov	s13, r0	@ int
 350 0016 F8EEE65A 		vcvt.f32.s32	s11, s13
 351              		.loc 1 217 8 view .LVU90
 352 001a C7EEA56A 		vdiv.f32	s13, s15, s11
 353              	.LVL29:
ARM GAS  /var/folders/v_/kwz_t0cs68g1q1d733r227b80000gn/T//cc8Cxgfl.s 			page 11


 218:Core/Src/Tools/Convert.c **** 
 219:Core/Src/Tools/Convert.c **** 	int pattern = 0;
 354              		.loc 1 219 2 is_stmt 1 view .LVU91
 220:Core/Src/Tools/Convert.c **** 	for(int i=0; i < level_num; i++)
 355              		.loc 1 220 2 view .LVU92
 356              	.LBB4:
 357              		.loc 1 220 6 view .LVU93
 358              		.loc 1 220 10 is_stmt 0 view .LVU94
 359 001e 0023     		movs	r3, #0
 360              	.LBE4:
 219:Core/Src/Tools/Convert.c **** 	for(int i=0; i < level_num; i++)
 361              		.loc 1 219 6 view .LVU95
 362 0020 1846     		mov	r0, r3
 363              	.LVL30:
 364              	.LBB5:
 365              		.loc 1 220 2 view .LVU96
 366 0022 00E0     		b	.L16
 367              	.LVL31:
 368              	.L17:
 369              		.loc 1 220 30 is_stmt 1 discriminator 2 view .LVU97
 370              		.loc 1 220 31 is_stmt 0 discriminator 2 view .LVU98
 371 0024 0133     		adds	r3, r3, #1
 372              	.LVL32:
 373              	.L16:
 374              		.loc 1 220 15 is_stmt 1 discriminator 1 view .LVU99
 375              		.loc 1 220 2 is_stmt 0 discriminator 1 view .LVU100
 376 0026 9342     		cmp	r3, r2
 377 0028 0EDA     		bge	.L20
 221:Core/Src/Tools/Convert.c **** 	{
 222:Core/Src/Tools/Convert.c **** 		if( ( lowest_percentage + (percentage_per_pattern* i) )  <= current_percentage )
 378              		.loc 1 222 3 is_stmt 1 view .LVU101
 379              		.loc 1 222 52 is_stmt 0 view .LVU102
 380 002a 07EE903A 		vmov	s15, r3	@ int
 381 002e F8EEE77A 		vcvt.f32.s32	s15, s15
 382 0032 67EEA67A 		vmul.f32	s15, s15, s13
 383              		.loc 1 222 27 view .LVU103
 384 0036 77EE877A 		vadd.f32	s15, s15, s14
 385              		.loc 1 222 5 view .LVU104
 386 003a F4EEC67A 		vcmpe.f32	s15, s12
 387 003e F1EE10FA 		vmrs	APSR_nzcv, FPSCR
 388 0042 EFD8     		bhi	.L17
 223:Core/Src/Tools/Convert.c **** 		{
 224:Core/Src/Tools/Convert.c **** 			pattern = i;
 389              		.loc 1 224 12 view .LVU105
 390 0044 1846     		mov	r0, r3
 391              	.LVL33:
 392              		.loc 1 224 12 view .LVU106
 393 0046 EDE7     		b	.L17
 394              	.LVL34:
 395              	.L20:
 396              		.loc 1 224 12 view .LVU107
 397              	.LBE5:
 225:Core/Src/Tools/Convert.c **** 		}
 226:Core/Src/Tools/Convert.c **** 	}
 227:Core/Src/Tools/Convert.c **** 	return pattern;
 398              		.loc 1 227 2 is_stmt 1 view .LVU108
 228:Core/Src/Tools/Convert.c **** }
ARM GAS  /var/folders/v_/kwz_t0cs68g1q1d733r227b80000gn/T//cc8Cxgfl.s 			page 12


 399              		.loc 1 228 1 is_stmt 0 view .LVU109
 400 0048 7047     		bx	lr
 401              		.cfi_endproc
 402              	.LFE6:
 404              		.section	.bss.average.0,"aw",%nobits
 405              		.align	2
 406              		.set	.LANCHOR3,. + 0
 409              	average.0:
 410 0000 00000000 		.space	16
 410      00000000 
 410      00000000 
 410      00000000 
 411              		.section	.bss.count.1,"aw",%nobits
 412              		.align	2
 413              		.set	.LANCHOR2,. + 0
 416              	count.1:
 417 0000 00000000 		.space	16
 417      00000000 
 417      00000000 
 417      00000000 
 418              		.section	.bss.integrate.2,"aw",%nobits
 419              		.align	2
 420              		.set	.LANCHOR1,. + 0
 423              	integrate.2:
 424 0000 00000000 		.space	16
 424      00000000 
 424      00000000 
 424      00000000 
 425              		.section	.bss.last.3,"aw",%nobits
 426              		.align	2
 427              		.set	.LANCHOR0,. + 0
 430              	last.3:
 431 0000 00000000 		.space	16
 431      00000000 
 431      00000000 
 431      00000000 
 432              		.text
 433              	.Letext0:
ARM GAS  /var/folders/v_/kwz_t0cs68g1q1d733r227b80000gn/T//cc8Cxgfl.s 			page 13


DEFINED SYMBOLS
                            *ABS*:0000000000000000 Convert.c
/var/folders/v_/kwz_t0cs68g1q1d733r227b80000gn/T//cc8Cxgfl.s:18     .text.PulseToDistance:0000000000000000 $t
/var/folders/v_/kwz_t0cs68g1q1d733r227b80000gn/T//cc8Cxgfl.s:26     .text.PulseToDistance:0000000000000000 PulseToDistance
/var/folders/v_/kwz_t0cs68g1q1d733r227b80000gn/T//cc8Cxgfl.s:52     .text.InitPulse:0000000000000000 $t
/var/folders/v_/kwz_t0cs68g1q1d733r227b80000gn/T//cc8Cxgfl.s:59     .text.InitPulse:0000000000000000 InitPulse
/var/folders/v_/kwz_t0cs68g1q1d733r227b80000gn/T//cc8Cxgfl.s:76     .text.GetPulseDisplacement:0000000000000000 $t
/var/folders/v_/kwz_t0cs68g1q1d733r227b80000gn/T//cc8Cxgfl.s:83     .text.GetPulseDisplacement:0000000000000000 GetPulseDisplacement
/var/folders/v_/kwz_t0cs68g1q1d733r227b80000gn/T//cc8Cxgfl.s:116    .text.GetWallDataAverage:0000000000000000 $t
/var/folders/v_/kwz_t0cs68g1q1d733r227b80000gn/T//cc8Cxgfl.s:123    .text.GetWallDataAverage:0000000000000000 GetWallDataAverage
/var/folders/v_/kwz_t0cs68g1q1d733r227b80000gn/T//cc8Cxgfl.s:221    .text.GetWallDataAverage:000000000000006c $d
/var/folders/v_/kwz_t0cs68g1q1d733r227b80000gn/T//cc8Cxgfl.s:229    .text.ADCToBatteryVoltage:0000000000000000 $t
/var/folders/v_/kwz_t0cs68g1q1d733r227b80000gn/T//cc8Cxgfl.s:236    .text.ADCToBatteryVoltage:0000000000000000 ADCToBatteryVoltage
/var/folders/v_/kwz_t0cs68g1q1d733r227b80000gn/T//cc8Cxgfl.s:265    .text.IntegerPower:0000000000000000 $t
/var/folders/v_/kwz_t0cs68g1q1d733r227b80000gn/T//cc8Cxgfl.s:272    .text.IntegerPower:0000000000000000 IntegerPower
/var/folders/v_/kwz_t0cs68g1q1d733r227b80000gn/T//cc8Cxgfl.s:319    .text.GetBatteryLevel:0000000000000000 $t
/var/folders/v_/kwz_t0cs68g1q1d733r227b80000gn/T//cc8Cxgfl.s:326    .text.GetBatteryLevel:0000000000000000 GetBatteryLevel
/var/folders/v_/kwz_t0cs68g1q1d733r227b80000gn/T//cc8Cxgfl.s:405    .bss.average.0:0000000000000000 $d
/var/folders/v_/kwz_t0cs68g1q1d733r227b80000gn/T//cc8Cxgfl.s:409    .bss.average.0:0000000000000000 average.0
/var/folders/v_/kwz_t0cs68g1q1d733r227b80000gn/T//cc8Cxgfl.s:412    .bss.count.1:0000000000000000 $d
/var/folders/v_/kwz_t0cs68g1q1d733r227b80000gn/T//cc8Cxgfl.s:416    .bss.count.1:0000000000000000 count.1
/var/folders/v_/kwz_t0cs68g1q1d733r227b80000gn/T//cc8Cxgfl.s:419    .bss.integrate.2:0000000000000000 $d
/var/folders/v_/kwz_t0cs68g1q1d733r227b80000gn/T//cc8Cxgfl.s:423    .bss.integrate.2:0000000000000000 integrate.2
/var/folders/v_/kwz_t0cs68g1q1d733r227b80000gn/T//cc8Cxgfl.s:426    .bss.last.3:0000000000000000 $d
/var/folders/v_/kwz_t0cs68g1q1d733r227b80000gn/T//cc8Cxgfl.s:430    .bss.last.3:0000000000000000 last.3

NO UNDEFINED SYMBOLS
