ARM GAS  /var/folders/v_/kwz_t0cs68g1q1d733r227b80000gn/T//ccBiiJWM.s 			page 1


   1              		.cpu cortex-m4
   2              		.eabi_attribute 27, 1
   3              		.eabi_attribute 28, 1
   4              		.eabi_attribute 20, 1
   5              		.eabi_attribute 21, 1
   6              		.eabi_attribute 23, 3
   7              		.eabi_attribute 24, 1
   8              		.eabi_attribute 25, 1
   9              		.eabi_attribute 26, 1
  10              		.eabi_attribute 30, 1
  11              		.eabi_attribute 34, 1
  12              		.eabi_attribute 18, 4
  13              		.file	"Debug.c"
  14              		.text
  15              	.Ltext0:
  16              		.cfi_sections	.debug_frame
  17              		.section	.text.printHardWareInformation,"ax",%progbits
  18              		.align	1
  19              		.global	printHardWareInformation
  20              		.arch armv7e-m
  21              		.syntax unified
  22              		.thumb
  23              		.thumb_func
  24              		.fpu fpv4-sp-d16
  26              	printHardWareInformation:
  27              	.LFB238:
  28              		.file 1 "Core/Src/Tools/Debug.c"
   1:Core/Src/Tools/Debug.c **** /*
   2:Core/Src/Tools/Debug.c ****  * Debug.c
   3:Core/Src/Tools/Debug.c ****  *
   4:Core/Src/Tools/Debug.c ****  *  Created on: 2022/03/02
   5:Core/Src/Tools/Debug.c ****  *      Author: leopi
   6:Core/Src/Tools/Debug.c ****  */
   7:Core/Src/Tools/Debug.c **** 
   8:Core/Src/Tools/Debug.c **** //„Ç∑„É™„Ç¢„É´ÈÄö‰ø°„ÄÅ„Éï„É©„ÉÉ„Ç∑„É•„É°„É¢„É™„ÇíÊ¥ªÁî®„Åó„Å¶„Éá„Éê„ÉÉ„Ç∞„Åô„Çã„Åü„ÇÅ„ÅÆÈñ¢Êï∞Áæ§
   9:Core/Src/Tools/Debug.c **** 
  10:Core/Src/Tools/Debug.c **** #include "Debug.h"
  11:Core/Src/Tools/Debug.c **** #include <stdio.h>
  12:Core/Src/Tools/Debug.c **** #include <stdlib.h>
  13:Core/Src/Tools/Debug.c **** #include "Flash.h"
  14:Core/Src/Tools/Debug.c **** #include "PID_Control.h"
  15:Core/Src/Tools/Debug.c **** #include "Convert.h"
  16:Core/Src/Tools/Debug.c **** 
  17:Core/Src/Tools/Debug.c **** #include "IEH2_4096.h"
  18:Core/Src/Tools/Debug.c **** #include "mouse_ADC.h"
  19:Core/Src/Tools/Debug.c **** #include "LED_Driver.h"
  20:Core/Src/Tools/Debug.c **** #include "IR_Emitter.h"
  21:Core/Src/Tools/Debug.c **** #include "Motor_Driver.h"
  22:Core/Src/Tools/Debug.c **** #include "ICM_20648.h"
  23:Core/Src/Tools/Debug.c **** #include "UI.h"
  24:Core/Src/Tools/Debug.c **** 
  25:Core/Src/Tools/Debug.c **** #include "MicroMouse.h"
  26:Core/Src/Tools/Debug.c **** 
  27:Core/Src/Tools/Debug.c **** #include "tim_info.h"
  28:Core/Src/Tools/Debug.c **** //„Éè„Éº„Éâ„Ç¶„Çß„Ç¢„ÅÆÊÉÖÂ†±„ÄÅ„ÇΩ„Éï„Éà„Ç¶„Çß„Ç¢„ÅÆÊÉÖÂ†±Ôºà„Éë„É©„É°„Éº„Çø„ÇÇÔºâ„Å™„Å©„Åô„Åπ„Å¶„
  29:Core/Src/Tools/Debug.c **** 	//CPU„ÅÆÂãï‰ΩúÂë®Ê≥¢Êï∞„ÅÆË®≠ÂÆö„ÇÑ„ÄÅ„Çø„Ç§„Éû„ÅÆÂë®Êúü„ÄÅÂâ≤Ëæº„ÅøÂë®Êúü„Å™„Å©„ÅÆÊÉÖÂ†±„ÇÇË¶ã„Çå
  30:Core/Src/Tools/Debug.c **** 
ARM GAS  /var/folders/v_/kwz_t0cs68g1q1d733r227b80000gn/T//ccBiiJWM.s 			page 2


  31:Core/Src/Tools/Debug.c **** //‰ΩøÁî®‰∏≠„ÅÆ„Çø„Ç§„ÉûÊÉÖÂ†±„ÇíË°®Á§∫„Åô„Çã„É¢„Éº„ÉâÔºàCubeIDE„ÅßË®≠ÂÆö„Åó„ÅüÂàùÊúüÂÄ§„Åß„ÅÇ„Çã„Åì
  32:Core/Src/Tools/Debug.c **** //ÂºïÊï∞„ÅØ„Çø„Ç§„Éû„ÅÆ„Ç¢„Éâ„É¨„Çπ
  33:Core/Src/Tools/Debug.c **** 
  34:Core/Src/Tools/Debug.c **** void printHardWareInformation(){
  29              		.loc 1 34 32 view -0
  30              		.cfi_startproc
  31              		@ args = 0, pretend = 0, frame = 0
  32              		@ frame_needed = 0, uses_anonymous_args = 0
  33 0000 08B5     		push	{r3, lr}
  34              	.LCFI0:
  35              		.cfi_def_cfa_offset 8
  36              		.cfi_offset 3, -8
  37              		.cfi_offset 14, -4
  35:Core/Src/Tools/Debug.c **** 	//‰ΩøÁî®‰∏≠„ÅÆ„Çø„Ç§„Éû
  36:Core/Src/Tools/Debug.c **** 	printTIMinfo(&htim1);
  38              		.loc 1 36 2 view .LVU1
  39 0002 0948     		ldr	r0, .L3
  40 0004 FFF7FEFF 		bl	printTIMinfo
  41              	.LVL0:
  37:Core/Src/Tools/Debug.c **** 	printTIMinfo(&htim8);
  42              		.loc 1 37 2 view .LVU2
  43 0008 0848     		ldr	r0, .L3+4
  44 000a FFF7FEFF 		bl	printTIMinfo
  45              	.LVL1:
  38:Core/Src/Tools/Debug.c **** 	printTIMinfo(&htim2);
  46              		.loc 1 38 2 view .LVU3
  47 000e 0848     		ldr	r0, .L3+8
  48 0010 FFF7FEFF 		bl	printTIMinfo
  49              	.LVL2:
  39:Core/Src/Tools/Debug.c **** 	printTIMinfo(&htim5);
  50              		.loc 1 39 2 view .LVU4
  51 0014 0748     		ldr	r0, .L3+12
  52 0016 FFF7FEFF 		bl	printTIMinfo
  53              	.LVL3:
  40:Core/Src/Tools/Debug.c **** 	printTIMinfo(&htim3);
  54              		.loc 1 40 2 view .LVU5
  55 001a 0748     		ldr	r0, .L3+16
  56 001c FFF7FEFF 		bl	printTIMinfo
  57              	.LVL4:
  41:Core/Src/Tools/Debug.c **** 	printTIMinfo(&htim4);
  58              		.loc 1 41 2 view .LVU6
  59 0020 0648     		ldr	r0, .L3+20
  60 0022 FFF7FEFF 		bl	printTIMinfo
  61              	.LVL5:
  42:Core/Src/Tools/Debug.c **** 
  43:Core/Src/Tools/Debug.c **** 	//ADC„ÇÇÂÖ•„Çå„Åü„ÅÑ
  44:Core/Src/Tools/Debug.c **** }
  62              		.loc 1 44 1 is_stmt 0 view .LVU7
  63 0026 08BD     		pop	{r3, pc}
  64              	.L4:
  65              		.align	2
  66              	.L3:
  67 0028 00000000 		.word	htim1
  68 002c 00000000 		.word	htim8
  69 0030 00000000 		.word	htim2
  70 0034 00000000 		.word	htim5
  71 0038 00000000 		.word	htim3
ARM GAS  /var/folders/v_/kwz_t0cs68g1q1d733r227b80000gn/T//ccBiiJWM.s 			page 3


  72 003c 00000000 		.word	htim4
  73              		.cfi_endproc
  74              	.LFE238:
  76              		.section	.text.Buffering,"ax",%progbits
  77              		.align	1
  78              		.global	Buffering
  79              		.syntax unified
  80              		.thumb
  81              		.thumb_func
  82              		.fpu fpv4-sp-d16
  84              	Buffering:
  85              	.LFB239:
  45:Core/Src/Tools/Debug.c **** 
  46:Core/Src/Tools/Debug.c **** //„Éï„Ç©„Éà„Çª„É≥„Çµ„ÅÆÂÄ§„ÅÆÂ§âÂãï„ÅåÂ§ß„Åç„ÅÑ„ÅÆ„ÇíË™øÊï¥„Åó„Åü„ÅÑ
  47:Core/Src/Tools/Debug.c **** 
  48:Core/Src/Tools/Debug.c **** //È†òÂüü„ÇíÊåáÂÆö
  49:Core/Src/Tools/Debug.c **** 	//„Éû„ÉÉ„Éó
  50:Core/Src/Tools/Debug.c **** 	//Âå∫Áîª„Åî„Å®„ÅÆ„É≠„Ç∞(„Éá„Éê„ÉÉ„Ç∞Áî®)
  51:Core/Src/Tools/Debug.c **** 	//„Éë„É©„É°„Éº„Çø‰øùÂ≠ò
  52:Core/Src/Tools/Debug.c **** //„Å≤„Å®„Åæ„Åö„Åì„Çå„Å†„Åë
  53:Core/Src/Tools/Debug.c **** //„Éë„É©„É°„Éº„Çø‰øùÂ≠ò
  54:Core/Src/Tools/Debug.c **** //uint32_t StartAddressParameter = start_adress_sector9;	//ÈñãÂßã„Ç¢„Éâ„É¨„Çπ
  55:Core/Src/Tools/Debug.c **** //uint32_t EndAddressParameter = end_adress_sector9;		//ÁµÇ‰∫Ü„Ç¢„Éâ„É¨„Çπ
  56:Core/Src/Tools/Debug.c **** 
  57:Core/Src/Tools/Debug.c **** //Âå∫Áîª„Åî„Å®„ÅÆ„É≠„Ç∞
  58:Core/Src/Tools/Debug.c **** //	const uint32_t StartAddressParcelLog = start_adress_sector11;	//ÈñãÂßã„Ç¢„Éâ„É¨„Çπ
  59:Core/Src/Tools/Debug.c **** //	const uint32_t EndAddressParcelLog = end_adress_sector11;		//ÁµÇ‰∫Ü„Ç¢„Éâ„É¨„Çπ
  60:Core/Src/Tools/Debug.c **** //
  61:Core/Src/Tools/Debug.c **** ////ÊµÅ„Çå
  62:Core/Src/Tools/Debug.c **** //	//Êõ¥Êñ∞„Åï„Çå„Åü„Çø„Ç§„Éü„É≥„Ç∞„Åßflash„Å´„Åù„ÅÆ„Åæ„ÅæÊõ∏„ÅçËæº„ÇÄ„ÄÇÂ§âÊï∞„ÇíÁµåÁî±„Åô„Çã„Å®„Å
  63:Core/Src/Tools/Debug.c **** //
  64:Core/Src/Tools/Debug.c **** //typedef struct debug
  65:Core/Src/Tools/Debug.c **** //{
  66:Core/Src/Tools/Debug.c **** //	int 			it;
  67:Core/Src/Tools/Debug.c **** //	float 			ft;
  68:Core/Src/Tools/Debug.c **** //	double 		dl;
  69:Core/Src/Tools/Debug.c **** //	char			ch;
  70:Core/Src/Tools/Debug.c **** //	uint32_t 	u32;
  71:Core/Src/Tools/Debug.c **** //
  72:Core/Src/Tools/Debug.c **** //}DebugData;
  73:Core/Src/Tools/Debug.c **** //DebugData Debug[10]={0};
  74:Core/Src/Tools/Debug.c **** //void DebugPhoto(float sl, float sr, float fl, float fr)
  75:Core/Src/Tools/Debug.c **** //{
  76:Core/Src/Tools/Debug.c **** //
  77:Core/Src/Tools/Debug.c **** //
  78:Core/Src/Tools/Debug.c **** //}
  79:Core/Src/Tools/Debug.c **** //void StoreParcelLog()
  80:Core/Src/Tools/Debug.c **** //{
  81:Core/Src/Tools/Debug.c **** //	Photo[SL];
  82:Core/Src/Tools/Debug.c **** //	FLASH_Write_Word_F(address, data);
  83:Core/Src/Tools/Debug.c **** //}
  84:Core/Src/Tools/Debug.c **** void Buffering()
  85:Core/Src/Tools/Debug.c **** {
  86              		.loc 1 85 1 is_stmt 1 view -0
  87              		.cfi_startproc
  88              		@ args = 0, pretend = 0, frame = 0
  89              		@ frame_needed = 0, uses_anonymous_args = 0
ARM GAS  /var/folders/v_/kwz_t0cs68g1q1d733r227b80000gn/T//ccBiiJWM.s 			page 4


  90 0000 10B5     		push	{r4, lr}
  91              	.LCFI1:
  92              		.cfi_def_cfa_offset 8
  93              		.cfi_offset 4, -8
  94              		.cfi_offset 14, -4
  86:Core/Src/Tools/Debug.c **** 	  setbuf(stdout,NULL);
  95              		.loc 1 86 4 view .LVU9
  96              		.loc 1 86 11 is_stmt 0 view .LVU10
  97 0002 064C     		ldr	r4, .L7
  98 0004 2368     		ldr	r3, [r4]
  99              		.loc 1 86 4 view .LVU11
 100 0006 0021     		movs	r1, #0
 101 0008 9868     		ldr	r0, [r3, #8]
 102 000a FFF7FEFF 		bl	setbuf
 103              	.LVL6:
  87:Core/Src/Tools/Debug.c **** 	  setbuf(stdin,NULL);
 104              		.loc 1 87 4 is_stmt 1 view .LVU12
 105              		.loc 1 87 11 is_stmt 0 view .LVU13
 106 000e 2368     		ldr	r3, [r4]
 107              		.loc 1 87 4 view .LVU14
 108 0010 0021     		movs	r1, #0
 109 0012 5868     		ldr	r0, [r3, #4]
 110 0014 FFF7FEFF 		bl	setbuf
 111              	.LVL7:
  88:Core/Src/Tools/Debug.c **** }
 112              		.loc 1 88 1 view .LVU15
 113 0018 10BD     		pop	{r4, pc}
 114              	.L8:
 115 001a 00BF     		.align	2
 116              	.L7:
 117 001c 00000000 		.word	_impure_ptr
 118              		.cfi_endproc
 119              	.LFE239:
 121              		.section	.text.Copy_Gain,"ax",%progbits
 122              		.align	1
 123              		.global	Copy_Gain
 124              		.syntax unified
 125              		.thumb
 126              		.thumb_func
 127              		.fpu fpv4-sp-d16
 129              	Copy_Gain:
 130              	.LFB240:
  89:Core/Src/Tools/Debug.c **** void Copy_Gain()
  90:Core/Src/Tools/Debug.c **** {
 131              		.loc 1 90 1 is_stmt 1 view -0
 132              		.cfi_startproc
 133              		@ args = 0, pretend = 0, frame = 64
 134              		@ frame_needed = 0, uses_anonymous_args = 0
 135 0000 30B5     		push	{r4, r5, lr}
 136              	.LCFI2:
 137              		.cfi_def_cfa_offset 12
 138              		.cfi_offset 4, -12
 139              		.cfi_offset 5, -8
 140              		.cfi_offset 14, -4
 141 0002 91B0     		sub	sp, sp, #68
 142              	.LCFI3:
 143              		.cfi_def_cfa_offset 80
ARM GAS  /var/folders/v_/kwz_t0cs68g1q1d733r227b80000gn/T//ccBiiJWM.s 			page 5


  91:Core/Src/Tools/Debug.c **** 	//„Ç≥„Éî„Éº„Åó„Å™„Åè„Å¶„ÇÇ„ÄÅÂçòÂìÅ„ÅßÊõ∏„ÅçËæº„ÇÅ„Çã„ÄÇ
  92:Core/Src/Tools/Debug.c **** 	//„Çª„ÇØ„Çø„ÉºÊ∂àÂéª„Åó„Å¶„ÄÅ‰∏Ä„Å§‰∏Ä„Å§Êõ∏„ÅçËæº„ÇÄ„ÄÇ
  93:Core/Src/Tools/Debug.c **** 	//printf("\r\n„Å©„Åó„Åü„Çì\r\n");
  94:Core/Src/Tools/Debug.c **** 
  95:Core/Src/Tools/Debug.c **** 	uint32_t address = start_adress_sector9;
 144              		.loc 1 95 2 view .LVU17
 145              		.loc 1 95 11 is_stmt 0 view .LVU18
 146 0004 1D4B     		ldr	r3, .L13
 147 0006 1D68     		ldr	r5, [r3]
 148              	.LVL8:
  96:Core/Src/Tools/Debug.c **** 	float data[16]={0};
 149              		.loc 1 96 2 is_stmt 1 view .LVU19
 150              		.loc 1 96 8 is_stmt 0 view .LVU20
 151 0008 4022     		movs	r2, #64
 152 000a 0021     		movs	r1, #0
 153 000c 6846     		mov	r0, sp
 154 000e FFF7FEFF 		bl	memset
 155              	.LVL9:
  97:Core/Src/Tools/Debug.c **** 	data[0] = Pid[L_VELO_PID].KP;
 156              		.loc 1 97 2 is_stmt 1 view .LVU21
 157              		.loc 1 97 27 is_stmt 0 view .LVU22
 158 0012 1B4B     		ldr	r3, .L13+4
 159 0014 D3F8B020 		ldr	r2, [r3, #176]	@ float
 160              		.loc 1 97 10 view .LVU23
 161 0018 0092     		str	r2, [sp]	@ float
  98:Core/Src/Tools/Debug.c **** 	data[1] = Pid[L_VELO_PID].KI;
 162              		.loc 1 98 2 is_stmt 1 view .LVU24
 163              		.loc 1 98 27 is_stmt 0 view .LVU25
 164 001a D3F8B420 		ldr	r2, [r3, #180]	@ float
 165              		.loc 1 98 10 view .LVU26
 166 001e 0192     		str	r2, [sp, #4]	@ float
  99:Core/Src/Tools/Debug.c **** 	data[2] = Pid[L_VELO_PID].KD;
 167              		.loc 1 99 2 is_stmt 1 view .LVU27
 168              		.loc 1 99 27 is_stmt 0 view .LVU28
 169 0020 D3F8B820 		ldr	r2, [r3, #184]	@ float
 170              		.loc 1 99 10 view .LVU29
 171 0024 0292     		str	r2, [sp, #8]	@ float
 100:Core/Src/Tools/Debug.c **** 
 101:Core/Src/Tools/Debug.c **** 	data[3] = Pid[A_VELO_PID].KP;
 172              		.loc 1 101 2 is_stmt 1 view .LVU30
 173              		.loc 1 101 27 is_stmt 0 view .LVU31
 174 0026 1A68     		ldr	r2, [r3]	@ float
 175              		.loc 1 101 10 view .LVU32
 176 0028 0392     		str	r2, [sp, #12]	@ float
 102:Core/Src/Tools/Debug.c **** 	data[4] = Pid[A_VELO_PID].KI;
 177              		.loc 1 102 2 is_stmt 1 view .LVU33
 178              		.loc 1 102 27 is_stmt 0 view .LVU34
 179 002a 5A68     		ldr	r2, [r3, #4]	@ float
 180              		.loc 1 102 10 view .LVU35
 181 002c 0492     		str	r2, [sp, #16]	@ float
 103:Core/Src/Tools/Debug.c **** 	data[5] = Pid[A_VELO_PID].KD;
 182              		.loc 1 103 2 is_stmt 1 view .LVU36
 183              		.loc 1 103 27 is_stmt 0 view .LVU37
 184 002e 9A68     		ldr	r2, [r3, #8]	@ float
 185              		.loc 1 103 10 view .LVU38
 186 0030 0592     		str	r2, [sp, #20]	@ float
 104:Core/Src/Tools/Debug.c **** 
ARM GAS  /var/folders/v_/kwz_t0cs68g1q1d733r227b80000gn/T//ccBiiJWM.s 			page 6


 105:Core/Src/Tools/Debug.c **** 	data[6] = Pid[L_WALL_PID].KP;
 187              		.loc 1 105 2 is_stmt 1 view .LVU39
 188              		.loc 1 105 27 is_stmt 0 view .LVU40
 189 0032 9A6D     		ldr	r2, [r3, #88]	@ float
 190              		.loc 1 105 10 view .LVU41
 191 0034 0692     		str	r2, [sp, #24]	@ float
 106:Core/Src/Tools/Debug.c **** 	data[7] = Pid[L_WALL_PID].KI;
 192              		.loc 1 106 2 is_stmt 1 view .LVU42
 193              		.loc 1 106 27 is_stmt 0 view .LVU43
 194 0036 DA6D     		ldr	r2, [r3, #92]	@ float
 195              		.loc 1 106 10 view .LVU44
 196 0038 0792     		str	r2, [sp, #28]	@ float
 107:Core/Src/Tools/Debug.c **** 	data[8] = Pid[L_WALL_PID].KD;
 197              		.loc 1 107 2 is_stmt 1 view .LVU45
 198              		.loc 1 107 27 is_stmt 0 view .LVU46
 199 003a 1A6E     		ldr	r2, [r3, #96]	@ float
 200              		.loc 1 107 10 view .LVU47
 201 003c 0892     		str	r2, [sp, #32]	@ float
 108:Core/Src/Tools/Debug.c **** 
 109:Core/Src/Tools/Debug.c **** 	data[9] = Pid[R_WALL_PID].KP;
 202              		.loc 1 109 2 is_stmt 1 view .LVU48
 203              		.loc 1 109 27 is_stmt 0 view .LVU49
 204 003e D3F88420 		ldr	r2, [r3, #132]	@ float
 205              		.loc 1 109 10 view .LVU50
 206 0042 0992     		str	r2, [sp, #36]	@ float
 110:Core/Src/Tools/Debug.c **** 	data[10] = Pid[R_WALL_PID].KI;
 207              		.loc 1 110 2 is_stmt 1 view .LVU51
 208              		.loc 1 110 28 is_stmt 0 view .LVU52
 209 0044 D3F88820 		ldr	r2, [r3, #136]	@ float
 210              		.loc 1 110 11 view .LVU53
 211 0048 0A92     		str	r2, [sp, #40]	@ float
 111:Core/Src/Tools/Debug.c **** 	data[11] = Pid[R_WALL_PID].KD;
 212              		.loc 1 111 2 is_stmt 1 view .LVU54
 213              		.loc 1 111 28 is_stmt 0 view .LVU55
 214 004a D3F88C20 		ldr	r2, [r3, #140]	@ float
 215              		.loc 1 111 11 view .LVU56
 216 004e 0B92     		str	r2, [sp, #44]	@ float
 112:Core/Src/Tools/Debug.c **** 
 113:Core/Src/Tools/Debug.c **** 	data[12] = Pid[D_WALL_PID].KP;
 217              		.loc 1 113 2 is_stmt 1 view .LVU57
 218              		.loc 1 113 28 is_stmt 0 view .LVU58
 219 0050 DA6A     		ldr	r2, [r3, #44]	@ float
 220              		.loc 1 113 11 view .LVU59
 221 0052 0C92     		str	r2, [sp, #48]	@ float
 114:Core/Src/Tools/Debug.c **** 	data[13] = Pid[D_WALL_PID].KI;
 222              		.loc 1 114 2 is_stmt 1 view .LVU60
 223              		.loc 1 114 28 is_stmt 0 view .LVU61
 224 0054 1A6B     		ldr	r2, [r3, #48]	@ float
 225              		.loc 1 114 11 view .LVU62
 226 0056 0D92     		str	r2, [sp, #52]	@ float
 115:Core/Src/Tools/Debug.c **** 	data[14] = Pid[D_WALL_PID].KD;
 227              		.loc 1 115 2 is_stmt 1 view .LVU63
 228              		.loc 1 115 28 is_stmt 0 view .LVU64
 229 0058 5B6B     		ldr	r3, [r3, #52]	@ float
 230              		.loc 1 115 11 view .LVU65
 231 005a 0E93     		str	r3, [sp, #56]	@ float
 116:Core/Src/Tools/Debug.c **** 	for(int i=0; i < 15; i++)
ARM GAS  /var/folders/v_/kwz_t0cs68g1q1d733r227b80000gn/T//ccBiiJWM.s 			page 7


 232              		.loc 1 116 2 is_stmt 1 view .LVU66
 233              	.LBB2:
 234              		.loc 1 116 6 view .LVU67
 235              	.LVL10:
 236              		.loc 1 116 10 is_stmt 0 view .LVU68
 237 005c 0024     		movs	r4, #0
 238              		.loc 1 116 2 view .LVU69
 239 005e 09E0     		b	.L10
 240              	.LVL11:
 241              	.L11:
 117:Core/Src/Tools/Debug.c **** 	{
 118:Core/Src/Tools/Debug.c **** 
 119:Core/Src/Tools/Debug.c **** 		FLASH_Write_Word_F( address, data[i]);
 242              		.loc 1 119 3 is_stmt 1 discriminator 3 view .LVU70
 243 0060 10AB     		add	r3, sp, #64
 244 0062 03EB8403 		add	r3, r3, r4, lsl #2
 245 0066 13ED100A 		vldr.32	s0, [r3, #-64]
 246 006a 2846     		mov	r0, r5
 247 006c FFF7FEFF 		bl	FLASH_Write_Word_F
 248              	.LVL12:
 120:Core/Src/Tools/Debug.c **** 		address += 0x04;
 249              		.loc 1 120 3 discriminator 3 view .LVU71
 250              		.loc 1 120 11 is_stmt 0 discriminator 3 view .LVU72
 251 0070 0435     		adds	r5, r5, #4
 252              	.LVL13:
 116:Core/Src/Tools/Debug.c **** 	for(int i=0; i < 15; i++)
 253              		.loc 1 116 23 is_stmt 1 discriminator 3 view .LVU73
 116:Core/Src/Tools/Debug.c **** 	for(int i=0; i < 15; i++)
 254              		.loc 1 116 24 is_stmt 0 discriminator 3 view .LVU74
 255 0072 0134     		adds	r4, r4, #1
 256              	.LVL14:
 257              	.L10:
 116:Core/Src/Tools/Debug.c **** 	for(int i=0; i < 15; i++)
 258              		.loc 1 116 15 is_stmt 1 discriminator 1 view .LVU75
 116:Core/Src/Tools/Debug.c **** 	for(int i=0; i < 15; i++)
 259              		.loc 1 116 2 is_stmt 0 discriminator 1 view .LVU76
 260 0074 0E2C     		cmp	r4, #14
 261 0076 F3DD     		ble	.L11
 116:Core/Src/Tools/Debug.c **** 	for(int i=0; i < 15; i++)
 262              		.loc 1 116 2 discriminator 1 view .LVU77
 263              	.LBE2:
 121:Core/Src/Tools/Debug.c **** 	}
 122:Core/Src/Tools/Debug.c **** 
 123:Core/Src/Tools/Debug.c **** 
 124:Core/Src/Tools/Debug.c **** 	//printf("\r\n„ÅØ„Å™„Åó„Åç„Åì„ÅãÔºü\r\n");
 125:Core/Src/Tools/Debug.c **** 	//Ëµ∑ÂãïÊôÇ„Å´Copy_Gain„ÇíÂÆüË°å„Åô„Çã
 126:Core/Src/Tools/Debug.c **** 	//Flash_clear_sector9();
 127:Core/Src/Tools/Debug.c **** 
 128:Core/Src/Tools/Debug.c **** }
 264              		.loc 1 128 1 view .LVU78
 265 0078 11B0     		add	sp, sp, #68
 266              	.LCFI4:
 267              		.cfi_def_cfa_offset 12
 268              		@ sp needed
 269 007a 30BD     		pop	{r4, r5, pc}
 270              	.LVL15:
 271              	.L14:
ARM GAS  /var/folders/v_/kwz_t0cs68g1q1d733r227b80000gn/T//ccBiiJWM.s 			page 8


 272              		.loc 1 128 1 view .LVU79
 273              		.align	2
 274              	.L13:
 275 007c 00000000 		.word	start_adress_sector9
 276 0080 00000000 		.word	Pid
 277              		.cfi_endproc
 278              	.LFE240:
 280              		.global	__aeabi_f2d
 281              		.section	.rodata.Load_Gain.str1.4,"aMS",%progbits,1
 282              		.align	2
 283              	.LC0:
 284 0000 25642C20 		.ascii	"%d, %f\015\012\000"
 284      25660D0A 
 284      00
 285 0009 000000   		.align	2
 286              	.LC1:
 287 000c 6A756467 		.ascii	"judge : %d\015\012\000"
 287      65203A20 
 287      25640D0A 
 287      00
 288 0019 000000   		.align	2
 289              	.LC2:
 290 001c 25640D0A 		.ascii	"%d\015\012\000"
 290      00
 291 0021 000000   		.align	2
 292              	.LC3:
 293 0024 E38387E3 		.ascii	"\343\203\207\343\203\225\343\202\251\343\203\253\343"
 293      8395E382 
 293      A9E383AB 
 293      E3
 294 0031 8388E382 		.ascii	"\203\210\343\202\262\343\202\244\343\203\263\343\202"
 294      B2E382A4 
 294      E383B3E3 
 294      82
 295 003e BBE38383 		.ascii	"\273\343\203\203\343\203\210\015\000"
 295      E383880D 
 295      00
 296              		.section	.text.Load_Gain,"ax",%progbits
 297              		.align	1
 298              		.global	Load_Gain
 299              		.syntax unified
 300              		.thumb
 301              		.thumb_func
 302              		.fpu fpv4-sp-d16
 304              	Load_Gain:
 305              	.LFB241:
 129:Core/Src/Tools/Debug.c **** void Load_Gain()
 130:Core/Src/Tools/Debug.c **** {
 306              		.loc 1 130 1 is_stmt 1 view -0
 307              		.cfi_startproc
 308              		@ args = 0, pretend = 0, frame = 64
 309              		@ frame_needed = 0, uses_anonymous_args = 0
 310 0000 F0B5     		push	{r4, r5, r6, r7, lr}
 311              	.LCFI5:
 312              		.cfi_def_cfa_offset 20
 313              		.cfi_offset 4, -20
 314              		.cfi_offset 5, -16
ARM GAS  /var/folders/v_/kwz_t0cs68g1q1d733r227b80000gn/T//ccBiiJWM.s 			page 9


 315              		.cfi_offset 6, -12
 316              		.cfi_offset 7, -8
 317              		.cfi_offset 14, -4
 318 0002 2DED048B 		vpush.64	{d8, d9}
 319              	.LCFI6:
 320              		.cfi_def_cfa_offset 36
 321              		.cfi_offset 80, -36
 322              		.cfi_offset 81, -32
 323              		.cfi_offset 82, -28
 324              		.cfi_offset 83, -24
 325 0006 91B0     		sub	sp, sp, #68
 326              	.LCFI7:
 327              		.cfi_def_cfa_offset 104
 131:Core/Src/Tools/Debug.c **** 
 132:Core/Src/Tools/Debug.c **** 	//flash„Åã„ÇâÂ§âÊï∞„Å´Ë™≠„ÅøÂá∫„Åó„ÄÇ
 133:Core/Src/Tools/Debug.c **** 	//ÈùûÊï∞„ÅÆÊï∞Êï∞„Åà„Å¶„ÄÅÂÖ®ÈÉ®„Åù„ÅÜ„Å†„Å£„Åü„Çâ„Åù„ÅÆ„Åæ„Åæ
 134:Core/Src/Tools/Debug.c **** 	//„Åù„ÅÜ„Åß„Å™„Åë„Çå„Å∞Ë™≠„Åø„Å†„Åó„ÅüÂÄ§„ÅØÂÖ®„Å¶„Ç≤„Ç§„É≥„Å®„Åó„Å¶‰ª£ÂÖ•
 135:Core/Src/Tools/Debug.c **** 	//Flash_load_sector9();
 136:Core/Src/Tools/Debug.c **** 
 137:Core/Src/Tools/Debug.c **** 	//Ë™≠„ÅøÂá∫„Åó
 138:Core/Src/Tools/Debug.c **** 	uint32_t address = start_adress_sector9;//„Åì„Å£„Å°„Åã
 328              		.loc 1 138 2 view .LVU81
 329              		.loc 1 138 11 is_stmt 0 view .LVU82
 330 0008 624B     		ldr	r3, .L24
 331 000a 1E68     		ldr	r6, [r3]
 332              	.LVL16:
 139:Core/Src/Tools/Debug.c **** 	float data[16]={0};//1ÂÄãÂ§ö„ÅèË¶ÅÁ¥†„Çí‰Ωú„Çã„ÄÇ
 333              		.loc 1 139 2 is_stmt 1 view .LVU83
 334              		.loc 1 139 8 is_stmt 0 view .LVU84
 335 000c 4022     		movs	r2, #64
 336 000e 0021     		movs	r1, #0
 337 0010 6846     		mov	r0, sp
 338 0012 FFF7FEFF 		bl	memset
 339              	.LVL17:
 140:Core/Src/Tools/Debug.c **** 
 141:Core/Src/Tools/Debug.c **** 	//„ÉÅ„Çß„ÉÉ„ÇØ
 142:Core/Src/Tools/Debug.c **** 	int judge;
 340              		.loc 1 142 2 is_stmt 1 view .LVU85
 143:Core/Src/Tools/Debug.c **** 	uint8_t j=0;
 341              		.loc 1 143 2 view .LVU86
 144:Core/Src/Tools/Debug.c **** 	for(int i=0; i < 15; i++)
 342              		.loc 1 144 2 view .LVU87
 343              	.LBB3:
 344              		.loc 1 144 6 view .LVU88
 345              		.loc 1 144 10 is_stmt 0 view .LVU89
 346 0016 0025     		movs	r5, #0
 347              	.LBE3:
 143:Core/Src/Tools/Debug.c **** 	uint8_t j=0;
 348              		.loc 1 143 10 view .LVU90
 349 0018 2F46     		mov	r7, r5
 350              	.LBB4:
 351              		.loc 1 144 2 view .LVU91
 352 001a 00E0     		b	.L16
 353              	.LVL18:
 354              	.L17:
 355              		.loc 1 144 23 is_stmt 1 discriminator 2 view .LVU92
 356              		.loc 1 144 24 is_stmt 0 discriminator 2 view .LVU93
ARM GAS  /var/folders/v_/kwz_t0cs68g1q1d733r227b80000gn/T//ccBiiJWM.s 			page 10


 357 001c 0135     		adds	r5, r5, #1
 358              	.LVL19:
 359              	.L16:
 360              		.loc 1 144 15 is_stmt 1 discriminator 1 view .LVU94
 361              		.loc 1 144 2 is_stmt 0 discriminator 1 view .LVU95
 362 001e 0E2D     		cmp	r5, #14
 363 0020 28DC     		bgt	.L22
 145:Core/Src/Tools/Debug.c **** 	{
 146:Core/Src/Tools/Debug.c **** 		FLASH_Read_Word_F( address, &data[i]);
 364              		.loc 1 146 3 is_stmt 1 view .LVU96
 365 0022 AC00     		lsls	r4, r5, #2
 366 0024 0DEB8501 		add	r1, sp, r5, lsl #2
 367 0028 3046     		mov	r0, r6
 368 002a FFF7FEFF 		bl	FLASH_Read_Word_F
 369              	.LVL20:
 147:Core/Src/Tools/Debug.c **** 		address += 0x04;
 370              		.loc 1 147 3 view .LVU97
 371              		.loc 1 147 11 is_stmt 0 view .LVU98
 372 002e 0436     		adds	r6, r6, #4
 373              	.LVL21:
 148:Core/Src/Tools/Debug.c **** 		printf("%d, %f\r\n",i,data[i]);
 374              		.loc 1 148 3 is_stmt 1 view .LVU99
 375              		.loc 1 148 29 is_stmt 0 view .LVU100
 376 0030 04F14003 		add	r3, r4, #64
 377 0034 0DEB0304 		add	r4, sp, r3
 378              		.loc 1 148 3 view .LVU101
 379 0038 54F8400C 		ldr	r0, [r4, #-64]	@ float
 380 003c FFF7FEFF 		bl	__aeabi_f2d
 381              	.LVL22:
 382 0040 0246     		mov	r2, r0
 383 0042 0B46     		mov	r3, r1
 384 0044 2946     		mov	r1, r5
 385 0046 5448     		ldr	r0, .L24+4
 386 0048 FFF7FEFF 		bl	printf
 387              	.LVL23:
 149:Core/Src/Tools/Debug.c **** 		judge = isnanf(data[i]); //nan„Åß„Å™„Åë„Çå„Å∞0
 388              		.loc 1 149 3 is_stmt 1 view .LVU102
 389              		.loc 1 149 22 is_stmt 0 view .LVU103
 390 004c 14ED108A 		vldr.32	s16, [r4, #-64]
 391              		.loc 1 149 11 view .LVU104
 392 0050 B4EE488A 		vcmp.f32	s16, s16
 393 0054 F1EE10FA 		vmrs	APSR_nzcv, FPSCR
 394              	.LVL24:
 150:Core/Src/Tools/Debug.c **** 		printf("judge : %d\r\n", judge);
 395              		.loc 1 150 3 is_stmt 1 view .LVU105
 396 0058 6CBF     		ite	vs
 397 005a 0121     		movvs	r1, #1
 398 005c 0021     		movvc	r1, #0
 399 005e 4F48     		ldr	r0, .L24+8
 400 0060 FFF7FEFF 		bl	printf
 401              	.LVL25:
 151:Core/Src/Tools/Debug.c **** 		if(judge == 1) //„Ç≥„É≥„Éë„Ç§„É©„Åßisnanf„ÅÆÁµêÊûú„ÅåÂ§â„Çè„Çã
 402              		.loc 1 151 3 view .LVU106
 403              		.loc 1 151 5 is_stmt 0 view .LVU107
 404 0064 B4EE488A 		vcmp.f32	s16, s16
 405              	.LVL26:
 406              		.loc 1 151 5 view .LVU108
ARM GAS  /var/folders/v_/kwz_t0cs68g1q1d733r227b80000gn/T//ccBiiJWM.s 			page 11


 407 0068 F1EE10FA 		vmrs	APSR_nzcv, FPSCR
 408 006c D6D7     		bvc	.L17
 152:Core/Src/Tools/Debug.c **** 		{
 153:Core/Src/Tools/Debug.c **** 			j++;
 409              		.loc 1 153 4 is_stmt 1 view .LVU109
 410              		.loc 1 153 5 is_stmt 0 view .LVU110
 411 006e 0137     		adds	r7, r7, #1
 412              	.LVL27:
 413              		.loc 1 153 5 view .LVU111
 414 0070 FFB2     		uxtb	r7, r7
 415              	.LVL28:
 416              		.loc 1 153 5 view .LVU112
 417 0072 D3E7     		b	.L17
 418              	.LVL29:
 419              	.L22:
 420              		.loc 1 153 5 view .LVU113
 421              	.LBE4:
 154:Core/Src/Tools/Debug.c **** 		}
 155:Core/Src/Tools/Debug.c **** 		//nan„Å™„Çâ0‰ª•Â§ñ„Å™„ÅÆ„Åßnan„ÅÆÊï∞„ÇíÊï∞„Åà„Çã
 156:Core/Src/Tools/Debug.c **** 
 157:Core/Src/Tools/Debug.c **** 
 158:Core/Src/Tools/Debug.c **** 	}
 159:Core/Src/Tools/Debug.c **** 	//Ëµ∑ÂãïÊôÇ„ÄÅflash„Å´0„Åå„Åü„Åè„Åï„Çì„ÄÇ„Åù„ÅÆ„Å®„Åç„ÅØ‰Ωï„ÇÇ„Åó„Å™„ÅÑ
 160:Core/Src/Tools/Debug.c **** 	//Êï∞Â≠ó„ÅåÂÖ•„Å£„Å¶„ÅÑ„Çå„Å∞„ÄÅ„Åù„Çå„ÇíÂÖ•„Çå„Çã
 161:Core/Src/Tools/Debug.c **** 	printf("%d\r\n",j);
 422              		.loc 1 161 2 is_stmt 1 view .LVU114
 423 0074 3946     		mov	r1, r7
 424 0076 4A48     		ldr	r0, .L24+12
 425 0078 FFF7FEFF 		bl	printf
 426              	.LVL30:
 162:Core/Src/Tools/Debug.c **** 		if(j == 15)//ÂÖ®„Å¶nan0„Åß„ÅÇ„Çå„Å∞
 427              		.loc 1 162 3 view .LVU115
 428              		.loc 1 162 5 is_stmt 0 view .LVU116
 429 007c 0F2F     		cmp	r7, #15
 430 007e 39D0     		beq	.L23
 163:Core/Src/Tools/Debug.c **** 		{
 164:Core/Src/Tools/Debug.c **** 			printf("„Éá„Éï„Ç©„É´„Éà„Ç≤„Ç§„É≥„Çª„ÉÉ„Éà\r\n");
 165:Core/Src/Tools/Debug.c **** 			//‰Ωï„ÇÇÂÖ•„Å£„Å¶„ÅÑ„Å™„ÅÑ„Å®„Åç„ÅØ„ÄÅ„Éá„Éï„Ç©„É´„ÉàÂÄ§„ÇíÊõ∏„ÅçËæº„ÇÄ
 166:Core/Src/Tools/Debug.c **** 		  PIDSetGain(L_VELO_PID, 14.6, 2800,0.001);
 167:Core/Src/Tools/Debug.c **** 		  PIDSetGain(R_VELO_PID, 14.6, 2800,0.001);
 168:Core/Src/Tools/Debug.c **** 
 169:Core/Src/Tools/Debug.c **** 		  PIDSetGain(A_VELO_PID, 14.6,0,0);//28.6379,340.0855,0.21289);//17.4394, 321.233, 0.12492);
 170:Core/Src/Tools/Debug.c **** 		  PIDSetGain(F_WALL_PID, 14.6,0,0);
 171:Core/Src/Tools/Debug.c **** 		  PIDSetGain(D_WALL_PID, 6, 4, 0	);//3.2,0,0);/4.5,1.5,0.003);//3.6, 20, 0);//5.2//ÈÄüÂ∫¶Âà∂Âæ°
 172:Core/Src/Tools/Debug.c **** 		  PIDSetGain(L_WALL_PID, 12,8,0);//6.4,0,0);//9,3,0.006);//1.8, 10, 0);
 173:Core/Src/Tools/Debug.c **** 		  PIDSetGain(R_WALL_PID, 12,8,0);//6.4,0,0);//9,3,0.006);//1.8, 10, 0);
 174:Core/Src/Tools/Debug.c **** 
 175:Core/Src/Tools/Debug.c **** 			Flash_clear_sector9();
 176:Core/Src/Tools/Debug.c **** 			//printf("\r\n„Å©„ÇÑ\r\n");
 177:Core/Src/Tools/Debug.c **** 			Copy_Gain();
 178:Core/Src/Tools/Debug.c **** 			//„Åü„Åæ„Å´„ÄÅÊõ∏„ÅçÊèõ„Åà„Åü„ÅÆ„Å´flash„ÅÆ‰∏≠Ë∫´„ÅåÊ∂à„Åà„Å¶„Åì„Å£„Å°„ÅÆÂá¶ÁêÜ„Å´„Å™„ÇãÔºü
 179:Core/Src/Tools/Debug.c **** 		}
 180:Core/Src/Tools/Debug.c **** 		//„Åù„ÅÜ„Åß„Å™„Åë„Çå„Å∞„ÄÅ„Ç≤„Ç§„É≥„Å´‰ª£ÂÖ•
 181:Core/Src/Tools/Debug.c **** 		else
 182:Core/Src/Tools/Debug.c **** 		{
 183:Core/Src/Tools/Debug.c **** //			Pid[L_VELO_PID].KP = data[0];
 184:Core/Src/Tools/Debug.c **** //			Pid[L_VELO_PID].KI = data[1];
ARM GAS  /var/folders/v_/kwz_t0cs68g1q1d733r227b80000gn/T//ccBiiJWM.s 			page 12


 185:Core/Src/Tools/Debug.c **** //			Pid[L_VELO_PID].KD = data[2];
 186:Core/Src/Tools/Debug.c **** //
 187:Core/Src/Tools/Debug.c **** //			Pid[A_VELO_PID].KP = data[3];
 188:Core/Src/Tools/Debug.c **** //			Pid[A_VELO_PID].KI = data[4];
 189:Core/Src/Tools/Debug.c **** //			Pid[A_VELO_PID].KD = data[5];
 190:Core/Src/Tools/Debug.c **** //
 191:Core/Src/Tools/Debug.c **** //			Pid[L_WALL_PID].KP = data[6];
 192:Core/Src/Tools/Debug.c **** //			Pid[L_WALL_PID].KI = data[7];
 193:Core/Src/Tools/Debug.c **** //			Pid[L_WALL_PID].KD = data[8];
 194:Core/Src/Tools/Debug.c **** 			//2ÂõûÁõÆ‰ª•Èôç„Åì„Å£„Å°„ÅåÂëº„Å∞„Çå„Çã
 195:Core/Src/Tools/Debug.c **** 			PIDSetGain(L_VELO_PID, data[0], data[1], data[2]);
 431              		.loc 1 195 4 is_stmt 1 view .LVU117
 432 0080 9DED021A 		vldr.32	s2, [sp, #8]
 433 0084 DDED010A 		vldr.32	s1, [sp, #4]
 434 0088 9DED000A 		vldr.32	s0, [sp]
 435 008c 0420     		movs	r0, #4
 436 008e FFF7FEFF 		bl	PIDSetGain
 437              	.LVL31:
 196:Core/Src/Tools/Debug.c **** 			PIDSetGain(R_VELO_PID, data[0], data[1], data[2]);
 438              		.loc 1 196 4 view .LVU118
 439 0092 9DED021A 		vldr.32	s2, [sp, #8]
 440 0096 DDED010A 		vldr.32	s1, [sp, #4]
 441 009a 9DED000A 		vldr.32	s0, [sp]
 442 009e 0520     		movs	r0, #5
 443 00a0 FFF7FEFF 		bl	PIDSetGain
 444              	.LVL32:
 197:Core/Src/Tools/Debug.c **** 			//PIDSetGain(R_VELO_PID, data[0], data[1], data[2]);
 198:Core/Src/Tools/Debug.c **** 			//PIDSetGain(B_VELO, 1.1941, 33.5232, 0.0059922);
 199:Core/Src/Tools/Debug.c **** 			//28.6379,340.0855,0.21289);//17.4394, 321.233, 0.12492);
 200:Core/Src/Tools/Debug.c **** 			PIDSetGain(A_VELO_PID, data[3], data[4], data[5]);//28.6379,340.0855,0.21289);//17.4394, 321.233
 445              		.loc 1 200 4 view .LVU119
 446 00a4 9DED051A 		vldr.32	s2, [sp, #20]
 447 00a8 DDED040A 		vldr.32	s1, [sp, #16]
 448 00ac 9DED030A 		vldr.32	s0, [sp, #12]
 449 00b0 0020     		movs	r0, #0
 450 00b2 FFF7FEFF 		bl	PIDSetGain
 451              	.LVL33:
 201:Core/Src/Tools/Debug.c **** 			//I„ÅØÁ©çÂàÜ=ÂÅèÂ∑Æ„ÇíÊ∂à„Åô„ÄÇ„Ç≤„Ç§„É≥„ÅåÂ§ß„Åç„ÅÑ„Å®ÂÅèÂ∑Æ„ÅåÁ∏Æ„Åæ„Çã„Åå„ÄÅÂèéÊùü„Åå„ÅØ„ÇÑ„Å
 202:Core/Src/Tools/Debug.c **** 			//D„ÅØÂæÆÂàÜ= ÊåØÂãï„ÇíÊäë„Åà„Çâ„Çå„Çã„Å∂„ÇìÂèéÊùü„ÅåÈÅÖ„Åè„Å™„Çã„ÄÇ
 203:Core/Src/Tools/Debug.c **** 			//PIDSetGain(D_WALL_PID, data[0], data[1], data[2]);
 204:Core/Src/Tools/Debug.c **** 			PIDSetGain(L_WALL_PID, data[6], data[7], data[8]);
 452              		.loc 1 204 4 view .LVU120
 453 00b6 9DED081A 		vldr.32	s2, [sp, #32]
 454 00ba DDED070A 		vldr.32	s1, [sp, #28]
 455 00be 9DED060A 		vldr.32	s0, [sp, #24]
 456 00c2 0220     		movs	r0, #2
 457 00c4 FFF7FEFF 		bl	PIDSetGain
 458              	.LVL34:
 205:Core/Src/Tools/Debug.c **** 			PIDSetGain(R_WALL_PID, data[9], data[10], data[11]);
 459              		.loc 1 205 4 view .LVU121
 460 00c8 9DED0B1A 		vldr.32	s2, [sp, #44]
 461 00cc DDED0A0A 		vldr.32	s1, [sp, #40]
 462 00d0 9DED090A 		vldr.32	s0, [sp, #36]
 463 00d4 0320     		movs	r0, #3
 464 00d6 FFF7FEFF 		bl	PIDSetGain
 465              	.LVL35:
 206:Core/Src/Tools/Debug.c **** 			PIDSetGain(D_WALL_PID, data[12], data[13], data[14]);
ARM GAS  /var/folders/v_/kwz_t0cs68g1q1d733r227b80000gn/T//ccBiiJWM.s 			page 13


 466              		.loc 1 206 4 view .LVU122
 467 00da 9DED0E1A 		vldr.32	s2, [sp, #56]
 468 00de DDED0D0A 		vldr.32	s1, [sp, #52]
 469 00e2 9DED0C0A 		vldr.32	s0, [sp, #48]
 470 00e6 0120     		movs	r0, #1
 471 00e8 FFF7FEFF 		bl	PIDSetGain
 472              	.LVL36:
 473              	.L15:
 207:Core/Src/Tools/Debug.c **** 			//PIDSetGain(R_WALL_PID, data[0], data[1], data[2]);
 208:Core/Src/Tools/Debug.c **** 		}
 209:Core/Src/Tools/Debug.c **** 
 210:Core/Src/Tools/Debug.c **** }
 474              		.loc 1 210 1 is_stmt 0 view .LVU123
 475 00ec 11B0     		add	sp, sp, #68
 476              	.LCFI8:
 477              		.cfi_remember_state
 478              		.cfi_def_cfa_offset 36
 479              		@ sp needed
 480 00ee BDEC048B 		vldm	sp!, {d8-d9}
 481              	.LCFI9:
 482              		.cfi_restore 82
 483              		.cfi_restore 83
 484              		.cfi_restore 80
 485              		.cfi_restore 81
 486              		.cfi_def_cfa_offset 20
 487 00f2 F0BD     		pop	{r4, r5, r6, r7, pc}
 488              	.LVL37:
 489              	.L23:
 490              	.LCFI10:
 491              		.cfi_restore_state
 164:Core/Src/Tools/Debug.c **** 			//‰Ωï„ÇÇÂÖ•„Å£„Å¶„ÅÑ„Å™„ÅÑ„Å®„Åç„ÅØ„ÄÅ„Éá„Éï„Ç©„É´„ÉàÂÄ§„ÇíÊõ∏„ÅçËæº„ÇÄ
 492              		.loc 1 164 4 is_stmt 1 view .LVU124
 493 00f4 2B48     		ldr	r0, .L24+16
 494 00f6 FFF7FEFF 		bl	puts
 495              	.LVL38:
 166:Core/Src/Tools/Debug.c **** 		  PIDSetGain(R_VELO_PID, 14.6, 2800,0.001);
 496              		.loc 1 166 5 view .LVU125
 497 00fa 9FED2B9A 		vldr.32	s18, .L24+20
 498 00fe 9FED2B8A 		vldr.32	s16, .L24+24
 499 0102 DFED2B8A 		vldr.32	s17, .L24+28
 500 0106 B0EE491A 		vmov.f32	s2, s18
 501 010a F0EE480A 		vmov.f32	s1, s16
 502 010e B0EE680A 		vmov.f32	s0, s17
 503 0112 0420     		movs	r0, #4
 504 0114 FFF7FEFF 		bl	PIDSetGain
 505              	.LVL39:
 167:Core/Src/Tools/Debug.c **** 
 506              		.loc 1 167 5 view .LVU126
 507 0118 B0EE491A 		vmov.f32	s2, s18
 508 011c F0EE480A 		vmov.f32	s1, s16
 509 0120 B0EE680A 		vmov.f32	s0, s17
 510 0124 0520     		movs	r0, #5
 511 0126 FFF7FEFF 		bl	PIDSetGain
 512              	.LVL40:
 169:Core/Src/Tools/Debug.c **** 		  PIDSetGain(F_WALL_PID, 14.6,0,0);
 513              		.loc 1 169 5 view .LVU127
 514 012a 9FED228A 		vldr.32	s16, .L24+32
ARM GAS  /var/folders/v_/kwz_t0cs68g1q1d733r227b80000gn/T//ccBiiJWM.s 			page 14


 515 012e B0EE481A 		vmov.f32	s2, s16
 516 0132 F0EE480A 		vmov.f32	s1, s16
 517 0136 B0EE680A 		vmov.f32	s0, s17
 518 013a 0020     		movs	r0, #0
 519 013c FFF7FEFF 		bl	PIDSetGain
 520              	.LVL41:
 170:Core/Src/Tools/Debug.c **** 		  PIDSetGain(D_WALL_PID, 6, 4, 0	);//3.2,0,0);/4.5,1.5,0.003);//3.6, 20, 0);//5.2//ÈÄüÂ∫¶Âà∂Âæ°
 521              		.loc 1 170 5 view .LVU128
 522 0140 B0EE481A 		vmov.f32	s2, s16
 523 0144 F0EE480A 		vmov.f32	s1, s16
 524 0148 B0EE680A 		vmov.f32	s0, s17
 525 014c 0820     		movs	r0, #8
 526 014e FFF7FEFF 		bl	PIDSetGain
 527              	.LVL42:
 171:Core/Src/Tools/Debug.c **** 		  PIDSetGain(L_WALL_PID, 12,8,0);//6.4,0,0);//9,3,0.006);//1.8, 10, 0);
 528              		.loc 1 171 5 view .LVU129
 529 0152 B0EE481A 		vmov.f32	s2, s16
 530 0156 F1EE000A 		vmov.f32	s1, #4.0e+0
 531 015a B1EE080A 		vmov.f32	s0, #6.0e+0
 532 015e 0120     		movs	r0, #1
 533 0160 FFF7FEFF 		bl	PIDSetGain
 534              	.LVL43:
 172:Core/Src/Tools/Debug.c **** 		  PIDSetGain(R_WALL_PID, 12,8,0);//6.4,0,0);//9,3,0.006);//1.8, 10, 0);
 535              		.loc 1 172 5 view .LVU130
 536 0164 B0EE481A 		vmov.f32	s2, s16
 537 0168 F2EE000A 		vmov.f32	s1, #8.0e+0
 538 016c B2EE080A 		vmov.f32	s0, #1.2e+1
 539 0170 0220     		movs	r0, #2
 540 0172 FFF7FEFF 		bl	PIDSetGain
 541              	.LVL44:
 173:Core/Src/Tools/Debug.c **** 
 542              		.loc 1 173 5 view .LVU131
 543 0176 B0EE481A 		vmov.f32	s2, s16
 544 017a F2EE000A 		vmov.f32	s1, #8.0e+0
 545 017e B2EE080A 		vmov.f32	s0, #1.2e+1
 546 0182 0320     		movs	r0, #3
 547 0184 FFF7FEFF 		bl	PIDSetGain
 548              	.LVL45:
 175:Core/Src/Tools/Debug.c **** 			//printf("\r\n„Å©„ÇÑ\r\n");
 549              		.loc 1 175 4 view .LVU132
 550 0188 FFF7FEFF 		bl	Flash_clear_sector9
 551              	.LVL46:
 177:Core/Src/Tools/Debug.c **** 			//„Åü„Åæ„Å´„ÄÅÊõ∏„ÅçÊèõ„Åà„Åü„ÅÆ„Å´flash„ÅÆ‰∏≠Ë∫´„ÅåÊ∂à„Åà„Å¶„Åì„Å£„Å°„ÅÆÂá¶ÁêÜ„Å´„Å™„ÇãÔºü
 552              		.loc 1 177 4 view .LVU133
 553 018c FFF7FEFF 		bl	Copy_Gain
 554              	.LVL47:
 555 0190 ACE7     		b	.L15
 556              	.L25:
 557 0192 00BF     		.align	2
 558              	.L24:
 559 0194 00000000 		.word	start_adress_sector9
 560 0198 00000000 		.word	.LC0
 561 019c 0C000000 		.word	.LC1
 562 01a0 1C000000 		.word	.LC2
 563 01a4 24000000 		.word	.LC3
 564 01a8 6F12833A 		.word	981668463
 565 01ac 00002F45 		.word	1160708096
ARM GAS  /var/folders/v_/kwz_t0cs68g1q1d733r227b80000gn/T//ccBiiJWM.s 			page 15


 566 01b0 9A996941 		.word	1097439642
 567 01b4 00000000 		.word	0
 568              		.cfi_endproc
 569              	.LFE241:
 571              		.section	.rodata.Change_Gain.str1.4,"aMS",%progbits,1
 572              		.align	2
 573              	.LC4:
 574 0000 E78FBEE5 		.ascii	"\347\217\276\345\234\250\343\201\256PID\343\202\262"
 574      9CA8E381 
 574      AE504944 
 574      E382B2
 575 000f E382A4E3 		.ascii	"\343\202\244\343\203\263\015\000"
 575      83B30D00 
 576 0017 00       		.align	2
 577              	.LC5:
 578 0018 5B315D20 		.ascii	"[1] \350\273\212\350\274\252\345\267\246\345\217\263"
 578      E8BB8AE8 
 578      BCAAE5B7 
 578      A6E58FB3 
 579 0028 203A2025 		.ascii	" : %f, %f, %f\015\012\000"
 579      662C2025 
 579      662C2025 
 579      660D0A00 
 580              		.align	2
 581              	.LC6:
 582 0038 5B325D20 		.ascii	"[2] \350\247\222\345\272\246 : %f, %f, %f\015\012\000"
 582      E8A792E5 
 582      BAA6203A 
 582      2025662C 
 582      2025662C 
 583 0052 0000     		.align	2
 584              	.LC7:
 585 0054 5B335D20 		.ascii	"[3] \345\267\246\345\243\201 : %f, %f, %f\015\012\000"
 585      E5B7A6E5 
 585      A381203A 
 585      2025662C 
 585      2025662C 
 586 006e 0000     		.align	2
 587              	.LC8:
 588 0070 5B345D20 		.ascii	"[4] \345\217\263\345\243\201 : %f, %f, %f\015\012\000"
 588      E58FB3E5 
 588      A381203A 
 588      2025662C 
 588      2025662C 
 589 008a 0000     		.align	2
 590              	.LC9:
 591 008c 5B355D20 		.ascii	"[5] \344\270\241\345\243\201 : %f, %f, %f\015\012\000"
 591      E4B8A1E5 
 591      A381203A 
 591      2025662C 
 591      2025662C 
 592 00a6 0000     		.align	2
 593              	.LC10:
 594 00a8 E383A2E3 		.ascii	"\343\203\242\343\203\274\343\203\211(0\343\201\247\347"
 594      83BCE383 
 594      892830E3 
 594      81A7E7
ARM GAS  /var/folders/v_/kwz_t0cs68g1q1d733r227b80000gn/T//ccBiiJWM.s 			page 16


 595 00b7 B582E4BA 		.ascii	"\265\202\344\272\206) :\000"
 595      8629203A 
 595      00
 596              		.align	2
 597              	.LC11:
 598 00c0 256300   		.ascii	"%c\000"
 599 00c3 00       		.align	2
 600              	.LC12:
 601 00c4 0D0A5020 		.ascii	"\015\012P , I or D ? : \000"
 601      2C204920 
 601      6F722044 
 601      203F203A 
 601      2000
 602 00d6 0000     		.align	2
 603              	.LC13:
 604 00d8 0D0A2563 		.ascii	"\015\012%c\343\200\201 %c \343\202\222\351\201\270\346"
 604      E3808120 
 604      256320E3 
 604      8292E981 
 604      B8E6
 605 00ea 8A9EE381 		.ascii	"\212\236\343\201\227\343\201\276\343\201\227\343\201"
 605      97E381BE 
 605      E38197E3 
 605      81
 606 00f7 9F0D0A00 		.ascii	"\237\015\012\000"
 607 00fb 00       		.align	2
 608              	.LC14:
 609 00fc 0D0AE580 		.ascii	"\015\012\345\200\244\343\202\222\345\205\245\345\212"
 609      A4E38292 
 609      E585A5E5 
 609      8A
 610 0109 9B203A20 		.ascii	"\233 : \000"
 610      00
 611 010e 0000     		.align	2
 612              	.LC15:
 613 0110 256600   		.ascii	"%f\000"
 614 0113 00       		.align	2
 615              	.LC16:
 616 0114 E8A9B2E5 		.ascii	"\350\251\262\345\275\223\343\201\227\343\201\276\343"
 616      BD93E381 
 616      97E381BE 
 616      E3
 617 0121 819BE382 		.ascii	"\201\233\343\202\223\015\000"
 617      930D00
 618              		.align	2
 619              	.LC17:
 620 0128 0D00     		.ascii	"\015\000"
 621 012a 0000     		.align	2
 622              	.LC18:
 623 012c 0D0AE5AE 		.ascii	"\015\012\345\256\214\344\272\206\015\000"
 623      8CE4BA86 
 623      0D00
 624              		.section	.text.Change_Gain,"ax",%progbits
 625              		.align	1
 626              		.global	Change_Gain
 627              		.syntax unified
 628              		.thumb
ARM GAS  /var/folders/v_/kwz_t0cs68g1q1d733r227b80000gn/T//ccBiiJWM.s 			page 17


 629              		.thumb_func
 630              		.fpu fpv4-sp-d16
 632              	Change_Gain:
 633              	.LFB242:
 211:Core/Src/Tools/Debug.c **** void Change_Gain()
 212:Core/Src/Tools/Debug.c **** {
 634              		.loc 1 212 1 view -0
 635              		.cfi_startproc
 636              		@ args = 0, pretend = 0, frame = 8
 637              		@ frame_needed = 0, uses_anonymous_args = 0
 638 0000 2DE9F041 		push	{r4, r5, r6, r7, r8, lr}
 639              	.LCFI11:
 640              		.cfi_def_cfa_offset 24
 641              		.cfi_offset 4, -24
 642              		.cfi_offset 5, -20
 643              		.cfi_offset 6, -16
 644              		.cfi_offset 7, -12
 645              		.cfi_offset 8, -8
 646              		.cfi_offset 14, -4
 647 0004 86B0     		sub	sp, sp, #24
 648              	.LCFI12:
 649              		.cfi_def_cfa_offset 48
 213:Core/Src/Tools/Debug.c **** 	//‰ªñ„ÅÆÂá¶ÁêÜ„ÇÑÂâ≤„ÇäËæº„Åø„ÇíÂÅúÊ≠¢
 214:Core/Src/Tools/Debug.c **** 
 215:Core/Src/Tools/Debug.c **** 	HAL_TIM_Base_Stop_IT(&htim1);
 650              		.loc 1 215 2 view .LVU135
 651 0006 AF48     		ldr	r0, .L59
 652 0008 FFF7FEFF 		bl	HAL_TIM_Base_Stop_IT
 653              	.LVL48:
 216:Core/Src/Tools/Debug.c **** 	HAL_TIM_Base_Stop_IT(&htim8);
 654              		.loc 1 216 2 view .LVU136
 655 000c AE48     		ldr	r0, .L59+4
 656 000e FFF7FEFF 		bl	HAL_TIM_Base_Stop_IT
 657              	.LVL49:
 217:Core/Src/Tools/Debug.c **** 	Motor_PWM_Stop();
 658              		.loc 1 217 2 view .LVU137
 659 0012 FFF7FEFF 		bl	Motor_PWM_Stop
 660              	.LVL50:
 218:Core/Src/Tools/Debug.c **** 	EmitterOFF();
 661              		.loc 1 218 2 view .LVU138
 662 0016 FFF7FEFF 		bl	EmitterOFF
 663              	.LVL51:
 219:Core/Src/Tools/Debug.c **** //	ADCStart();
 220:Core/Src/Tools/Debug.c **** //	printf("start\r\n");
 221:Core/Src/Tools/Debug.c **** 	//ADCStop();//„Åì„Åì
 222:Core/Src/Tools/Debug.c **** 	HAL_Delay(200);
 664              		.loc 1 222 2 view .LVU139
 665 001a C820     		movs	r0, #200
 666 001c FFF7FEFF 		bl	HAL_Delay
 667              	.LVL52:
 223:Core/Src/Tools/Debug.c **** 
 224:Core/Src/Tools/Debug.c **** 	//„Ç≤„Ç§„É≥Ë™øÊï¥„Åô„Çã
 225:Core/Src/Tools/Debug.c **** 	char change_mode='0';
 668              		.loc 1 225 2 view .LVU140
 669              		.loc 1 225 7 is_stmt 0 view .LVU141
 670 0020 3023     		movs	r3, #48
 671 0022 8DF81730 		strb	r3, [sp, #23]
ARM GAS  /var/folders/v_/kwz_t0cs68g1q1d733r227b80000gn/T//ccBiiJWM.s 			page 18


 226:Core/Src/Tools/Debug.c **** 	char pid = '0';
 672              		.loc 1 226 2 is_stmt 1 view .LVU142
 673              		.loc 1 226 7 is_stmt 0 view .LVU143
 674 0026 8DF81630 		strb	r3, [sp, #22]
 675 002a 14E0     		b	.L46
 676              	.L34:
 227:Core/Src/Tools/Debug.c **** 
 228:Core/Src/Tools/Debug.c **** 	char nl;
 229:Core/Src/Tools/Debug.c **** 
 230:Core/Src/Tools/Debug.c **** 	while(1)
 231:Core/Src/Tools/Debug.c **** 	{
 232:Core/Src/Tools/Debug.c **** 		//float a = Pid[2].KP;
 233:Core/Src/Tools/Debug.c **** 		printf("ÁèæÂú®„ÅÆPID„Ç≤„Ç§„É≥\r\n");
 234:Core/Src/Tools/Debug.c **** 		printf("[1] ËªäËº™Â∑¶Âè≥ : %f, %f, %f\r\n",Pid[L_VELO_PID].KP, Pid[L_VELO_PID].KI, Pid[L_VELO_PID
 235:Core/Src/Tools/Debug.c **** 		printf("[2] ËßíÂ∫¶ : %f, %f, %f\r\n", Pid[A_VELO_PID].KP, Pid[A_VELO_PID].KI, Pid[A_VELO_PID].KD)
 236:Core/Src/Tools/Debug.c **** 		printf("[3] Â∑¶Â£Å : %f, %f, %f\r\n", Pid[L_WALL_PID].KP, Pid[L_WALL_PID].KI, Pid[L_WALL_PID].KD)
 237:Core/Src/Tools/Debug.c **** 		printf("[4] Âè≥Â£Å : %f, %f, %f\r\n", Pid[R_WALL_PID].KP, Pid[R_WALL_PID].KI, Pid[R_WALL_PID].KD)
 238:Core/Src/Tools/Debug.c **** 		printf("[5] ‰∏°Â£Å : %f, %f, %f\r\n", Pid[D_WALL_PID].KP, Pid[D_WALL_PID].KI, Pid[D_WALL_PID].KD)
 239:Core/Src/Tools/Debug.c **** 
 240:Core/Src/Tools/Debug.c **** 		Buffering();
 241:Core/Src/Tools/Debug.c **** 		printf("„É¢„Éº„Éâ(0„ÅßÁµÇ‰∫Ü) :"); scanf("%c",&change_mode);
 242:Core/Src/Tools/Debug.c **** 		if(change_mode == '0')
 243:Core/Src/Tools/Debug.c **** 		{
 244:Core/Src/Tools/Debug.c **** 			break;
 245:Core/Src/Tools/Debug.c **** 		}
 246:Core/Src/Tools/Debug.c **** 		else
 247:Core/Src/Tools/Debug.c **** 		{
 248:Core/Src/Tools/Debug.c **** 
 249:Core/Src/Tools/Debug.c **** 			Buffering();
 250:Core/Src/Tools/Debug.c **** 			printf("\r\nP , I or D ? : "); scanf("%c",&pid);
 251:Core/Src/Tools/Debug.c **** 			printf("\r\n%c„ÄÅ %c „ÇíÈÅ∏Êäû„Åó„Åæ„Åó„Åü\r\n",change_mode,pid);
 252:Core/Src/Tools/Debug.c **** 
 253:Core/Src/Tools/Debug.c **** 			Buffering();
 254:Core/Src/Tools/Debug.c **** 			printf("\r\nÂÄ§„ÇíÂÖ•Âäõ : ");
 255:Core/Src/Tools/Debug.c **** 
 256:Core/Src/Tools/Debug.c **** 			switch(change_mode)
 257:Core/Src/Tools/Debug.c **** 			{
 258:Core/Src/Tools/Debug.c **** 			case '1'://‰∏¶ÈÄ≤ÈÄüÂ∫¶Âà∂Âæ°„Ç≤„Ç§„É≥
 259:Core/Src/Tools/Debug.c **** 				//printf("p , i or d ?");scanf("%c",pid);
 260:Core/Src/Tools/Debug.c **** 
 261:Core/Src/Tools/Debug.c **** 				if(pid == 'p')
 677              		.loc 1 261 5 is_stmt 1 view .LVU144
 678              		.loc 1 261 12 is_stmt 0 view .LVU145
 679 002c 9DF81630 		ldrb	r3, [sp, #22]	@ zero_extendqisi2
 680              		.loc 1 261 7 view .LVU146
 681 0030 702B     		cmp	r3, #112
 682 0032 00F0C180 		beq	.L48
 262:Core/Src/Tools/Debug.c **** 				{
 263:Core/Src/Tools/Debug.c **** 					scanf("%f",&Pid[L_VELO_PID].KP);
 264:Core/Src/Tools/Debug.c **** 				}
 265:Core/Src/Tools/Debug.c **** 				else if(pid == 'i')
 683              		.loc 1 265 10 is_stmt 1 view .LVU147
 684              		.loc 1 265 12 is_stmt 0 view .LVU148
 685 0036 692B     		cmp	r3, #105
 686 0038 00F0C380 		beq	.L49
 266:Core/Src/Tools/Debug.c **** 				{
 267:Core/Src/Tools/Debug.c **** 					scanf("%f",&Pid[L_VELO_PID].KI);
ARM GAS  /var/folders/v_/kwz_t0cs68g1q1d733r227b80000gn/T//ccBiiJWM.s 			page 19


 268:Core/Src/Tools/Debug.c **** 				}
 269:Core/Src/Tools/Debug.c **** 				else if(pid == 'd')
 687              		.loc 1 269 10 is_stmt 1 view .LVU149
 688              		.loc 1 269 12 is_stmt 0 view .LVU150
 689 003c 642B     		cmp	r3, #100
 690 003e 00F0C580 		beq	.L50
 691              	.L36:
 270:Core/Src/Tools/Debug.c **** 				{
 271:Core/Src/Tools/Debug.c **** 					scanf("%f",&Pid[L_VELO_PID].KD);
 272:Core/Src/Tools/Debug.c **** 				}
 273:Core/Src/Tools/Debug.c **** 				break;
 274:Core/Src/Tools/Debug.c **** 
 275:Core/Src/Tools/Debug.c **** 			case '2'://ÂõûËª¢ËßíÈÄüÂ∫¶Âà∂Âæ°„Ç≤„Ç§„É≥
 276:Core/Src/Tools/Debug.c **** 				if(pid == 'p')
 277:Core/Src/Tools/Debug.c **** 				{
 278:Core/Src/Tools/Debug.c **** 					scanf("%f",&Pid[A_VELO_PID].KP);
 279:Core/Src/Tools/Debug.c **** 				}
 280:Core/Src/Tools/Debug.c **** 				else if(pid == 'i')
 281:Core/Src/Tools/Debug.c **** 				{
 282:Core/Src/Tools/Debug.c **** 					scanf("%f",&Pid[A_VELO_PID].KI);
 283:Core/Src/Tools/Debug.c **** 				}
 284:Core/Src/Tools/Debug.c **** 				else if(pid == 'd')
 285:Core/Src/Tools/Debug.c **** 				{
 286:Core/Src/Tools/Debug.c **** 					scanf("%f",&Pid[A_VELO_PID].KD);
 287:Core/Src/Tools/Debug.c **** 				}
 288:Core/Src/Tools/Debug.c **** 				break;
 289:Core/Src/Tools/Debug.c **** 
 290:Core/Src/Tools/Debug.c **** 			case '3'://Â£ÅÂà∂Âæ°„Ç≤„Ç§„É≥
 291:Core/Src/Tools/Debug.c **** 				if(pid == 'p')
 292:Core/Src/Tools/Debug.c **** 				{
 293:Core/Src/Tools/Debug.c **** 					scanf("%f",&Pid[L_WALL_PID].KP);
 294:Core/Src/Tools/Debug.c **** 				}
 295:Core/Src/Tools/Debug.c **** 				else if(pid == 'i')
 296:Core/Src/Tools/Debug.c **** 				{
 297:Core/Src/Tools/Debug.c **** 					scanf("%f",&Pid[L_WALL_PID].KI);
 298:Core/Src/Tools/Debug.c **** 				}
 299:Core/Src/Tools/Debug.c **** 				else if(pid == 'd')
 300:Core/Src/Tools/Debug.c **** 				{
 301:Core/Src/Tools/Debug.c **** 					scanf("%f",&Pid[L_WALL_PID].KD);
 302:Core/Src/Tools/Debug.c **** 				}
 303:Core/Src/Tools/Debug.c **** 				break;
 304:Core/Src/Tools/Debug.c **** 			case '4'://Â£ÅÂà∂Âæ°„Ç≤„Ç§„É≥
 305:Core/Src/Tools/Debug.c **** 				if(pid == 'p')
 306:Core/Src/Tools/Debug.c **** 				{
 307:Core/Src/Tools/Debug.c **** 					scanf("%f",&Pid[R_WALL_PID].KP);
 308:Core/Src/Tools/Debug.c **** 				}
 309:Core/Src/Tools/Debug.c **** 				else if(pid == 'i')
 310:Core/Src/Tools/Debug.c **** 				{
 311:Core/Src/Tools/Debug.c **** 					scanf("%f",&Pid[R_WALL_PID].KI);
 312:Core/Src/Tools/Debug.c **** 				}
 313:Core/Src/Tools/Debug.c **** 				else if(pid == 'd')
 314:Core/Src/Tools/Debug.c **** 				{
 315:Core/Src/Tools/Debug.c **** 					scanf("%f",&Pid[R_WALL_PID].KD);
 316:Core/Src/Tools/Debug.c **** 				}
 317:Core/Src/Tools/Debug.c **** 				break;
 318:Core/Src/Tools/Debug.c **** 			case '5'://Â£ÅÂà∂Âæ°„Ç≤„Ç§„É≥
 319:Core/Src/Tools/Debug.c **** 				if(pid == 'p')
ARM GAS  /var/folders/v_/kwz_t0cs68g1q1d733r227b80000gn/T//ccBiiJWM.s 			page 20


 320:Core/Src/Tools/Debug.c **** 				{
 321:Core/Src/Tools/Debug.c **** 					scanf("%f",&Pid[D_WALL_PID].KP);
 322:Core/Src/Tools/Debug.c **** 				}
 323:Core/Src/Tools/Debug.c **** 				else if(pid == 'i')
 324:Core/Src/Tools/Debug.c **** 				{
 325:Core/Src/Tools/Debug.c **** 					scanf("%f",&Pid[D_WALL_PID].KI);
 326:Core/Src/Tools/Debug.c **** 				}
 327:Core/Src/Tools/Debug.c **** 				else if(pid == 'd')
 328:Core/Src/Tools/Debug.c **** 				{
 329:Core/Src/Tools/Debug.c **** 					scanf("%f",&Pid[D_WALL_PID].KD);
 330:Core/Src/Tools/Debug.c **** 				}
 331:Core/Src/Tools/Debug.c **** 				break;
 332:Core/Src/Tools/Debug.c **** 			default :
 333:Core/Src/Tools/Debug.c **** 				printf("Ë©≤ÂΩì„Åó„Åæ„Åõ„Çì\r\n");
 334:Core/Src/Tools/Debug.c **** 				break;
 335:Core/Src/Tools/Debug.c **** 			}
 336:Core/Src/Tools/Debug.c **** 			Buffering();
 692              		.loc 1 336 4 is_stmt 1 view .LVU151
 693 0042 FFF7FEFF 		bl	Buffering
 694              	.LVL53:
 337:Core/Src/Tools/Debug.c **** 			scanf("%c",&nl);
 695              		.loc 1 337 4 view .LVU152
 696 0046 0DF11501 		add	r1, sp, #21
 697 004a A048     		ldr	r0, .L59+8
 698 004c FFF7FEFF 		bl	scanf
 699              	.LVL54:
 338:Core/Src/Tools/Debug.c **** 			printf("\r\n");
 700              		.loc 1 338 4 view .LVU153
 701 0050 9F48     		ldr	r0, .L59+12
 702 0052 FFF7FEFF 		bl	puts
 703              	.LVL55:
 230:Core/Src/Tools/Debug.c **** 	{
 704              		.loc 1 230 7 view .LVU154
 705              	.L46:
 228:Core/Src/Tools/Debug.c **** 
 706              		.loc 1 228 2 view .LVU155
 230:Core/Src/Tools/Debug.c **** 	{
 707              		.loc 1 230 2 view .LVU156
 233:Core/Src/Tools/Debug.c **** 		printf("[1] ËªäËº™Â∑¶Âè≥ : %f, %f, %f\r\n",Pid[L_VELO_PID].KP, Pid[L_VELO_PID].KI, Pid[L_VELO_PID
 708              		.loc 1 233 3 view .LVU157
 709 0056 9F48     		ldr	r0, .L59+16
 710 0058 FFF7FEFF 		bl	puts
 711              	.LVL56:
 234:Core/Src/Tools/Debug.c **** 		printf("[2] ËßíÂ∫¶ : %f, %f, %f\r\n", Pid[A_VELO_PID].KP, Pid[A_VELO_PID].KI, Pid[A_VELO_PID].KD)
 712              		.loc 1 234 3 view .LVU158
 234:Core/Src/Tools/Debug.c **** 		printf("[2] ËßíÂ∫¶ : %f, %f, %f\r\n", Pid[A_VELO_PID].KP, Pid[A_VELO_PID].KI, Pid[A_VELO_PID].KD)
 713              		.loc 1 234 61 is_stmt 0 view .LVU159
 714 005c 9E4C     		ldr	r4, .L59+20
 234:Core/Src/Tools/Debug.c **** 		printf("[2] ËßíÂ∫¶ : %f, %f, %f\r\n", Pid[A_VELO_PID].KP, Pid[A_VELO_PID].KI, Pid[A_VELO_PID].KD)
 715              		.loc 1 234 81 view .LVU160
 716 005e D4F8B450 		ldr	r5, [r4, #180]	@ float
 234:Core/Src/Tools/Debug.c **** 		printf("[2] ËßíÂ∫¶ : %f, %f, %f\r\n", Pid[A_VELO_PID].KP, Pid[A_VELO_PID].KI, Pid[A_VELO_PID].KD)
 717              		.loc 1 234 101 view .LVU161
 718 0062 D4F8B880 		ldr	r8, [r4, #184]	@ float
 234:Core/Src/Tools/Debug.c **** 		printf("[2] ËßíÂ∫¶ : %f, %f, %f\r\n", Pid[A_VELO_PID].KP, Pid[A_VELO_PID].KI, Pid[A_VELO_PID].KD)
 719              		.loc 1 234 3 view .LVU162
 720 0066 D4F8B000 		ldr	r0, [r4, #176]	@ float
ARM GAS  /var/folders/v_/kwz_t0cs68g1q1d733r227b80000gn/T//ccBiiJWM.s 			page 21


 721 006a FFF7FEFF 		bl	__aeabi_f2d
 722              	.LVL57:
 723 006e 0646     		mov	r6, r0
 724 0070 0F46     		mov	r7, r1
 725 0072 4046     		mov	r0, r8	@ float
 726 0074 FFF7FEFF 		bl	__aeabi_f2d
 727              	.LVL58:
 728 0078 CDE90201 		strd	r0, [sp, #8]
 729 007c 2846     		mov	r0, r5	@ float
 730 007e FFF7FEFF 		bl	__aeabi_f2d
 731              	.LVL59:
 732 0082 CDE90001 		strd	r0, [sp]
 733 0086 3246     		mov	r2, r6
 734 0088 3B46     		mov	r3, r7
 735 008a 9448     		ldr	r0, .L59+24
 736 008c FFF7FEFF 		bl	printf
 737              	.LVL60:
 235:Core/Src/Tools/Debug.c **** 		printf("[3] Â∑¶Â£Å : %f, %f, %f\r\n", Pid[L_WALL_PID].KP, Pid[L_WALL_PID].KI, Pid[L_WALL_PID].KD)
 738              		.loc 1 235 3 is_stmt 1 view .LVU163
 235:Core/Src/Tools/Debug.c **** 		printf("[3] Â∑¶Â£Å : %f, %f, %f\r\n", Pid[L_WALL_PID].KP, Pid[L_WALL_PID].KI, Pid[L_WALL_PID].KD)
 739              		.loc 1 235 76 is_stmt 0 view .LVU164
 740 0090 6568     		ldr	r5, [r4, #4]	@ float
 235:Core/Src/Tools/Debug.c **** 		printf("[3] Â∑¶Â£Å : %f, %f, %f\r\n", Pid[L_WALL_PID].KP, Pid[L_WALL_PID].KI, Pid[L_WALL_PID].KD)
 741              		.loc 1 235 96 view .LVU165
 742 0092 D4F80880 		ldr	r8, [r4, #8]	@ float
 235:Core/Src/Tools/Debug.c **** 		printf("[3] Â∑¶Â£Å : %f, %f, %f\r\n", Pid[L_WALL_PID].KP, Pid[L_WALL_PID].KI, Pid[L_WALL_PID].KD)
 743              		.loc 1 235 3 view .LVU166
 744 0096 2068     		ldr	r0, [r4]	@ float
 745 0098 FFF7FEFF 		bl	__aeabi_f2d
 746              	.LVL61:
 747 009c 0646     		mov	r6, r0
 748 009e 0F46     		mov	r7, r1
 749 00a0 4046     		mov	r0, r8	@ float
 750 00a2 FFF7FEFF 		bl	__aeabi_f2d
 751              	.LVL62:
 752 00a6 CDE90201 		strd	r0, [sp, #8]
 753 00aa 2846     		mov	r0, r5	@ float
 754 00ac FFF7FEFF 		bl	__aeabi_f2d
 755              	.LVL63:
 756 00b0 CDE90001 		strd	r0, [sp]
 757 00b4 3246     		mov	r2, r6
 758 00b6 3B46     		mov	r3, r7
 759 00b8 8948     		ldr	r0, .L59+28
 760 00ba FFF7FEFF 		bl	printf
 761              	.LVL64:
 236:Core/Src/Tools/Debug.c **** 		printf("[4] Âè≥Â£Å : %f, %f, %f\r\n", Pid[R_WALL_PID].KP, Pid[R_WALL_PID].KI, Pid[R_WALL_PID].KD)
 762              		.loc 1 236 3 is_stmt 1 view .LVU167
 236:Core/Src/Tools/Debug.c **** 		printf("[4] Âè≥Â£Å : %f, %f, %f\r\n", Pid[R_WALL_PID].KP, Pid[R_WALL_PID].KI, Pid[R_WALL_PID].KD)
 763              		.loc 1 236 76 is_stmt 0 view .LVU168
 764 00be E56D     		ldr	r5, [r4, #92]	@ float
 236:Core/Src/Tools/Debug.c **** 		printf("[4] Âè≥Â£Å : %f, %f, %f\r\n", Pid[R_WALL_PID].KP, Pid[R_WALL_PID].KI, Pid[R_WALL_PID].KD)
 765              		.loc 1 236 96 view .LVU169
 766 00c0 D4F86080 		ldr	r8, [r4, #96]	@ float
 236:Core/Src/Tools/Debug.c **** 		printf("[4] Âè≥Â£Å : %f, %f, %f\r\n", Pid[R_WALL_PID].KP, Pid[R_WALL_PID].KI, Pid[R_WALL_PID].KD)
 767              		.loc 1 236 3 view .LVU170
 768 00c4 A06D     		ldr	r0, [r4, #88]	@ float
 769 00c6 FFF7FEFF 		bl	__aeabi_f2d
ARM GAS  /var/folders/v_/kwz_t0cs68g1q1d733r227b80000gn/T//ccBiiJWM.s 			page 22


 770              	.LVL65:
 771 00ca 0646     		mov	r6, r0
 772 00cc 0F46     		mov	r7, r1
 773 00ce 4046     		mov	r0, r8	@ float
 774 00d0 FFF7FEFF 		bl	__aeabi_f2d
 775              	.LVL66:
 776 00d4 CDE90201 		strd	r0, [sp, #8]
 777 00d8 2846     		mov	r0, r5	@ float
 778 00da FFF7FEFF 		bl	__aeabi_f2d
 779              	.LVL67:
 780 00de CDE90001 		strd	r0, [sp]
 781 00e2 3246     		mov	r2, r6
 782 00e4 3B46     		mov	r3, r7
 783 00e6 7F48     		ldr	r0, .L59+32
 784 00e8 FFF7FEFF 		bl	printf
 785              	.LVL68:
 237:Core/Src/Tools/Debug.c **** 		printf("[5] ‰∏°Â£Å : %f, %f, %f\r\n", Pid[D_WALL_PID].KP, Pid[D_WALL_PID].KI, Pid[D_WALL_PID].KD)
 786              		.loc 1 237 3 is_stmt 1 view .LVU171
 237:Core/Src/Tools/Debug.c **** 		printf("[5] ‰∏°Â£Å : %f, %f, %f\r\n", Pid[D_WALL_PID].KP, Pid[D_WALL_PID].KI, Pid[D_WALL_PID].KD)
 787              		.loc 1 237 76 is_stmt 0 view .LVU172
 788 00ec D4F88850 		ldr	r5, [r4, #136]	@ float
 237:Core/Src/Tools/Debug.c **** 		printf("[5] ‰∏°Â£Å : %f, %f, %f\r\n", Pid[D_WALL_PID].KP, Pid[D_WALL_PID].KI, Pid[D_WALL_PID].KD)
 789              		.loc 1 237 96 view .LVU173
 790 00f0 D4F88C80 		ldr	r8, [r4, #140]	@ float
 237:Core/Src/Tools/Debug.c **** 		printf("[5] ‰∏°Â£Å : %f, %f, %f\r\n", Pid[D_WALL_PID].KP, Pid[D_WALL_PID].KI, Pid[D_WALL_PID].KD)
 791              		.loc 1 237 3 view .LVU174
 792 00f4 D4F88400 		ldr	r0, [r4, #132]	@ float
 793 00f8 FFF7FEFF 		bl	__aeabi_f2d
 794              	.LVL69:
 795 00fc 0646     		mov	r6, r0
 796 00fe 0F46     		mov	r7, r1
 797 0100 4046     		mov	r0, r8	@ float
 798 0102 FFF7FEFF 		bl	__aeabi_f2d
 799              	.LVL70:
 800 0106 CDE90201 		strd	r0, [sp, #8]
 801 010a 2846     		mov	r0, r5	@ float
 802 010c FFF7FEFF 		bl	__aeabi_f2d
 803              	.LVL71:
 804 0110 CDE90001 		strd	r0, [sp]
 805 0114 3246     		mov	r2, r6
 806 0116 3B46     		mov	r3, r7
 807 0118 7348     		ldr	r0, .L59+36
 808 011a FFF7FEFF 		bl	printf
 809              	.LVL72:
 238:Core/Src/Tools/Debug.c **** 
 810              		.loc 1 238 3 is_stmt 1 view .LVU175
 238:Core/Src/Tools/Debug.c **** 
 811              		.loc 1 238 76 is_stmt 0 view .LVU176
 812 011e 266B     		ldr	r6, [r4, #48]	@ float
 238:Core/Src/Tools/Debug.c **** 
 813              		.loc 1 238 96 view .LVU177
 814 0120 676B     		ldr	r7, [r4, #52]	@ float
 238:Core/Src/Tools/Debug.c **** 
 815              		.loc 1 238 3 view .LVU178
 816 0122 E06A     		ldr	r0, [r4, #44]	@ float
 817 0124 FFF7FEFF 		bl	__aeabi_f2d
 818              	.LVL73:
ARM GAS  /var/folders/v_/kwz_t0cs68g1q1d733r227b80000gn/T//ccBiiJWM.s 			page 23


 819 0128 0446     		mov	r4, r0
 820 012a 0D46     		mov	r5, r1
 821 012c 3846     		mov	r0, r7	@ float
 822 012e FFF7FEFF 		bl	__aeabi_f2d
 823              	.LVL74:
 824 0132 CDE90201 		strd	r0, [sp, #8]
 825 0136 3046     		mov	r0, r6	@ float
 826 0138 FFF7FEFF 		bl	__aeabi_f2d
 827              	.LVL75:
 828 013c CDE90001 		strd	r0, [sp]
 829 0140 2246     		mov	r2, r4
 830 0142 2B46     		mov	r3, r5
 831 0144 6948     		ldr	r0, .L59+40
 832 0146 FFF7FEFF 		bl	printf
 833              	.LVL76:
 240:Core/Src/Tools/Debug.c **** 		printf("„É¢„Éº„Éâ(0„ÅßÁµÇ‰∫Ü) :"); scanf("%c",&change_mode);
 834              		.loc 1 240 3 is_stmt 1 view .LVU179
 835 014a FFF7FEFF 		bl	Buffering
 836              	.LVL77:
 241:Core/Src/Tools/Debug.c **** 		if(change_mode == '0')
 837              		.loc 1 241 3 view .LVU180
 838 014e 6848     		ldr	r0, .L59+44
 839 0150 FFF7FEFF 		bl	printf
 840              	.LVL78:
 241:Core/Src/Tools/Debug.c **** 		if(change_mode == '0')
 841              		.loc 1 241 38 view .LVU181
 842 0154 0DF11701 		add	r1, sp, #23
 843 0158 5C48     		ldr	r0, .L59+8
 844 015a FFF7FEFF 		bl	scanf
 845              	.LVL79:
 242:Core/Src/Tools/Debug.c **** 		{
 846              		.loc 1 242 3 view .LVU182
 242:Core/Src/Tools/Debug.c **** 		{
 847              		.loc 1 242 18 is_stmt 0 view .LVU183
 848 015e 9DF81730 		ldrb	r3, [sp, #23]	@ zero_extendqisi2
 242:Core/Src/Tools/Debug.c **** 		{
 849              		.loc 1 242 5 view .LVU184
 850 0162 302B     		cmp	r3, #48
 851 0164 00F09B80 		beq	.L27
 249:Core/Src/Tools/Debug.c **** 			printf("\r\nP , I or D ? : "); scanf("%c",&pid);
 852              		.loc 1 249 4 is_stmt 1 view .LVU185
 853 0168 FFF7FEFF 		bl	Buffering
 854              	.LVL80:
 250:Core/Src/Tools/Debug.c **** 			printf("\r\n%c„ÄÅ %c „ÇíÈÅ∏Êäû„Åó„Åæ„Åó„Åü\r\n",change_mode,pid);
 855              		.loc 1 250 4 view .LVU186
 856 016c 6148     		ldr	r0, .L59+48
 857 016e FFF7FEFF 		bl	printf
 858              	.LVL81:
 250:Core/Src/Tools/Debug.c **** 			printf("\r\n%c„ÄÅ %c „ÇíÈÅ∏Êäû„Åó„Åæ„Åó„Åü\r\n",change_mode,pid);
 859              		.loc 1 250 35 view .LVU187
 860 0172 0DF11601 		add	r1, sp, #22
 861 0176 5548     		ldr	r0, .L59+8
 862 0178 FFF7FEFF 		bl	scanf
 863              	.LVL82:
 251:Core/Src/Tools/Debug.c **** 
 864              		.loc 1 251 4 view .LVU188
 865 017c 9DF81620 		ldrb	r2, [sp, #22]	@ zero_extendqisi2
ARM GAS  /var/folders/v_/kwz_t0cs68g1q1d733r227b80000gn/T//ccBiiJWM.s 			page 24


 866 0180 9DF81710 		ldrb	r1, [sp, #23]	@ zero_extendqisi2
 867 0184 5C48     		ldr	r0, .L59+52
 868 0186 FFF7FEFF 		bl	printf
 869              	.LVL83:
 253:Core/Src/Tools/Debug.c **** 			printf("\r\nÂÄ§„ÇíÂÖ•Âäõ : ");
 870              		.loc 1 253 4 view .LVU189
 871 018a FFF7FEFF 		bl	Buffering
 872              	.LVL84:
 254:Core/Src/Tools/Debug.c **** 
 873              		.loc 1 254 4 view .LVU190
 874 018e 5B48     		ldr	r0, .L59+56
 875 0190 FFF7FEFF 		bl	printf
 876              	.LVL85:
 256:Core/Src/Tools/Debug.c **** 			{
 877              		.loc 1 256 4 view .LVU191
 878 0194 9DF81730 		ldrb	r3, [sp, #23]	@ zero_extendqisi2
 879 0198 313B     		subs	r3, r3, #49
 880 019a 042B     		cmp	r3, #4
 881 019c 7BD8     		bhi	.L28
 882 019e 01A2     		adr	r2, .L30
 883 01a0 52F823F0 		ldr	pc, [r2, r3, lsl #2]
 884              		.p2align 2
 885              	.L30:
 886 01a4 2D000000 		.word	.L34+1
 887 01a8 D7010000 		.word	.L33+1
 888 01ac 07020000 		.word	.L32+1
 889 01b0 37020000 		.word	.L31+1
 890 01b4 67020000 		.word	.L29+1
 891              		.p2align 1
 892              	.L48:
 263:Core/Src/Tools/Debug.c **** 				}
 893              		.loc 1 263 6 view .LVU192
 894 01b8 5149     		ldr	r1, .L59+60
 895 01ba 5248     		ldr	r0, .L59+64
 896 01bc FFF7FEFF 		bl	scanf
 897              	.LVL86:
 898 01c0 3FE7     		b	.L36
 899              	.L49:
 267:Core/Src/Tools/Debug.c **** 				}
 900              		.loc 1 267 6 view .LVU193
 901 01c2 5149     		ldr	r1, .L59+68
 902 01c4 4F48     		ldr	r0, .L59+64
 903 01c6 FFF7FEFF 		bl	scanf
 904              	.LVL87:
 905 01ca 3AE7     		b	.L36
 906              	.L50:
 271:Core/Src/Tools/Debug.c **** 				}
 907              		.loc 1 271 6 view .LVU194
 908 01cc 4F49     		ldr	r1, .L59+72
 909 01ce 4D48     		ldr	r0, .L59+64
 910 01d0 FFF7FEFF 		bl	scanf
 911              	.LVL88:
 912 01d4 35E7     		b	.L36
 913              	.L33:
 276:Core/Src/Tools/Debug.c **** 				{
 914              		.loc 1 276 5 view .LVU195
 276:Core/Src/Tools/Debug.c **** 				{
ARM GAS  /var/folders/v_/kwz_t0cs68g1q1d733r227b80000gn/T//ccBiiJWM.s 			page 25


 915              		.loc 1 276 12 is_stmt 0 view .LVU196
 916 01d6 9DF81630 		ldrb	r3, [sp, #22]	@ zero_extendqisi2
 276:Core/Src/Tools/Debug.c **** 				{
 917              		.loc 1 276 7 view .LVU197
 918 01da 702B     		cmp	r3, #112
 919 01dc 09D0     		beq	.L51
 280:Core/Src/Tools/Debug.c **** 				{
 920              		.loc 1 280 10 is_stmt 1 view .LVU198
 280:Core/Src/Tools/Debug.c **** 				{
 921              		.loc 1 280 12 is_stmt 0 view .LVU199
 922 01de 692B     		cmp	r3, #105
 923 01e0 0CD0     		beq	.L52
 284:Core/Src/Tools/Debug.c **** 				{
 924              		.loc 1 284 10 is_stmt 1 view .LVU200
 284:Core/Src/Tools/Debug.c **** 				{
 925              		.loc 1 284 12 is_stmt 0 view .LVU201
 926 01e2 642B     		cmp	r3, #100
 927 01e4 7FF42DAF 		bne	.L36
 286:Core/Src/Tools/Debug.c **** 				}
 928              		.loc 1 286 6 is_stmt 1 view .LVU202
 929 01e8 4949     		ldr	r1, .L59+76
 930 01ea 4648     		ldr	r0, .L59+64
 931 01ec FFF7FEFF 		bl	scanf
 932              	.LVL89:
 933 01f0 27E7     		b	.L36
 934              	.L51:
 278:Core/Src/Tools/Debug.c **** 				}
 935              		.loc 1 278 6 view .LVU203
 936 01f2 3949     		ldr	r1, .L59+20
 937 01f4 4348     		ldr	r0, .L59+64
 938 01f6 FFF7FEFF 		bl	scanf
 939              	.LVL90:
 940 01fa 22E7     		b	.L36
 941              	.L52:
 282:Core/Src/Tools/Debug.c **** 				}
 942              		.loc 1 282 6 view .LVU204
 943 01fc 4549     		ldr	r1, .L59+80
 944 01fe 4148     		ldr	r0, .L59+64
 945 0200 FFF7FEFF 		bl	scanf
 946              	.LVL91:
 947 0204 1DE7     		b	.L36
 948              	.L32:
 291:Core/Src/Tools/Debug.c **** 				{
 949              		.loc 1 291 5 view .LVU205
 291:Core/Src/Tools/Debug.c **** 				{
 950              		.loc 1 291 12 is_stmt 0 view .LVU206
 951 0206 9DF81630 		ldrb	r3, [sp, #22]	@ zero_extendqisi2
 291:Core/Src/Tools/Debug.c **** 				{
 952              		.loc 1 291 7 view .LVU207
 953 020a 702B     		cmp	r3, #112
 954 020c 09D0     		beq	.L53
 295:Core/Src/Tools/Debug.c **** 				{
 955              		.loc 1 295 10 is_stmt 1 view .LVU208
 295:Core/Src/Tools/Debug.c **** 				{
 956              		.loc 1 295 12 is_stmt 0 view .LVU209
 957 020e 692B     		cmp	r3, #105
 958 0210 0CD0     		beq	.L54
ARM GAS  /var/folders/v_/kwz_t0cs68g1q1d733r227b80000gn/T//ccBiiJWM.s 			page 26


 299:Core/Src/Tools/Debug.c **** 				{
 959              		.loc 1 299 10 is_stmt 1 view .LVU210
 299:Core/Src/Tools/Debug.c **** 				{
 960              		.loc 1 299 12 is_stmt 0 view .LVU211
 961 0212 642B     		cmp	r3, #100
 962 0214 7FF415AF 		bne	.L36
 301:Core/Src/Tools/Debug.c **** 				}
 963              		.loc 1 301 6 is_stmt 1 view .LVU212
 964 0218 3F49     		ldr	r1, .L59+84
 965 021a 3A48     		ldr	r0, .L59+64
 966 021c FFF7FEFF 		bl	scanf
 967              	.LVL92:
 968 0220 0FE7     		b	.L36
 969              	.L53:
 293:Core/Src/Tools/Debug.c **** 				}
 970              		.loc 1 293 6 view .LVU213
 971 0222 3E49     		ldr	r1, .L59+88
 972 0224 3748     		ldr	r0, .L59+64
 973 0226 FFF7FEFF 		bl	scanf
 974              	.LVL93:
 975 022a 0AE7     		b	.L36
 976              	.L54:
 297:Core/Src/Tools/Debug.c **** 				}
 977              		.loc 1 297 6 view .LVU214
 978 022c 3C49     		ldr	r1, .L59+92
 979 022e 3548     		ldr	r0, .L59+64
 980 0230 FFF7FEFF 		bl	scanf
 981              	.LVL94:
 982 0234 05E7     		b	.L36
 983              	.L31:
 305:Core/Src/Tools/Debug.c **** 				{
 984              		.loc 1 305 5 view .LVU215
 305:Core/Src/Tools/Debug.c **** 				{
 985              		.loc 1 305 12 is_stmt 0 view .LVU216
 986 0236 9DF81630 		ldrb	r3, [sp, #22]	@ zero_extendqisi2
 305:Core/Src/Tools/Debug.c **** 				{
 987              		.loc 1 305 7 view .LVU217
 988 023a 702B     		cmp	r3, #112
 989 023c 09D0     		beq	.L55
 309:Core/Src/Tools/Debug.c **** 				{
 990              		.loc 1 309 10 is_stmt 1 view .LVU218
 309:Core/Src/Tools/Debug.c **** 				{
 991              		.loc 1 309 12 is_stmt 0 view .LVU219
 992 023e 692B     		cmp	r3, #105
 993 0240 0CD0     		beq	.L56
 313:Core/Src/Tools/Debug.c **** 				{
 994              		.loc 1 313 10 is_stmt 1 view .LVU220
 313:Core/Src/Tools/Debug.c **** 				{
 995              		.loc 1 313 12 is_stmt 0 view .LVU221
 996 0242 642B     		cmp	r3, #100
 997 0244 7FF4FDAE 		bne	.L36
 315:Core/Src/Tools/Debug.c **** 				}
 998              		.loc 1 315 6 is_stmt 1 view .LVU222
 999 0248 3649     		ldr	r1, .L59+96
 1000 024a 2E48     		ldr	r0, .L59+64
 1001 024c FFF7FEFF 		bl	scanf
 1002              	.LVL95:
ARM GAS  /var/folders/v_/kwz_t0cs68g1q1d733r227b80000gn/T//ccBiiJWM.s 			page 27


 1003 0250 F7E6     		b	.L36
 1004              	.L55:
 307:Core/Src/Tools/Debug.c **** 				}
 1005              		.loc 1 307 6 view .LVU223
 1006 0252 3549     		ldr	r1, .L59+100
 1007 0254 2B48     		ldr	r0, .L59+64
 1008 0256 FFF7FEFF 		bl	scanf
 1009              	.LVL96:
 1010 025a F2E6     		b	.L36
 1011              	.L56:
 311:Core/Src/Tools/Debug.c **** 				}
 1012              		.loc 1 311 6 view .LVU224
 1013 025c 3349     		ldr	r1, .L59+104
 1014 025e 2948     		ldr	r0, .L59+64
 1015 0260 FFF7FEFF 		bl	scanf
 1016              	.LVL97:
 1017 0264 EDE6     		b	.L36
 1018              	.L29:
 319:Core/Src/Tools/Debug.c **** 				{
 1019              		.loc 1 319 5 view .LVU225
 319:Core/Src/Tools/Debug.c **** 				{
 1020              		.loc 1 319 12 is_stmt 0 view .LVU226
 1021 0266 9DF81630 		ldrb	r3, [sp, #22]	@ zero_extendqisi2
 319:Core/Src/Tools/Debug.c **** 				{
 1022              		.loc 1 319 7 view .LVU227
 1023 026a 702B     		cmp	r3, #112
 1024 026c 09D0     		beq	.L57
 323:Core/Src/Tools/Debug.c **** 				{
 1025              		.loc 1 323 10 is_stmt 1 view .LVU228
 323:Core/Src/Tools/Debug.c **** 				{
 1026              		.loc 1 323 12 is_stmt 0 view .LVU229
 1027 026e 692B     		cmp	r3, #105
 1028 0270 0CD0     		beq	.L58
 327:Core/Src/Tools/Debug.c **** 				{
 1029              		.loc 1 327 10 is_stmt 1 view .LVU230
 327:Core/Src/Tools/Debug.c **** 				{
 1030              		.loc 1 327 12 is_stmt 0 view .LVU231
 1031 0272 642B     		cmp	r3, #100
 1032 0274 7FF4E5AE 		bne	.L36
 329:Core/Src/Tools/Debug.c **** 				}
 1033              		.loc 1 329 6 is_stmt 1 view .LVU232
 1034 0278 2D49     		ldr	r1, .L59+108
 1035 027a 2248     		ldr	r0, .L59+64
 1036 027c FFF7FEFF 		bl	scanf
 1037              	.LVL98:
 1038 0280 DFE6     		b	.L36
 1039              	.L57:
 321:Core/Src/Tools/Debug.c **** 				}
 1040              		.loc 1 321 6 view .LVU233
 1041 0282 2C49     		ldr	r1, .L59+112
 1042 0284 1F48     		ldr	r0, .L59+64
 1043 0286 FFF7FEFF 		bl	scanf
 1044              	.LVL99:
 1045 028a DAE6     		b	.L36
 1046              	.L58:
 325:Core/Src/Tools/Debug.c **** 				}
 1047              		.loc 1 325 6 view .LVU234
ARM GAS  /var/folders/v_/kwz_t0cs68g1q1d733r227b80000gn/T//ccBiiJWM.s 			page 28


 1048 028c 2A49     		ldr	r1, .L59+116
 1049 028e 1D48     		ldr	r0, .L59+64
 1050 0290 FFF7FEFF 		bl	scanf
 1051              	.LVL100:
 1052 0294 D5E6     		b	.L36
 1053              	.L28:
 333:Core/Src/Tools/Debug.c **** 				break;
 1054              		.loc 1 333 5 view .LVU235
 1055 0296 2948     		ldr	r0, .L59+120
 1056 0298 FFF7FEFF 		bl	puts
 1057              	.LVL101:
 334:Core/Src/Tools/Debug.c **** 			}
 1058              		.loc 1 334 5 view .LVU236
 1059 029c D1E6     		b	.L36
 1060              	.L27:
 339:Core/Src/Tools/Debug.c **** 		}
 340:Core/Src/Tools/Debug.c **** 
 341:Core/Src/Tools/Debug.c **** 	}
 342:Core/Src/Tools/Debug.c **** 	printf("\r\nÂÆå‰∫Ü\r\n");
 1061              		.loc 1 342 2 view .LVU237
 1062 029e 2848     		ldr	r0, .L59+124
 1063 02a0 FFF7FEFF 		bl	puts
 1064              	.LVL102:
 343:Core/Src/Tools/Debug.c **** 
 344:Core/Src/Tools/Debug.c **** 	//ÂÄ§„ÅÆÂ§âÊõ¥„ÅØÁµÇ‰∫Ü
 345:Core/Src/Tools/Debug.c **** 
 346:Core/Src/Tools/Debug.c **** 	//ROM„Å´‰øùÂ≠ò„Åó„Åü„ÅÑ
 347:Core/Src/Tools/Debug.c **** 	//work_ram[5120] ‰ª•Èôç„Åã„Çâ‰Ωø„Åà„Çã„ÄÇ(„Åì„Çå„Çà„ÇäÂâç„ÅØ„Éû„ÉÉ„Éó„Éá„Éº„ÇøÁ≠â)Âàá„Çä„ÅÆ„ÅÑ„ÅÑ5
 348:Core/Src/Tools/Debug.c **** 	Flash_clear_sector9();
 1065              		.loc 1 348 2 view .LVU238
 1066 02a4 FFF7FEFF 		bl	Flash_clear_sector9
 1067              	.LVL103:
 349:Core/Src/Tools/Debug.c **** 	//printf("\r\n„Å©„ÇÑ\r\n");
 350:Core/Src/Tools/Debug.c **** 	Copy_Gain();
 1068              		.loc 1 350 2 view .LVU239
 1069 02a8 FFF7FEFF 		bl	Copy_Gain
 1070              	.LVL104:
 351:Core/Src/Tools/Debug.c **** 	//printf("\r\n„ÅÑ„ÅÑ„Å≠\r\n");
 352:Core/Src/Tools/Debug.c **** 
 353:Core/Src/Tools/Debug.c **** 	ChangeLED(7);
 1071              		.loc 1 353 2 view .LVU240
 1072 02ac 0720     		movs	r0, #7
 1073 02ae FFF7FEFF 		bl	ChangeLED
 1074              	.LVL105:
 354:Core/Src/Tools/Debug.c **** 	HAL_Delay(200);
 1075              		.loc 1 354 2 view .LVU241
 1076 02b2 C820     		movs	r0, #200
 1077 02b4 FFF7FEFF 		bl	HAL_Delay
 1078              	.LVL106:
 355:Core/Src/Tools/Debug.c **** 	ChangeLED(0);
 1079              		.loc 1 355 2 view .LVU242
 1080 02b8 0020     		movs	r0, #0
 1081 02ba FFF7FEFF 		bl	ChangeLED
 1082              	.LVL107:
 356:Core/Src/Tools/Debug.c **** 
 357:Core/Src/Tools/Debug.c **** 	//Âà•„ÅÆ„É¢„Éº„Éâ„Å´ÁßªË°å„Åô„Çã„ÄÇ‰ªäÂõû„ÅØ„Åó„Å™„ÅÑ„ÄÇ
 358:Core/Src/Tools/Debug.c **** //	mode.select = 3;
ARM GAS  /var/folders/v_/kwz_t0cs68g1q1d733r227b80000gn/T//ccBiiJWM.s 			page 29


 359:Core/Src/Tools/Debug.c **** //	HAL_TIM_Encoder_Start(&htim3,TIM_CHANNEL_ALL);
 360:Core/Src/Tools/Debug.c **** //	TIM3 -> CNT = 30000 - 1;
 361:Core/Src/Tools/Debug.c **** //	Execution_Select();
 362:Core/Src/Tools/Debug.c **** //	Encoder_Start();
 363:Core/Src/Tools/Debug.c **** //	Encoder_Reset();
 364:Core/Src/Tools/Debug.c **** //	IMU_Calib();
 365:Core/Src/Tools/Debug.c **** #if 0
 366:Core/Src/Tools/Debug.c **** 	HAL_TIM_Base_Start_IT(&htim1);
 367:Core/Src/Tools/Debug.c **** 	HAL_TIM_Base_Start_IT(&htim8);
 368:Core/Src/Tools/Debug.c **** 	Motor_PWM_Start();
 369:Core/Src/Tools/Debug.c **** 	Emitter_ON();
 370:Core/Src/Tools/Debug.c **** 	ADC_Start();
 371:Core/Src/Tools/Debug.c **** #endif
 372:Core/Src/Tools/Debug.c **** }
 1083              		.loc 1 372 1 is_stmt 0 view .LVU243
 1084 02be 06B0     		add	sp, sp, #24
 1085              	.LCFI13:
 1086              		.cfi_def_cfa_offset 24
 1087              		@ sp needed
 1088 02c0 BDE8F081 		pop	{r4, r5, r6, r7, r8, pc}
 1089              	.L60:
 1090              		.align	2
 1091              	.L59:
 1092 02c4 00000000 		.word	htim1
 1093 02c8 00000000 		.word	htim8
 1094 02cc C0000000 		.word	.LC11
 1095 02d0 28010000 		.word	.LC17
 1096 02d4 00000000 		.word	.LC4
 1097 02d8 00000000 		.word	Pid
 1098 02dc 18000000 		.word	.LC5
 1099 02e0 38000000 		.word	.LC6
 1100 02e4 54000000 		.word	.LC7
 1101 02e8 70000000 		.word	.LC8
 1102 02ec 8C000000 		.word	.LC9
 1103 02f0 A8000000 		.word	.LC10
 1104 02f4 C4000000 		.word	.LC12
 1105 02f8 D8000000 		.word	.LC13
 1106 02fc FC000000 		.word	.LC14
 1107 0300 B0000000 		.word	Pid+176
 1108 0304 10010000 		.word	.LC15
 1109 0308 B4000000 		.word	Pid+180
 1110 030c B8000000 		.word	Pid+184
 1111 0310 08000000 		.word	Pid+8
 1112 0314 04000000 		.word	Pid+4
 1113 0318 60000000 		.word	Pid+96
 1114 031c 58000000 		.word	Pid+88
 1115 0320 5C000000 		.word	Pid+92
 1116 0324 8C000000 		.word	Pid+140
 1117 0328 84000000 		.word	Pid+132
 1118 032c 88000000 		.word	Pid+136
 1119 0330 34000000 		.word	Pid+52
 1120 0334 2C000000 		.word	Pid+44
 1121 0338 30000000 		.word	Pid+48
 1122 033c 14010000 		.word	.LC16
 1123 0340 2C010000 		.word	.LC18
 1124              		.cfi_endproc
 1125              	.LFE242:
ARM GAS  /var/folders/v_/kwz_t0cs68g1q1d733r227b80000gn/T//ccBiiJWM.s 			page 30


 1127              		.text
 1128              	.Letext0:
 1129              		.file 2 "/usr/local/Cellar/arm-none-eabi-gcc/10.3-2021.07/gcc/arm-none-eabi/include/machine/_defau
 1130              		.file 3 "/usr/local/Cellar/arm-none-eabi-gcc/10.3-2021.07/gcc/arm-none-eabi/include/sys/_stdint.h"
 1131              		.file 4 "Drivers/CMSIS/Device/ST/STM32F4xx/Include/stm32f405xx.h"
 1132              		.file 5 "Drivers/STM32F4xx_HAL_Driver/Inc/stm32f4xx_hal_def.h"
 1133              		.file 6 "Drivers/STM32F4xx_HAL_Driver/Inc/stm32f4xx_hal_dma.h"
 1134              		.file 7 "Drivers/STM32F4xx_HAL_Driver/Inc/stm32f4xx_hal_tim.h"
 1135              		.file 8 "/usr/local/Cellar/arm-none-eabi-gcc/10.3-2021.07/gcc/lib/gcc/arm-none-eabi/10.3.1/include
 1136              		.file 9 "/usr/local/Cellar/arm-none-eabi-gcc/10.3-2021.07/gcc/arm-none-eabi/include/sys/_types.h"
 1137              		.file 10 "/usr/local/Cellar/arm-none-eabi-gcc/10.3-2021.07/gcc/arm-none-eabi/include/sys/reent.h"
 1138              		.file 11 "/usr/local/Cellar/arm-none-eabi-gcc/10.3-2021.07/gcc/arm-none-eabi/include/sys/lock.h"
 1139              		.file 12 "Core/Inc/Flash.h"
 1140              		.file 13 "Core/Inc/PID_Control.h"
 1141              		.file 14 "Core/Inc/IEH2_4096.h"
 1142              		.file 15 "Core/Inc/IR_Emitter.h"
 1143              		.file 16 "Core/Inc/Motor_Driver.h"
 1144              		.file 17 "Core/Inc/MicroMouse.h"
 1145              		.file 18 "Drivers/STM32F4xx_HAL_Driver/Inc/stm32f4xx_hal.h"
 1146              		.file 19 "/usr/local/Cellar/arm-none-eabi-gcc/10.3-2021.07/gcc/arm-none-eabi/include/stdio.h"
 1147              		.file 20 "Core/Inc/LED_Driver.h"
 1148              		.file 21 "<built-in>"
 1149              		.file 22 "Core/Inc/tim_info.h"
ARM GAS  /var/folders/v_/kwz_t0cs68g1q1d733r227b80000gn/T//ccBiiJWM.s 			page 31


DEFINED SYMBOLS
                            *ABS*:0000000000000000 Debug.c
/var/folders/v_/kwz_t0cs68g1q1d733r227b80000gn/T//ccBiiJWM.s:18     .text.printHardWareInformation:0000000000000000 $t
/var/folders/v_/kwz_t0cs68g1q1d733r227b80000gn/T//ccBiiJWM.s:26     .text.printHardWareInformation:0000000000000000 printHardWareInformation
/var/folders/v_/kwz_t0cs68g1q1d733r227b80000gn/T//ccBiiJWM.s:67     .text.printHardWareInformation:0000000000000028 $d
/var/folders/v_/kwz_t0cs68g1q1d733r227b80000gn/T//ccBiiJWM.s:77     .text.Buffering:0000000000000000 $t
/var/folders/v_/kwz_t0cs68g1q1d733r227b80000gn/T//ccBiiJWM.s:84     .text.Buffering:0000000000000000 Buffering
/var/folders/v_/kwz_t0cs68g1q1d733r227b80000gn/T//ccBiiJWM.s:117    .text.Buffering:000000000000001c $d
/var/folders/v_/kwz_t0cs68g1q1d733r227b80000gn/T//ccBiiJWM.s:122    .text.Copy_Gain:0000000000000000 $t
/var/folders/v_/kwz_t0cs68g1q1d733r227b80000gn/T//ccBiiJWM.s:129    .text.Copy_Gain:0000000000000000 Copy_Gain
/var/folders/v_/kwz_t0cs68g1q1d733r227b80000gn/T//ccBiiJWM.s:275    .text.Copy_Gain:000000000000007c $d
/var/folders/v_/kwz_t0cs68g1q1d733r227b80000gn/T//ccBiiJWM.s:282    .rodata.Load_Gain.str1.4:0000000000000000 $d
/var/folders/v_/kwz_t0cs68g1q1d733r227b80000gn/T//ccBiiJWM.s:297    .text.Load_Gain:0000000000000000 $t
/var/folders/v_/kwz_t0cs68g1q1d733r227b80000gn/T//ccBiiJWM.s:304    .text.Load_Gain:0000000000000000 Load_Gain
/var/folders/v_/kwz_t0cs68g1q1d733r227b80000gn/T//ccBiiJWM.s:559    .text.Load_Gain:0000000000000194 $d
/var/folders/v_/kwz_t0cs68g1q1d733r227b80000gn/T//ccBiiJWM.s:572    .rodata.Change_Gain.str1.4:0000000000000000 $d
/var/folders/v_/kwz_t0cs68g1q1d733r227b80000gn/T//ccBiiJWM.s:625    .text.Change_Gain:0000000000000000 $t
/var/folders/v_/kwz_t0cs68g1q1d733r227b80000gn/T//ccBiiJWM.s:632    .text.Change_Gain:0000000000000000 Change_Gain
/var/folders/v_/kwz_t0cs68g1q1d733r227b80000gn/T//ccBiiJWM.s:886    .text.Change_Gain:00000000000001a4 $d
/var/folders/v_/kwz_t0cs68g1q1d733r227b80000gn/T//ccBiiJWM.s:891    .text.Change_Gain:00000000000001b8 $t
/var/folders/v_/kwz_t0cs68g1q1d733r227b80000gn/T//ccBiiJWM.s:1092   .text.Change_Gain:00000000000002c4 $d

UNDEFINED SYMBOLS
printTIMinfo
htim1
htim8
htim2
htim5
htim3
htim4
setbuf
_impure_ptr
memset
FLASH_Write_Word_F
start_adress_sector9
Pid
__aeabi_f2d
FLASH_Read_Word_F
printf
PIDSetGain
puts
Flash_clear_sector9
HAL_TIM_Base_Stop_IT
Motor_PWM_Stop
EmitterOFF
HAL_Delay
scanf
ChangeLED
