ARM GAS  C:\Users\leopi\AppData\Local\Temp\ccxnQxxY.s 			page 1


   1              		.cpu cortex-m4
   2              		.arch armv7e-m
   3              		.fpu fpv4-sp-d16
   4              		.eabi_attribute 27, 1
   5              		.eabi_attribute 28, 1
   6              		.eabi_attribute 20, 1
   7              		.eabi_attribute 21, 1
   8              		.eabi_attribute 23, 3
   9              		.eabi_attribute 24, 1
  10              		.eabi_attribute 25, 1
  11              		.eabi_attribute 26, 1
  12              		.eabi_attribute 30, 1
  13              		.eabi_attribute 34, 1
  14              		.eabi_attribute 18, 4
  15              		.file	"gpio.c"
  16              		.text
  17              	.Ltext0:
  18              		.cfi_sections	.debug_frame
  19              		.section	.text.MX_GPIO_Init,"ax",%progbits
  20              		.align	1
  21              		.global	MX_GPIO_Init
  22              		.syntax unified
  23              		.thumb
  24              		.thumb_func
  26              	MX_GPIO_Init:
  27              	.LFB235:
  28              		.file 1 "Core/Src/gpio.c"
   1:Core/Src/gpio.c **** /* USER CODE BEGIN Header */
   2:Core/Src/gpio.c **** /**
   3:Core/Src/gpio.c ****   ******************************************************************************
   4:Core/Src/gpio.c ****   * @file    gpio.c
   5:Core/Src/gpio.c ****   * @brief   This file provides code for the configuration
   6:Core/Src/gpio.c ****   *          of all used GPIO pins.
   7:Core/Src/gpio.c ****   ******************************************************************************
   8:Core/Src/gpio.c ****   * @attention
   9:Core/Src/gpio.c ****   *
  10:Core/Src/gpio.c ****   * Copyright (c) 2023 STMicroelectronics.
  11:Core/Src/gpio.c ****   * All rights reserved.
  12:Core/Src/gpio.c ****   *
  13:Core/Src/gpio.c ****   * This software is licensed under terms that can be found in the LICENSE file
  14:Core/Src/gpio.c ****   * in the root directory of this software component.
  15:Core/Src/gpio.c ****   * If no LICENSE file comes with this software, it is provided AS-IS.
  16:Core/Src/gpio.c ****   *
  17:Core/Src/gpio.c ****   ******************************************************************************
  18:Core/Src/gpio.c ****   */
  19:Core/Src/gpio.c **** /* USER CODE END Header */
  20:Core/Src/gpio.c **** 
  21:Core/Src/gpio.c **** /* Includes ------------------------------------------------------------------*/
  22:Core/Src/gpio.c **** #include "gpio.h"
  23:Core/Src/gpio.c **** 
  24:Core/Src/gpio.c **** /* USER CODE BEGIN 0 */
  25:Core/Src/gpio.c **** 
  26:Core/Src/gpio.c **** /* USER CODE END 0 */
  27:Core/Src/gpio.c **** 
  28:Core/Src/gpio.c **** /*----------------------------------------------------------------------------*/
  29:Core/Src/gpio.c **** /* Configure GPIO                                                             */
  30:Core/Src/gpio.c **** /*----------------------------------------------------------------------------*/
ARM GAS  C:\Users\leopi\AppData\Local\Temp\ccxnQxxY.s 			page 2


  31:Core/Src/gpio.c **** /* USER CODE BEGIN 1 */
  32:Core/Src/gpio.c **** 
  33:Core/Src/gpio.c **** /* USER CODE END 1 */
  34:Core/Src/gpio.c **** 
  35:Core/Src/gpio.c **** /** Configure pins as
  36:Core/Src/gpio.c ****         * Analog
  37:Core/Src/gpio.c ****         * Input
  38:Core/Src/gpio.c ****         * Output
  39:Core/Src/gpio.c ****         * EVENT_OUT
  40:Core/Src/gpio.c ****         * EXTI
  41:Core/Src/gpio.c **** */
  42:Core/Src/gpio.c **** void MX_GPIO_Init(void)
  43:Core/Src/gpio.c **** {
  29              		.loc 1 43 1 view -0
  30              		.cfi_startproc
  31              		@ args = 0, pretend = 0, frame = 40
  32              		@ frame_needed = 0, uses_anonymous_args = 0
  33 0000 2DE9F043 		push	{r4, r5, r6, r7, r8, r9, lr}
  34              	.LCFI0:
  35              		.cfi_def_cfa_offset 28
  36              		.cfi_offset 4, -28
  37              		.cfi_offset 5, -24
  38              		.cfi_offset 6, -20
  39              		.cfi_offset 7, -16
  40              		.cfi_offset 8, -12
  41              		.cfi_offset 9, -8
  42              		.cfi_offset 14, -4
  43 0004 8BB0     		sub	sp, sp, #44
  44              	.LCFI1:
  45              		.cfi_def_cfa_offset 72
  44:Core/Src/gpio.c **** 
  45:Core/Src/gpio.c ****   GPIO_InitTypeDef GPIO_InitStruct = {0};
  46              		.loc 1 45 3 view .LVU1
  47              		.loc 1 45 20 is_stmt 0 view .LVU2
  48 0006 0024     		movs	r4, #0
  49 0008 0594     		str	r4, [sp, #20]
  50 000a 0694     		str	r4, [sp, #24]
  51 000c 0794     		str	r4, [sp, #28]
  52 000e 0894     		str	r4, [sp, #32]
  53 0010 0994     		str	r4, [sp, #36]
  46:Core/Src/gpio.c **** 
  47:Core/Src/gpio.c ****   /* GPIO Ports Clock Enable */
  48:Core/Src/gpio.c ****   __HAL_RCC_GPIOH_CLK_ENABLE();
  54              		.loc 1 48 3 is_stmt 1 view .LVU3
  55              	.LBB2:
  56              		.loc 1 48 3 view .LVU4
  57 0012 0094     		str	r4, [sp]
  58              		.loc 1 48 3 view .LVU5
  59 0014 454B     		ldr	r3, .L3
  60 0016 1A6B     		ldr	r2, [r3, #48]
  61 0018 42F08002 		orr	r2, r2, #128
  62 001c 1A63     		str	r2, [r3, #48]
  63              		.loc 1 48 3 view .LVU6
  64 001e 1A6B     		ldr	r2, [r3, #48]
  65 0020 02F08002 		and	r2, r2, #128
  66 0024 0092     		str	r2, [sp]
  67              		.loc 1 48 3 view .LVU7
ARM GAS  C:\Users\leopi\AppData\Local\Temp\ccxnQxxY.s 			page 3


  68 0026 009A     		ldr	r2, [sp]
  69              	.LBE2:
  70              		.loc 1 48 3 view .LVU8
  49:Core/Src/gpio.c ****   __HAL_RCC_GPIOC_CLK_ENABLE();
  71              		.loc 1 49 3 view .LVU9
  72              	.LBB3:
  73              		.loc 1 49 3 view .LVU10
  74 0028 0194     		str	r4, [sp, #4]
  75              		.loc 1 49 3 view .LVU11
  76 002a 1A6B     		ldr	r2, [r3, #48]
  77 002c 42F00402 		orr	r2, r2, #4
  78 0030 1A63     		str	r2, [r3, #48]
  79              		.loc 1 49 3 view .LVU12
  80 0032 1A6B     		ldr	r2, [r3, #48]
  81 0034 02F00402 		and	r2, r2, #4
  82 0038 0192     		str	r2, [sp, #4]
  83              		.loc 1 49 3 view .LVU13
  84 003a 019A     		ldr	r2, [sp, #4]
  85              	.LBE3:
  86              		.loc 1 49 3 view .LVU14
  50:Core/Src/gpio.c ****   __HAL_RCC_GPIOA_CLK_ENABLE();
  87              		.loc 1 50 3 view .LVU15
  88              	.LBB4:
  89              		.loc 1 50 3 view .LVU16
  90 003c 0294     		str	r4, [sp, #8]
  91              		.loc 1 50 3 view .LVU17
  92 003e 1A6B     		ldr	r2, [r3, #48]
  93 0040 42F00102 		orr	r2, r2, #1
  94 0044 1A63     		str	r2, [r3, #48]
  95              		.loc 1 50 3 view .LVU18
  96 0046 1A6B     		ldr	r2, [r3, #48]
  97 0048 02F00102 		and	r2, r2, #1
  98 004c 0292     		str	r2, [sp, #8]
  99              		.loc 1 50 3 view .LVU19
 100 004e 029A     		ldr	r2, [sp, #8]
 101              	.LBE4:
 102              		.loc 1 50 3 view .LVU20
  51:Core/Src/gpio.c ****   __HAL_RCC_GPIOB_CLK_ENABLE();
 103              		.loc 1 51 3 view .LVU21
 104              	.LBB5:
 105              		.loc 1 51 3 view .LVU22
 106 0050 0394     		str	r4, [sp, #12]
 107              		.loc 1 51 3 view .LVU23
 108 0052 1A6B     		ldr	r2, [r3, #48]
 109 0054 42F00202 		orr	r2, r2, #2
 110 0058 1A63     		str	r2, [r3, #48]
 111              		.loc 1 51 3 view .LVU24
 112 005a 1A6B     		ldr	r2, [r3, #48]
 113 005c 02F00202 		and	r2, r2, #2
 114 0060 0392     		str	r2, [sp, #12]
 115              		.loc 1 51 3 view .LVU25
 116 0062 039A     		ldr	r2, [sp, #12]
 117              	.LBE5:
 118              		.loc 1 51 3 view .LVU26
  52:Core/Src/gpio.c ****   __HAL_RCC_GPIOD_CLK_ENABLE();
 119              		.loc 1 52 3 view .LVU27
 120              	.LBB6:
ARM GAS  C:\Users\leopi\AppData\Local\Temp\ccxnQxxY.s 			page 4


 121              		.loc 1 52 3 view .LVU28
 122 0064 0494     		str	r4, [sp, #16]
 123              		.loc 1 52 3 view .LVU29
 124 0066 1A6B     		ldr	r2, [r3, #48]
 125 0068 42F00802 		orr	r2, r2, #8
 126 006c 1A63     		str	r2, [r3, #48]
 127              		.loc 1 52 3 view .LVU30
 128 006e 1B6B     		ldr	r3, [r3, #48]
 129 0070 03F00803 		and	r3, r3, #8
 130 0074 0493     		str	r3, [sp, #16]
 131              		.loc 1 52 3 view .LVU31
 132 0076 049B     		ldr	r3, [sp, #16]
 133              	.LBE6:
 134              		.loc 1 52 3 view .LVU32
  53:Core/Src/gpio.c **** 
  54:Core/Src/gpio.c ****   /*Configure GPIO pin Output Level */
  55:Core/Src/gpio.c ****   HAL_GPIO_WritePin(GPIOA, GPIO_PIN_0|GPIO_PIN_2, GPIO_PIN_RESET);
 135              		.loc 1 55 3 view .LVU33
 136 0078 DFF8BC90 		ldr	r9, .L3+12
 137 007c 2246     		mov	r2, r4
 138 007e 0521     		movs	r1, #5
 139 0080 4846     		mov	r0, r9
 140 0082 FFF7FEFF 		bl	HAL_GPIO_WritePin
 141              	.LVL0:
  56:Core/Src/gpio.c **** 
  57:Core/Src/gpio.c ****   /*Configure GPIO pin Output Level */
  58:Core/Src/gpio.c ****   HAL_GPIO_WritePin(GPIOC, GPIO_PIN_8|GPIO_PIN_9, GPIO_PIN_RESET);
 142              		.loc 1 58 3 view .LVU34
 143 0086 DFF8B480 		ldr	r8, .L3+16
 144 008a 2246     		mov	r2, r4
 145 008c 4FF44071 		mov	r1, #768
 146 0090 4046     		mov	r0, r8
 147 0092 FFF7FEFF 		bl	HAL_GPIO_WritePin
 148              	.LVL1:
  59:Core/Src/gpio.c **** 
  60:Core/Src/gpio.c ****   /*Configure GPIO pin Output Level */
  61:Core/Src/gpio.c ****   HAL_GPIO_WritePin(GPIOD, GPIO_PIN_2, GPIO_PIN_RESET);
 149              		.loc 1 61 3 view .LVU35
 150 0096 264F     		ldr	r7, .L3+4
 151 0098 2246     		mov	r2, r4
 152 009a 0421     		movs	r1, #4
 153 009c 3846     		mov	r0, r7
 154 009e FFF7FEFF 		bl	HAL_GPIO_WritePin
 155              	.LVL2:
  62:Core/Src/gpio.c **** 
  63:Core/Src/gpio.c ****   /*Configure GPIO pin Output Level */
  64:Core/Src/gpio.c ****   HAL_GPIO_WritePin(GPIOB, GPIO_PIN_9, GPIO_PIN_RESET);
 156              		.loc 1 64 3 view .LVU36
 157 00a2 244E     		ldr	r6, .L3+8
 158 00a4 2246     		mov	r2, r4
 159 00a6 4FF40071 		mov	r1, #512
 160 00aa 3046     		mov	r0, r6
 161 00ac FFF7FEFF 		bl	HAL_GPIO_WritePin
 162              	.LVL3:
  65:Core/Src/gpio.c **** 
  66:Core/Src/gpio.c ****   /*Configure GPIO pins : PA0 PA2 */
  67:Core/Src/gpio.c ****   GPIO_InitStruct.Pin = GPIO_PIN_0|GPIO_PIN_2;
ARM GAS  C:\Users\leopi\AppData\Local\Temp\ccxnQxxY.s 			page 5


 163              		.loc 1 67 3 view .LVU37
 164              		.loc 1 67 23 is_stmt 0 view .LVU38
 165 00b0 0523     		movs	r3, #5
 166 00b2 0593     		str	r3, [sp, #20]
  68:Core/Src/gpio.c ****   GPIO_InitStruct.Mode = GPIO_MODE_OUTPUT_PP;
 167              		.loc 1 68 3 is_stmt 1 view .LVU39
 168              		.loc 1 68 24 is_stmt 0 view .LVU40
 169 00b4 0125     		movs	r5, #1
 170 00b6 0695     		str	r5, [sp, #24]
  69:Core/Src/gpio.c ****   GPIO_InitStruct.Pull = GPIO_NOPULL;
 171              		.loc 1 69 3 is_stmt 1 view .LVU41
 172              		.loc 1 69 24 is_stmt 0 view .LVU42
 173 00b8 0794     		str	r4, [sp, #28]
  70:Core/Src/gpio.c ****   GPIO_InitStruct.Speed = GPIO_SPEED_FREQ_LOW;
 174              		.loc 1 70 3 is_stmt 1 view .LVU43
 175              		.loc 1 70 25 is_stmt 0 view .LVU44
 176 00ba 0894     		str	r4, [sp, #32]
  71:Core/Src/gpio.c ****   HAL_GPIO_Init(GPIOA, &GPIO_InitStruct);
 177              		.loc 1 71 3 is_stmt 1 view .LVU45
 178 00bc 05A9     		add	r1, sp, #20
 179 00be 4846     		mov	r0, r9
 180 00c0 FFF7FEFF 		bl	HAL_GPIO_Init
 181              	.LVL4:
  72:Core/Src/gpio.c **** 
  73:Core/Src/gpio.c ****   /*Configure GPIO pin : PB12 */
  74:Core/Src/gpio.c ****   GPIO_InitStruct.Pin = GPIO_PIN_12;
 182              		.loc 1 74 3 view .LVU46
 183              		.loc 1 74 23 is_stmt 0 view .LVU47
 184 00c4 4FF48053 		mov	r3, #4096
 185 00c8 0593     		str	r3, [sp, #20]
  75:Core/Src/gpio.c ****   GPIO_InitStruct.Mode = GPIO_MODE_IT_RISING;
 186              		.loc 1 75 3 is_stmt 1 view .LVU48
 187              		.loc 1 75 24 is_stmt 0 view .LVU49
 188 00ca 4FF48813 		mov	r3, #1114112
 189 00ce 0693     		str	r3, [sp, #24]
  76:Core/Src/gpio.c ****   GPIO_InitStruct.Pull = GPIO_NOPULL;
 190              		.loc 1 76 3 is_stmt 1 view .LVU50
 191              		.loc 1 76 24 is_stmt 0 view .LVU51
 192 00d0 0794     		str	r4, [sp, #28]
  77:Core/Src/gpio.c ****   HAL_GPIO_Init(GPIOB, &GPIO_InitStruct);
 193              		.loc 1 77 3 is_stmt 1 view .LVU52
 194 00d2 05A9     		add	r1, sp, #20
 195 00d4 3046     		mov	r0, r6
 196 00d6 FFF7FEFF 		bl	HAL_GPIO_Init
 197              	.LVL5:
  78:Core/Src/gpio.c **** 
  79:Core/Src/gpio.c ****   /*Configure GPIO pins : PC8 PC9 */
  80:Core/Src/gpio.c ****   GPIO_InitStruct.Pin = GPIO_PIN_8|GPIO_PIN_9;
 198              		.loc 1 80 3 view .LVU53
 199              		.loc 1 80 23 is_stmt 0 view .LVU54
 200 00da 4FF44073 		mov	r3, #768
 201 00de 0593     		str	r3, [sp, #20]
  81:Core/Src/gpio.c ****   GPIO_InitStruct.Mode = GPIO_MODE_OUTPUT_PP;
 202              		.loc 1 81 3 is_stmt 1 view .LVU55
 203              		.loc 1 81 24 is_stmt 0 view .LVU56
 204 00e0 0695     		str	r5, [sp, #24]
  82:Core/Src/gpio.c ****   GPIO_InitStruct.Pull = GPIO_NOPULL;
ARM GAS  C:\Users\leopi\AppData\Local\Temp\ccxnQxxY.s 			page 6


 205              		.loc 1 82 3 is_stmt 1 view .LVU57
 206              		.loc 1 82 24 is_stmt 0 view .LVU58
 207 00e2 0794     		str	r4, [sp, #28]
  83:Core/Src/gpio.c ****   GPIO_InitStruct.Speed = GPIO_SPEED_FREQ_LOW;
 208              		.loc 1 83 3 is_stmt 1 view .LVU59
 209              		.loc 1 83 25 is_stmt 0 view .LVU60
 210 00e4 0894     		str	r4, [sp, #32]
  84:Core/Src/gpio.c ****   HAL_GPIO_Init(GPIOC, &GPIO_InitStruct);
 211              		.loc 1 84 3 is_stmt 1 view .LVU61
 212 00e6 05A9     		add	r1, sp, #20
 213 00e8 4046     		mov	r0, r8
 214 00ea FFF7FEFF 		bl	HAL_GPIO_Init
 215              	.LVL6:
  85:Core/Src/gpio.c **** 
  86:Core/Src/gpio.c ****   /*Configure GPIO pin : PD2 */
  87:Core/Src/gpio.c ****   GPIO_InitStruct.Pin = GPIO_PIN_2;
 216              		.loc 1 87 3 view .LVU62
 217              		.loc 1 87 23 is_stmt 0 view .LVU63
 218 00ee 0423     		movs	r3, #4
 219 00f0 0593     		str	r3, [sp, #20]
  88:Core/Src/gpio.c ****   GPIO_InitStruct.Mode = GPIO_MODE_OUTPUT_PP;
 220              		.loc 1 88 3 is_stmt 1 view .LVU64
 221              		.loc 1 88 24 is_stmt 0 view .LVU65
 222 00f2 0695     		str	r5, [sp, #24]
  89:Core/Src/gpio.c ****   GPIO_InitStruct.Pull = GPIO_NOPULL;
 223              		.loc 1 89 3 is_stmt 1 view .LVU66
 224              		.loc 1 89 24 is_stmt 0 view .LVU67
 225 00f4 0794     		str	r4, [sp, #28]
  90:Core/Src/gpio.c ****   GPIO_InitStruct.Speed = GPIO_SPEED_FREQ_LOW;
 226              		.loc 1 90 3 is_stmt 1 view .LVU68
 227              		.loc 1 90 25 is_stmt 0 view .LVU69
 228 00f6 0894     		str	r4, [sp, #32]
  91:Core/Src/gpio.c ****   HAL_GPIO_Init(GPIOD, &GPIO_InitStruct);
 229              		.loc 1 91 3 is_stmt 1 view .LVU70
 230 00f8 05A9     		add	r1, sp, #20
 231 00fa 3846     		mov	r0, r7
 232 00fc FFF7FEFF 		bl	HAL_GPIO_Init
 233              	.LVL7:
  92:Core/Src/gpio.c **** 
  93:Core/Src/gpio.c ****   /*Configure GPIO pin : PB9 */
  94:Core/Src/gpio.c ****   GPIO_InitStruct.Pin = GPIO_PIN_9;
 234              		.loc 1 94 3 view .LVU71
 235              		.loc 1 94 23 is_stmt 0 view .LVU72
 236 0100 4FF40073 		mov	r3, #512
 237 0104 0593     		str	r3, [sp, #20]
  95:Core/Src/gpio.c ****   GPIO_InitStruct.Mode = GPIO_MODE_OUTPUT_PP;
 238              		.loc 1 95 3 is_stmt 1 view .LVU73
 239              		.loc 1 95 24 is_stmt 0 view .LVU74
 240 0106 0695     		str	r5, [sp, #24]
  96:Core/Src/gpio.c ****   GPIO_InitStruct.Pull = GPIO_NOPULL;
 241              		.loc 1 96 3 is_stmt 1 view .LVU75
 242              		.loc 1 96 24 is_stmt 0 view .LVU76
 243 0108 0794     		str	r4, [sp, #28]
  97:Core/Src/gpio.c ****   GPIO_InitStruct.Speed = GPIO_SPEED_FREQ_LOW;
 244              		.loc 1 97 3 is_stmt 1 view .LVU77
 245              		.loc 1 97 25 is_stmt 0 view .LVU78
 246 010a 0894     		str	r4, [sp, #32]
ARM GAS  C:\Users\leopi\AppData\Local\Temp\ccxnQxxY.s 			page 7


  98:Core/Src/gpio.c ****   HAL_GPIO_Init(GPIOB, &GPIO_InitStruct);
 247              		.loc 1 98 3 is_stmt 1 view .LVU79
 248 010c 05A9     		add	r1, sp, #20
 249 010e 3046     		mov	r0, r6
 250 0110 FFF7FEFF 		bl	HAL_GPIO_Init
 251              	.LVL8:
  99:Core/Src/gpio.c **** 
 100:Core/Src/gpio.c ****   /* EXTI interrupt init*/
 101:Core/Src/gpio.c ****   HAL_NVIC_SetPriority(EXTI15_10_IRQn, 0, 0);
 252              		.loc 1 101 3 view .LVU80
 253 0114 2246     		mov	r2, r4
 254 0116 2146     		mov	r1, r4
 255 0118 2820     		movs	r0, #40
 256 011a FFF7FEFF 		bl	HAL_NVIC_SetPriority
 257              	.LVL9:
 102:Core/Src/gpio.c ****   HAL_NVIC_EnableIRQ(EXTI15_10_IRQn);
 258              		.loc 1 102 3 view .LVU81
 259 011e 2820     		movs	r0, #40
 260 0120 FFF7FEFF 		bl	HAL_NVIC_EnableIRQ
 261              	.LVL10:
 103:Core/Src/gpio.c **** 
 104:Core/Src/gpio.c **** }
 262              		.loc 1 104 1 is_stmt 0 view .LVU82
 263 0124 0BB0     		add	sp, sp, #44
 264              	.LCFI2:
 265              		.cfi_def_cfa_offset 28
 266              		@ sp needed
 267 0126 BDE8F083 		pop	{r4, r5, r6, r7, r8, r9, pc}
 268              	.L4:
 269 012a 00BF     		.align	2
 270              	.L3:
 271 012c 00380240 		.word	1073887232
 272 0130 000C0240 		.word	1073875968
 273 0134 00040240 		.word	1073873920
 274 0138 00000240 		.word	1073872896
 275 013c 00080240 		.word	1073874944
 276              		.cfi_endproc
 277              	.LFE235:
 279              		.text
 280              	.Letext0:
 281              		.file 2 "c:\\tools\\gcc-arm-none-eabi-10_2021.10\\arm-none-eabi\\include\\machine\\_default_types.
 282              		.file 3 "c:\\tools\\gcc-arm-none-eabi-10_2021.10\\arm-none-eabi\\include\\sys\\_stdint.h"
 283              		.file 4 "Drivers/CMSIS/Device/ST/STM32F4xx/Include/stm32f405xx.h"
 284              		.file 5 "Drivers/STM32F4xx_HAL_Driver/Inc/stm32f4xx_hal_gpio.h"
 285              		.file 6 "Drivers/STM32F4xx_HAL_Driver/Inc/stm32f4xx_hal_cortex.h"
ARM GAS  C:\Users\leopi\AppData\Local\Temp\ccxnQxxY.s 			page 8


DEFINED SYMBOLS
                            *ABS*:00000000 gpio.c
C:\Users\leopi\AppData\Local\Temp\ccxnQxxY.s:20     .text.MX_GPIO_Init:00000000 $t
C:\Users\leopi\AppData\Local\Temp\ccxnQxxY.s:26     .text.MX_GPIO_Init:00000000 MX_GPIO_Init
C:\Users\leopi\AppData\Local\Temp\ccxnQxxY.s:271    .text.MX_GPIO_Init:0000012c $d

UNDEFINED SYMBOLS
HAL_GPIO_WritePin
HAL_GPIO_Init
HAL_NVIC_SetPriority
HAL_NVIC_EnableIRQ
