ARM GAS  C:\Users\leopi\AppData\Local\Temp\cc18vQ2I.s 			page 1


   1              		.cpu cortex-m4
   2              		.arch armv7e-m
   3              		.fpu fpv4-sp-d16
   4              		.eabi_attribute 27, 1
   5              		.eabi_attribute 28, 1
   6              		.eabi_attribute 20, 1
   7              		.eabi_attribute 21, 1
   8              		.eabi_attribute 23, 3
   9              		.eabi_attribute 24, 1
  10              		.eabi_attribute 25, 1
  11              		.eabi_attribute 26, 1
  12              		.eabi_attribute 30, 1
  13              		.eabi_attribute 34, 1
  14              		.eabi_attribute 18, 4
  15              		.file	"main.c"
  16              		.text
  17              	.Ltext0:
  18              		.cfi_sections	.debug_frame
  19              		.section	.text.__io_putchar,"ax",%progbits
  20              		.align	1
  21              		.global	__io_putchar
  22              		.syntax unified
  23              		.thumb
  24              		.thumb_func
  26              	__io_putchar:
  27              	.LVL0:
  28              	.LFB238:
  29              		.file 1 "Core/Src/main.c"
   1:Core/Src/main.c **** /* USER CODE BEGIN Header */
   2:Core/Src/main.c **** /* Variable rules */
   3:Core/Src/main.c **** // Grobal Variable  :  grobal, variable...
   4:Core/Src/main.c **** // Local Variable  :  Local, Variable...
   5:Core/Src/main.c **** // Macro  :  MACRO, DEIFNE...
   6:Core/Src/main.c **** /**
   7:Core/Src/main.c ****   ******************************************************************************
   8:Core/Src/main.c ****   * @file           : main.c
   9:Core/Src/main.c ****   * @brief          : Main program body
  10:Core/Src/main.c ****   ******************************************************************************
  11:Core/Src/main.c ****   * @attention
  12:Core/Src/main.c ****   *
  13:Core/Src/main.c ****   * <h2><center>&copy; Copyright (c) 2021 STMicroelectronics.
  14:Core/Src/main.c ****   * All rights reserved.</center></h2>
  15:Core/Src/main.c ****   *
  16:Core/Src/main.c ****   * This software component is licensed by ST under BSD 3-Clause license,
  17:Core/Src/main.c ****   * the "License"; You may not use this file except in compliance with the
  18:Core/Src/main.c ****   * License. You may obtain a copy of the License at:
  19:Core/Src/main.c ****   *                        opensource.org/licenses/BSD-3-Clause
  20:Core/Src/main.c ****   *
  21:Core/Src/main.c ****   ******************************************************************************
  22:Core/Src/main.c ****   */
  23:Core/Src/main.c **** /* USER CODE END Header */
  24:Core/Src/main.c **** /* Includes ------------------------------------------------------------------*/
  25:Core/Src/main.c **** #include "main.h"
  26:Core/Src/main.c **** #include "adc.h"
  27:Core/Src/main.c **** #include "dma.h"
  28:Core/Src/main.c **** #include "spi.h"
  29:Core/Src/main.c **** #include "tim.h"
ARM GAS  C:\Users\leopi\AppData\Local\Temp\cc18vQ2I.s 			page 2


  30:Core/Src/main.c **** #include "usart.h"
  31:Core/Src/main.c **** #include "gpio.h"
  32:Core/Src/main.c **** 
  33:Core/Src/main.c **** /* Private includes ----------------------------------------------------------*/
  34:Core/Src/main.c **** /* USER CODE BEGIN Includes */
  35:Core/Src/main.c **** #include "math.h"
  36:Core/Src/main.c **** #include "stdlib.h"
  37:Core/Src/main.c **** #include "stdio.h"
  38:Core/Src/main.c **** #include "stdbool.h"
  39:Core/Src/main.c **** #include "string.h"
  40:Core/Src/main.c **** #include "stdint.h"
  41:Core/Src/main.c **** 
  42:Core/Src/main.c **** #include "stm32f4xx_hal_tim.h"
  43:Core/Src/main.c **** 
  44:Core/Src/main.c **** //#include "ICM_20648.h"
  45:Core/Src/main.c **** //
  46:Core/Src/main.c **** #include "IEH2_4096.h"		//ã‚¨ãƒ³ã‚³ãƒ¼
  47:Core/Src/main.c **** #include "mouse_ADC.h"
  48:Core/Src/main.c **** #include "LED_Driver.h"
  49:Core/Src/main.c **** #include "IR_Emitter.h"	//ç™º
  50:Core/Src/main.c **** #include "Convert.h"
  51:Core/Src/main.c **** 
  52:Core/Src/main.c **** #include "UI.h"
  53:Core/Src/main.c **** #include "Interrupt.h"
  54:Core/Src/main.c **** #include "Mode.h"
  55:Core/Src/main.c **** 
  56:Core/Src/main.c **** #include "ICM_20648.h"
  57:Core/Src/main.c **** #include "PID_Control.h"
  58:Core/Src/main.c **** #include "Motor_Driver.h"
  59:Core/Src/main.c **** 
  60:Core/Src/main.c **** #include "MicroMouse.h"
  61:Core/Src/main.c **** 
  62:Core/Src/main.c **** //#include <HPP/wrapper.hpp>
  63:Core/Src/main.c **** /* USER CODE END Includes */
  64:Core/Src/main.c **** 
  65:Core/Src/main.c **** /* Private typedef -----------------------------------------------------------*/
  66:Core/Src/main.c **** /* USER CODE BEGIN PTD */
  67:Core/Src/main.c **** 
  68:Core/Src/main.c **** /* USER CODE END PTD */
  69:Core/Src/main.c **** 
  70:Core/Src/main.c **** /* Private define ------------------------------------------------------------*/
  71:Core/Src/main.c **** /* USER CODE BEGIN PD */
  72:Core/Src/main.c **** 
  73:Core/Src/main.c **** 
  74:Core/Src/main.c **** 
  75:Core/Src/main.c **** /*  ---ms---  åˆ¶å¾¡å‘¨     */
  76:Core/Src/main.c **** //#define _GNU_SOURCE
  77:Core/Src/main.c **** //#define PI 3.14159265358979323846
  78:Core/Src/main.c **** 
  79:Core/Src/main.c **** /*--èª¿æ•´ãƒ‘ãƒ©ãƒ¡ãƒ¼ã‚¿--*/
  80:Core/Src/main.c **** 
  81:Core/Src/main.c **** 
  82:Core/Src/main.c **** /* USER CODE END PD */
  83:Core/Src/main.c **** 
  84:Core/Src/main.c **** /* Private macro -------------------------------------------------------------*/
  85:Core/Src/main.c **** /* USER CODE BEGIN PM */
  86:Core/Src/main.c **** 
ARM GAS  C:\Users\leopi\AppData\Local\Temp\cc18vQ2I.s 			page 3


  87:Core/Src/main.c **** /* USER CODE END PM */
  88:Core/Src/main.c **** 
  89:Core/Src/main.c **** /* Private variables ---------------------------------------------------------*/
  90:Core/Src/main.c **** 
  91:Core/Src/main.c **** /* USER CODE BEGIN PV */
  92:Core/Src/main.c **** 
  93:Core/Src/main.c **** /* USER CODE END PV */
  94:Core/Src/main.c **** 
  95:Core/Src/main.c **** /* Private function prototypes -----------------------------------------------*/
  96:Core/Src/main.c **** void SystemClock_Config(void);
  97:Core/Src/main.c **** /* USER CODE BEGIN PFP */
  98:Core/Src/main.c **** extern void TIM5Init();
  99:Core/Src/main.c **** 
 100:Core/Src/main.c **** 
 101:Core/Src/main.c **** /* USER CODE END PFP */
 102:Core/Src/main.c **** 
 103:Core/Src/main.c **** /* Private user code ---------------------------------------------------------*/
 104:Core/Src/main.c **** /* USER CODE BEGIN 0 */
 105:Core/Src/main.c **** #ifdef __GNUC__
 106:Core/Src/main.c **** 	#define PUTCHAR_PROTOTYPE int __io_putchar(int ch)
 107:Core/Src/main.c **** 	#define GETCHAR_PROTOTYPE int __io_getchar(void)
 108:Core/Src/main.c **** #else
 109:Core/Src/main.c **** 	#define PUTCHAR_PROTOTYPE int fputc(int ch, FILE *f)
 110:Core/Src/main.c **** 	#define GETCHAR_PROTOTYPE int f getc(FILE* f)
 111:Core/Src/main.c **** #endif /*__GNUC__*/
 112:Core/Src/main.c **** PUTCHAR_PROTOTYPE {
  30              		.loc 1 112 19 view -0
  31              		.cfi_startproc
  32              		@ args = 0, pretend = 0, frame = 8
  33              		@ frame_needed = 0, uses_anonymous_args = 0
  34              		.loc 1 112 19 is_stmt 0 view .LVU1
  35 0000 00B5     		push	{lr}
  36              	.LCFI0:
  37              		.cfi_def_cfa_offset 4
  38              		.cfi_offset 14, -4
  39 0002 83B0     		sub	sp, sp, #12
  40              	.LCFI1:
  41              		.cfi_def_cfa_offset 16
  42 0004 0190     		str	r0, [sp, #4]
 113:Core/Src/main.c **** 	HAL_UART_Transmit(&huart1, (uint8_t*)&ch, 1, 0xFFFF);
  43              		.loc 1 113 2 is_stmt 1 view .LVU2
  44 0006 4FF6FF73 		movw	r3, #65535
  45 000a 0122     		movs	r2, #1
  46 000c 01A9     		add	r1, sp, #4
  47 000e 0348     		ldr	r0, .L3
  48              	.LVL1:
  49              		.loc 1 113 2 is_stmt 0 view .LVU3
  50 0010 FFF7FEFF 		bl	HAL_UART_Transmit
  51              	.LVL2:
 114:Core/Src/main.c **** 	return ch;
  52              		.loc 1 114 2 is_stmt 1 view .LVU4
 115:Core/Src/main.c **** }
  53              		.loc 1 115 1 is_stmt 0 view .LVU5
  54 0014 0198     		ldr	r0, [sp, #4]
  55 0016 03B0     		add	sp, sp, #12
  56              	.LCFI2:
  57              		.cfi_def_cfa_offset 4
ARM GAS  C:\Users\leopi\AppData\Local\Temp\cc18vQ2I.s 			page 4


  58              		@ sp needed
  59 0018 5DF804FB 		ldr	pc, [sp], #4
  60              	.L4:
  61              		.align	2
  62              	.L3:
  63 001c 00000000 		.word	huart1
  64              		.cfi_endproc
  65              	.LFE238:
  67              		.section	.text.__io_getchar,"ax",%progbits
  68              		.align	1
  69              		.global	__io_getchar
  70              		.syntax unified
  71              		.thumb
  72              		.thumb_func
  74              	__io_getchar:
  75              	.LFB239:
 116:Core/Src/main.c **** int __io_getchar(void) {
  76              		.loc 1 116 24 is_stmt 1 view -0
  77              		.cfi_startproc
  78              		@ args = 0, pretend = 0, frame = 8
  79              		@ frame_needed = 0, uses_anonymous_args = 0
  80 0000 00B5     		push	{lr}
  81              	.LCFI3:
  82              		.cfi_def_cfa_offset 4
  83              		.cfi_offset 14, -4
  84 0002 83B0     		sub	sp, sp, #12
  85              	.LCFI4:
  86              		.cfi_def_cfa_offset 16
 117:Core/Src/main.c **** HAL_StatusTypeDef Status = HAL_BUSY;
  87              		.loc 1 117 1 view .LVU7
  88              	.LVL3:
 118:Core/Src/main.c **** uint8_t Data;
  89              		.loc 1 118 1 view .LVU8
 119:Core/Src/main.c **** 
 120:Core/Src/main.c **** while(Status != HAL_OK)
  90              		.loc 1 120 1 view .LVU9
 117:Core/Src/main.c **** uint8_t Data;
  91              		.loc 1 117 19 is_stmt 0 view .LVU10
  92 0004 0220     		movs	r0, #2
  93              		.loc 1 120 6 view .LVU11
  94 0006 06E0     		b	.L6
  95              	.LVL4:
  96              	.L7:
 121:Core/Src/main.c **** {
 122:Core/Src/main.c **** Status = HAL_UART_Receive(&huart1, &Data, sizeof(Data), 10);
  97              		.loc 1 122 1 is_stmt 1 view .LVU12
  98              		.loc 1 122 10 is_stmt 0 view .LVU13
  99 0008 0A23     		movs	r3, #10
 100 000a 0122     		movs	r2, #1
 101 000c 0DF10701 		add	r1, sp, #7
 102 0010 0448     		ldr	r0, .L9
 103              	.LVL5:
 104              		.loc 1 122 10 view .LVU14
 105 0012 FFF7FEFF 		bl	HAL_UART_Receive
 106              	.LVL6:
 107              	.L6:
 120:Core/Src/main.c **** {
ARM GAS  C:\Users\leopi\AppData\Local\Temp\cc18vQ2I.s 			page 5


 108              		.loc 1 120 6 is_stmt 1 view .LVU15
 109 0016 0028     		cmp	r0, #0
 110 0018 F6D1     		bne	.L7
 123:Core/Src/main.c **** //if(Status == HAL_ERROR)
 124:Core/Src/main.c **** //{
 125:Core/Src/main.c **** //	return 0;
 126:Core/Src/main.c **** //	break;
 127:Core/Src/main.c **** //}
 128:Core/Src/main.c **** }
 129:Core/Src/main.c **** return(Data);
 111              		.loc 1 129 1 view .LVU16
 130:Core/Src/main.c **** }
 112              		.loc 1 130 1 is_stmt 0 view .LVU17
 113 001a 9DF80700 		ldrb	r0, [sp, #7]	@ zero_extendqisi2
 114              	.LVL7:
 115              		.loc 1 130 1 view .LVU18
 116 001e 03B0     		add	sp, sp, #12
 117              	.LCFI5:
 118              		.cfi_def_cfa_offset 4
 119              		@ sp needed
 120 0020 5DF804FB 		ldr	pc, [sp], #4
 121              	.L10:
 122              		.align	2
 123              	.L9:
 124 0024 00000000 		.word	huart1
 125              		.cfi_endproc
 126              	.LFE239:
 128              		.section	.text.main,"ax",%progbits
 129              		.align	1
 130              		.global	main
 131              		.syntax unified
 132              		.thumb
 133              		.thumb_func
 135              	main:
 136              	.LFB240:
 131:Core/Src/main.c **** /*---- DEFINING FUNCTION ----*/
 132:Core/Src/main.c **** 
 133:Core/Src/main.c **** 
 134:Core/Src/main.c **** /*---- DEFINING FUNCTION END----*/
 135:Core/Src/main.c **** 
 136:Core/Src/main.c **** 
 137:Core/Src/main.c **** /* USER CODE END 0 */
 138:Core/Src/main.c **** 
 139:Core/Src/main.c **** /**
 140:Core/Src/main.c ****   * @brief  The application entry point.
 141:Core/Src/main.c ****   * @retval int
 142:Core/Src/main.c ****   */
 143:Core/Src/main.c **** int main(void)
 144:Core/Src/main.c **** {
 137              		.loc 1 144 1 is_stmt 1 view -0
 138              		.cfi_startproc
 139              		@ Volatile: function does not return.
 140              		@ args = 0, pretend = 0, frame = 0
 141              		@ frame_needed = 0, uses_anonymous_args = 0
 142 0000 08B5     		push	{r3, lr}
 143              	.LCFI6:
 144              		.cfi_def_cfa_offset 8
ARM GAS  C:\Users\leopi\AppData\Local\Temp\cc18vQ2I.s 			page 6


 145              		.cfi_offset 3, -8
 146              		.cfi_offset 14, -4
 145:Core/Src/main.c ****   /* USER CODE BEGIN 1 */
 146:Core/Src/main.c **** 
 147:Core/Src/main.c ****   /* USER CODE END 1 */
 148:Core/Src/main.c **** 
 149:Core/Src/main.c ****   /* MCU Configuration--------------------------------------------------------*/
 150:Core/Src/main.c **** 
 151:Core/Src/main.c ****   /* Reset of all peripherals, Initializes the Flash interface and the Systick. */
 152:Core/Src/main.c ****   HAL_Init();
 147              		.loc 1 152 3 view .LVU20
 148 0002 FFF7FEFF 		bl	HAL_Init
 149              	.LVL8:
 153:Core/Src/main.c **** 
 154:Core/Src/main.c ****   /* USER CODE BEGIN Init */
 155:Core/Src/main.c **** 
 156:Core/Src/main.c ****   MX_GPIO_Init();
 150              		.loc 1 156 3 view .LVU21
 151 0006 FFF7FEFF 		bl	MX_GPIO_Init
 152              	.LVL9:
 157:Core/Src/main.c ****   MX_DMA_Init();
 153              		.loc 1 157 3 view .LVU22
 154 000a FFF7FEFF 		bl	MX_DMA_Init
 155              	.LVL10:
 158:Core/Src/main.c ****   MX_ADC1_Init();
 156              		.loc 1 158 3 view .LVU23
 157 000e FFF7FEFF 		bl	MX_ADC1_Init
 158              	.LVL11:
 159:Core/Src/main.c ****   MX_ADC2_Init();
 159              		.loc 1 159 3 view .LVU24
 160 0012 FFF7FEFF 		bl	MX_ADC2_Init
 161              	.LVL12:
 160:Core/Src/main.c ****   MX_USART1_UART_Init();
 162              		.loc 1 160 3 view .LVU25
 163 0016 FFF7FEFF 		bl	MX_USART1_UART_Init
 164              	.LVL13:
 161:Core/Src/main.c **** 
 162:Core/Src/main.c **** 	ADCStart();
 165              		.loc 1 162 2 view .LVU26
 166 001a FFF7FEFF 		bl	ADCStart
 167              	.LVL14:
 163:Core/Src/main.c **** 	MX_TIM3_Init();
 168              		.loc 1 163 2 view .LVU27
 169 001e FFF7FEFF 		bl	MX_TIM3_Init
 170              	.LVL15:
 164:Core/Src/main.c **** 	BatteryCheck( (int)adc1[2] );
 171              		.loc 1 164 2 view .LVU28
 172 0022 0D4B     		ldr	r3, .L14
 173 0024 9868     		ldr	r0, [r3, #8]
 174 0026 FFF7FEFF 		bl	BatteryCheck
 175              	.LVL16:
 165:Core/Src/main.c **** 	ADCStop();
 176              		.loc 1 165 2 view .LVU29
 177 002a FFF7FEFF 		bl	ADCStop
 178              	.LVL17:
 179              	.L12:
 166:Core/Src/main.c **** 
ARM GAS  C:\Users\leopi\AppData\Local\Temp\cc18vQ2I.s 			page 7


 167:Core/Src/main.c ****   while(1){
 180              		.loc 1 167 3 discriminator 1 view .LVU30
 168:Core/Src/main.c **** 		HAL_GPIO_WritePin(GPIOC, GPIO_PIN_9, GPIO_PIN_SET);
 181              		.loc 1 168 3 discriminator 1 view .LVU31
 182 002e 0B4C     		ldr	r4, .L14+4
 183 0030 0122     		movs	r2, #1
 184 0032 4FF40071 		mov	r1, #512
 185 0036 2046     		mov	r0, r4
 186 0038 FFF7FEFF 		bl	HAL_GPIO_WritePin
 187              	.LVL18:
 169:Core/Src/main.c **** 		HAL_GPIO_WritePin(GPIOC, GPIO_PIN_8, GPIO_PIN_RESET);
 188              		.loc 1 169 3 discriminator 1 view .LVU32
 189 003c 0022     		movs	r2, #0
 190 003e 4FF48071 		mov	r1, #256
 191 0042 2046     		mov	r0, r4
 192 0044 FFF7FEFF 		bl	HAL_GPIO_WritePin
 193              	.LVL19:
 170:Core/Src/main.c **** 		HAL_GPIO_WritePin(GPIOB, GPIO_PIN_9, GPIO_PIN_SET);
 194              		.loc 1 170 3 discriminator 1 view .LVU33
 195 0048 0122     		movs	r2, #1
 196 004a 4FF40071 		mov	r1, #512
 197 004e 0448     		ldr	r0, .L14+8
 198 0050 FFF7FEFF 		bl	HAL_GPIO_WritePin
 199              	.LVL20:
 167:Core/Src/main.c **** 		HAL_GPIO_WritePin(GPIOC, GPIO_PIN_9, GPIO_PIN_SET);
 200              		.loc 1 167 8 discriminator 1 view .LVU34
 201 0054 EBE7     		b	.L12
 202              	.L15:
 203 0056 00BF     		.align	2
 204              	.L14:
 205 0058 00000000 		.word	adc1
 206 005c 00080240 		.word	1073874944
 207 0060 00040240 		.word	1073873920
 208              		.cfi_endproc
 209              	.LFE240:
 211              		.section	.text.Error_Handler,"ax",%progbits
 212              		.align	1
 213              		.global	Error_Handler
 214              		.syntax unified
 215              		.thumb
 216              		.thumb_func
 218              	Error_Handler:
 219              	.LFB242:
 171:Core/Src/main.c ****   }
 172:Core/Src/main.c **** 	int8_t startup_mode;
 173:Core/Src/main.c **** 	ModeSelect(0, 7, &startup_mode);
 174:Core/Src/main.c **** 	Signal( startup_mode );
 175:Core/Src/main.c ****   //printf("adc1[2] : %lu\r\n ",adc1[2]);
 176:Core/Src/main.c **** 
 177:Core/Src/main.c ****   //ãƒ¢ãƒ¼ãƒ‰é¸
 178:Core/Src/main.c ****   //MAX45mAã§ãƒ¢ãƒ¼ãƒ‰é¸æŠžã§ãã‚‹
 179:Core/Src/main.c **** 
 180:Core/Src/main.c ****   /* USER CODE END Init */
 181:Core/Src/main.c **** 
 182:Core/Src/main.c ****   /* Configure the system clock */
 183:Core/Src/main.c ****   SystemClock_Config();
 184:Core/Src/main.c **** 
ARM GAS  C:\Users\leopi\AppData\Local\Temp\cc18vQ2I.s 			page 8


 185:Core/Src/main.c ****   /* USER CODE BEGIN SysInit */
 186:Core/Src/main.c **** 
 187:Core/Src/main.c ****   /* USER CODE END SysInit */
 188:Core/Src/main.c **** 
 189:Core/Src/main.c ****   /* Initialize all configured peripherals */
 190:Core/Src/main.c ****   MX_GPIO_Init();
 191:Core/Src/main.c ****   MX_DMA_Init();
 192:Core/Src/main.c ****   MX_ADC1_Init();
 193:Core/Src/main.c ****   MX_ADC2_Init();
 194:Core/Src/main.c ****   MX_TIM3_Init();
 195:Core/Src/main.c ****   MX_TIM2_Init();
 196:Core/Src/main.c ****   MX_SPI3_Init();
 197:Core/Src/main.c ****   MX_USART1_UART_Init();
 198:Core/Src/main.c ****   MX_TIM5_Init();
 199:Core/Src/main.c ****   MX_TIM4_Init();
 200:Core/Src/main.c ****   MX_TIM8_Init();
 201:Core/Src/main.c ****   MX_TIM1_Init();
 202:Core/Src/main.c ****   /* USER CODE BEGIN 2 */
 203:Core/Src/main.c **** 
 204:Core/Src/main.c ****   /* USER CODE END 2 */
 205:Core/Src/main.c **** 
 206:Core/Src/main.c ****   /* Infinite loop */
 207:Core/Src/main.c ****   /* USER CODE BEGIN WHILE */
 208:Core/Src/main.c **** 
 209:Core/Src/main.c ****   //cpploop();
 210:Core/Src/main.c **** //  PIDSetGain(L_VELO_PID, 14.6, 2800,0.001); //ä»Šã¾ã§
 211:Core/Src/main.c **** //  PIDSetGain(R_VELO_PID, 14.6, 2800,0.001);
 212:Core/Src/main.c ****   //16.35 or 15.3 or 25.5
 213:Core/Src/main.c ****   PIDSetGain(L_VELO_PID, 16.35,5000,0);
 214:Core/Src/main.c ****   PIDSetGain(R_VELO_PID, 16.35,5000,0);
 215:Core/Src/main.c **** 
 216:Core/Src/main.c ****   PIDSetGain(A_VELO_PID, 37.5, 80, 0); //42 //P=14.6
 217:Core/Src/main.c ****   PIDSetGain(F_WALL_PID, 14.6*2.5,0, 0);
 218:Core/Src/main.c ****   PIDSetGain(D_WALL_PID, 6,1,0);//8,2,0);//8, 4,0);//6, 0,0);
 219:Core/Src/main.c ****   PIDSetGain(L_WALL_PID, 12,1,0);//14,4,0);//14,8,0);//12, 0,0);
 220:Core/Src/main.c ****   PIDSetGain(R_WALL_PID, 12,1,0);//14,4,0);//14,8,0);//12, 0,0);
 221:Core/Src/main.c ****   while (1)
 222:Core/Src/main.c ****   {
 223:Core/Src/main.c **** 	  switch( startup_mode )
 224:Core/Src/main.c **** 	  {
 225:Core/Src/main.c **** 	  case PARAMETERSETTING:
 226:Core/Src/main.c **** 		//wall_flash_print();
 227:Core/Src/main.c **** 		  break;
 228:Core/Src/main.c **** 	  case 1:
 229:Core/Src/main.c **** 		  GainSetting(1);
 230:Core/Src/main.c **** //		  GainTestRWall();
 231:Core/Src/main.c **** 		  break;
 232:Core/Src/main.c **** 	  case GAINTEST:
 233:Core/Src/main.c **** //		  PIDSetGain(L_VELO_PID, 16.35, 3000,0);
 234:Core/Src/main.c **** //		  PIDSetGain(R_VELO_PID, 16.35, 3000,0);
 235:Core/Src/main.c **** //		  GainTestAVelo();
 236:Core/Src/main.c **** 
 237:Core/Src/main.c **** 		  GainTestDWall();
 238:Core/Src/main.c **** 		  break;
 239:Core/Src/main.c **** 	  case DEBUGGER:
 240:Core/Src/main.c **** 
 241:Core/Src/main.c **** 		  Debug();
ARM GAS  C:\Users\leopi\AppData\Local\Temp\cc18vQ2I.s 			page 9


 242:Core/Src/main.c **** 		  break;
 243:Core/Src/main.c **** 	  case FASTEST_RUN:
 244:Core/Src/main.c **** 
 245:Core/Src/main.c **** 		  //GainTestLWall();
 246:Core/Src/main.c **** //		  FlashReadTest();
 247:Core/Src/main.c **** //		  printf("èª­ã¿è¾¼ã¿çµ‚ï¿½?\r\n");
 248:Core/Src/main.c **** //		  while(1){
 249:Core/Src/main.c **** //
 250:Core/Src/main.c **** //		  		  }
 251:Core/Src/main.c **** 		  FastestRun();
 252:Core/Src/main.c **** 		  break;
 253:Core/Src/main.c **** 	  case IMU_TEST:
 254:Core/Src/main.c **** //		  TestIMU();
 255:Core/Src/main.c **** //		  PIDSetGain(L_VELO_PID, 16.35, 5,0);
 256:Core/Src/main.c **** //		  PIDSetGain(R_VELO_PID, 16.35, 5,0);
 257:Core/Src/main.c **** //		  WritingFree();
 258:Core/Src/main.c **** 
 259:Core/Src/main.c **** 		  GainTestAVelo();
 260:Core/Src/main.c **** 		  break;
 261:Core/Src/main.c **** 	  case EXPLORE:
 262:Core/Src/main.c **** 
 263:Core/Src/main.c **** //		  FlashWriteTest();
 264:Core/Src/main.c **** //		  printf("æ›¸ãè¾¼ã¿çµ‚ï¿½?\r\n");
 265:Core/Src/main.c **** //		  while(1){
 266:Core/Src/main.c **** //
 267:Core/Src/main.c **** //		  }
 268:Core/Src/main.c **** 		  Explore();
 269:Core/Src/main.c **** 		  break;
 270:Core/Src/main.c **** 	  case WRITINGFREE:
 271:Core/Src/main.c **** //		  PIDSetGain(L_VELO_PID, 16.35, 50,0);
 272:Core/Src/main.c **** //		  PIDSetGain(R_VELO_PID, 16.35, 50,0);
 273:Core/Src/main.c **** 		  WritingFree();
 274:Core/Src/main.c **** 		  break;
 275:Core/Src/main.c **** 	  default :
 276:Core/Src/main.c **** 		  break;
 277:Core/Src/main.c **** 	  }
 278:Core/Src/main.c **** 	  //å†ï¿½???¿½?¿½ãƒ¢ãƒ¼ãƒ‰é¸??¿½?¿½?
 279:Core/Src/main.c **** 	  printf("ãƒˆãƒƒãƒ—ï¿½???¿½?¿½ãƒ¢ãƒ¼ãƒ‰é¸æŠž\r\n");
 280:Core/Src/main.c **** 		ModeSelect(0, 7, &startup_mode);
 281:Core/Src/main.c **** 		Signal( startup_mode );
 282:Core/Src/main.c ****     /* USER CODE END WHILE */
 283:Core/Src/main.c **** 
 284:Core/Src/main.c ****     /* USER CODE BEGIN 3 */
 285:Core/Src/main.c ****   }
 286:Core/Src/main.c ****   /* USER CODE END 3 */
 287:Core/Src/main.c **** }
 288:Core/Src/main.c **** 
 289:Core/Src/main.c **** /**
 290:Core/Src/main.c ****   * @brief System Clock Configuration
 291:Core/Src/main.c ****   * @retval None
 292:Core/Src/main.c ****   */
 293:Core/Src/main.c **** void SystemClock_Config(void)
 294:Core/Src/main.c **** {
 295:Core/Src/main.c ****   RCC_OscInitTypeDef RCC_OscInitStruct = {0};
 296:Core/Src/main.c ****   RCC_ClkInitTypeDef RCC_ClkInitStruct = {0};
 297:Core/Src/main.c **** 
 298:Core/Src/main.c ****   /** Configure the main internal regulator output voltage
ARM GAS  C:\Users\leopi\AppData\Local\Temp\cc18vQ2I.s 			page 10


 299:Core/Src/main.c ****   */
 300:Core/Src/main.c ****   __HAL_RCC_PWR_CLK_ENABLE();
 301:Core/Src/main.c ****   __HAL_PWR_VOLTAGESCALING_CONFIG(PWR_REGULATOR_VOLTAGE_SCALE1);
 302:Core/Src/main.c **** 
 303:Core/Src/main.c ****   /** Initializes the RCC Oscillators according to the specified parameters
 304:Core/Src/main.c ****   * in the RCC_OscInitTypeDef structure.
 305:Core/Src/main.c ****   */
 306:Core/Src/main.c ****   RCC_OscInitStruct.OscillatorType = RCC_OSCILLATORTYPE_HSE;
 307:Core/Src/main.c ****   RCC_OscInitStruct.HSEState = RCC_HSE_BYPASS;
 308:Core/Src/main.c ****   RCC_OscInitStruct.PLL.PLLState = RCC_PLL_ON;
 309:Core/Src/main.c ****   RCC_OscInitStruct.PLL.PLLSource = RCC_PLLSOURCE_HSE;
 310:Core/Src/main.c ****   RCC_OscInitStruct.PLL.PLLM = 4;
 311:Core/Src/main.c ****   RCC_OscInitStruct.PLL.PLLN = 168;
 312:Core/Src/main.c ****   RCC_OscInitStruct.PLL.PLLP = RCC_PLLP_DIV2;
 313:Core/Src/main.c ****   RCC_OscInitStruct.PLL.PLLQ = 4;
 314:Core/Src/main.c ****   if (HAL_RCC_OscConfig(&RCC_OscInitStruct) != HAL_OK)
 315:Core/Src/main.c ****   {
 316:Core/Src/main.c ****     Error_Handler();
 317:Core/Src/main.c ****   }
 318:Core/Src/main.c **** 
 319:Core/Src/main.c ****   /** Initializes the CPU, AHB and APB buses clocks
 320:Core/Src/main.c ****   */
 321:Core/Src/main.c ****   RCC_ClkInitStruct.ClockType = RCC_CLOCKTYPE_HCLK|RCC_CLOCKTYPE_SYSCLK
 322:Core/Src/main.c ****                               |RCC_CLOCKTYPE_PCLK1|RCC_CLOCKTYPE_PCLK2;
 323:Core/Src/main.c ****   RCC_ClkInitStruct.SYSCLKSource = RCC_SYSCLKSOURCE_PLLCLK;
 324:Core/Src/main.c ****   RCC_ClkInitStruct.AHBCLKDivider = RCC_SYSCLK_DIV1;
 325:Core/Src/main.c ****   RCC_ClkInitStruct.APB1CLKDivider = RCC_HCLK_DIV4;
 326:Core/Src/main.c ****   RCC_ClkInitStruct.APB2CLKDivider = RCC_HCLK_DIV2;
 327:Core/Src/main.c **** 
 328:Core/Src/main.c ****   if (HAL_RCC_ClockConfig(&RCC_ClkInitStruct, FLASH_LATENCY_5) != HAL_OK)
 329:Core/Src/main.c ****   {
 330:Core/Src/main.c ****     Error_Handler();
 331:Core/Src/main.c ****   }
 332:Core/Src/main.c **** }
 333:Core/Src/main.c **** 
 334:Core/Src/main.c **** /* USER CODE BEGIN 4 */
 335:Core/Src/main.c **** 
 336:Core/Src/main.c **** /* USER CODE END 4 */
 337:Core/Src/main.c **** 
 338:Core/Src/main.c **** /**
 339:Core/Src/main.c ****   * @brief  This function is executed in case of error occurrence.
 340:Core/Src/main.c ****   * @retval None
 341:Core/Src/main.c ****   */
 342:Core/Src/main.c **** void Error_Handler(void)
 343:Core/Src/main.c **** {
 220              		.loc 1 343 1 view -0
 221              		.cfi_startproc
 222              		@ Volatile: function does not return.
 223              		@ args = 0, pretend = 0, frame = 0
 224              		@ frame_needed = 0, uses_anonymous_args = 0
 225              		@ link register save eliminated.
 344:Core/Src/main.c ****   /* USER CODE BEGIN Error_Handler_Debug */
 345:Core/Src/main.c ****   /* User can add his own implementation to report the HAL error return state */
 346:Core/Src/main.c ****   __disable_irq();
 226              		.loc 1 346 3 view .LVU36
 227              	.LBB4:
 228              	.LBI4:
ARM GAS  C:\Users\leopi\AppData\Local\Temp\cc18vQ2I.s 			page 11


 229              		.file 2 "Drivers/CMSIS/Include/cmsis_gcc.h"
   1:Drivers/CMSIS/Include/cmsis_gcc.h **** /**************************************************************************//**
   2:Drivers/CMSIS/Include/cmsis_gcc.h ****  * @file     cmsis_gcc.h
   3:Drivers/CMSIS/Include/cmsis_gcc.h ****  * @brief    CMSIS compiler GCC header file
   4:Drivers/CMSIS/Include/cmsis_gcc.h ****  * @version  V5.0.4
   5:Drivers/CMSIS/Include/cmsis_gcc.h ****  * @date     09. April 2018
   6:Drivers/CMSIS/Include/cmsis_gcc.h ****  ******************************************************************************/
   7:Drivers/CMSIS/Include/cmsis_gcc.h **** /*
   8:Drivers/CMSIS/Include/cmsis_gcc.h ****  * Copyright (c) 2009-2018 Arm Limited. All rights reserved.
   9:Drivers/CMSIS/Include/cmsis_gcc.h ****  *
  10:Drivers/CMSIS/Include/cmsis_gcc.h ****  * SPDX-License-Identifier: Apache-2.0
  11:Drivers/CMSIS/Include/cmsis_gcc.h ****  *
  12:Drivers/CMSIS/Include/cmsis_gcc.h ****  * Licensed under the Apache License, Version 2.0 (the License); you may
  13:Drivers/CMSIS/Include/cmsis_gcc.h ****  * not use this file except in compliance with the License.
  14:Drivers/CMSIS/Include/cmsis_gcc.h ****  * You may obtain a copy of the License at
  15:Drivers/CMSIS/Include/cmsis_gcc.h ****  *
  16:Drivers/CMSIS/Include/cmsis_gcc.h ****  * www.apache.org/licenses/LICENSE-2.0
  17:Drivers/CMSIS/Include/cmsis_gcc.h ****  *
  18:Drivers/CMSIS/Include/cmsis_gcc.h ****  * Unless required by applicable law or agreed to in writing, software
  19:Drivers/CMSIS/Include/cmsis_gcc.h ****  * distributed under the License is distributed on an AS IS BASIS, WITHOUT
  20:Drivers/CMSIS/Include/cmsis_gcc.h ****  * WARRANTIES OR CONDITIONS OF ANY KIND, either express or implied.
  21:Drivers/CMSIS/Include/cmsis_gcc.h ****  * See the License for the specific language governing permissions and
  22:Drivers/CMSIS/Include/cmsis_gcc.h ****  * limitations under the License.
  23:Drivers/CMSIS/Include/cmsis_gcc.h ****  */
  24:Drivers/CMSIS/Include/cmsis_gcc.h **** 
  25:Drivers/CMSIS/Include/cmsis_gcc.h **** #ifndef __CMSIS_GCC_H
  26:Drivers/CMSIS/Include/cmsis_gcc.h **** #define __CMSIS_GCC_H
  27:Drivers/CMSIS/Include/cmsis_gcc.h **** 
  28:Drivers/CMSIS/Include/cmsis_gcc.h **** /* ignore some GCC warnings */
  29:Drivers/CMSIS/Include/cmsis_gcc.h **** #pragma GCC diagnostic push
  30:Drivers/CMSIS/Include/cmsis_gcc.h **** #pragma GCC diagnostic ignored "-Wsign-conversion"
  31:Drivers/CMSIS/Include/cmsis_gcc.h **** #pragma GCC diagnostic ignored "-Wconversion"
  32:Drivers/CMSIS/Include/cmsis_gcc.h **** #pragma GCC diagnostic ignored "-Wunused-parameter"
  33:Drivers/CMSIS/Include/cmsis_gcc.h **** 
  34:Drivers/CMSIS/Include/cmsis_gcc.h **** /* Fallback for __has_builtin */
  35:Drivers/CMSIS/Include/cmsis_gcc.h **** #ifndef __has_builtin
  36:Drivers/CMSIS/Include/cmsis_gcc.h ****   #define __has_builtin(x) (0)
  37:Drivers/CMSIS/Include/cmsis_gcc.h **** #endif
  38:Drivers/CMSIS/Include/cmsis_gcc.h **** 
  39:Drivers/CMSIS/Include/cmsis_gcc.h **** /* CMSIS compiler specific defines */
  40:Drivers/CMSIS/Include/cmsis_gcc.h **** #ifndef   __ASM
  41:Drivers/CMSIS/Include/cmsis_gcc.h ****   #define __ASM                                  __asm
  42:Drivers/CMSIS/Include/cmsis_gcc.h **** #endif
  43:Drivers/CMSIS/Include/cmsis_gcc.h **** #ifndef   __INLINE
  44:Drivers/CMSIS/Include/cmsis_gcc.h ****   #define __INLINE                               inline
  45:Drivers/CMSIS/Include/cmsis_gcc.h **** #endif
  46:Drivers/CMSIS/Include/cmsis_gcc.h **** #ifndef   __STATIC_INLINE
  47:Drivers/CMSIS/Include/cmsis_gcc.h ****   #define __STATIC_INLINE                        static inline
  48:Drivers/CMSIS/Include/cmsis_gcc.h **** #endif
  49:Drivers/CMSIS/Include/cmsis_gcc.h **** #ifndef   __STATIC_FORCEINLINE                 
  50:Drivers/CMSIS/Include/cmsis_gcc.h ****   #define __STATIC_FORCEINLINE                   __attribute__((always_inline)) static inline
  51:Drivers/CMSIS/Include/cmsis_gcc.h **** #endif                                           
  52:Drivers/CMSIS/Include/cmsis_gcc.h **** #ifndef   __NO_RETURN
  53:Drivers/CMSIS/Include/cmsis_gcc.h ****   #define __NO_RETURN                            __attribute__((__noreturn__))
  54:Drivers/CMSIS/Include/cmsis_gcc.h **** #endif
  55:Drivers/CMSIS/Include/cmsis_gcc.h **** #ifndef   __USED
  56:Drivers/CMSIS/Include/cmsis_gcc.h ****   #define __USED                                 __attribute__((used))
ARM GAS  C:\Users\leopi\AppData\Local\Temp\cc18vQ2I.s 			page 12


  57:Drivers/CMSIS/Include/cmsis_gcc.h **** #endif
  58:Drivers/CMSIS/Include/cmsis_gcc.h **** #ifndef   __WEAK
  59:Drivers/CMSIS/Include/cmsis_gcc.h ****   #define __WEAK                                 __attribute__((weak))
  60:Drivers/CMSIS/Include/cmsis_gcc.h **** #endif
  61:Drivers/CMSIS/Include/cmsis_gcc.h **** #ifndef   __PACKED
  62:Drivers/CMSIS/Include/cmsis_gcc.h ****   #define __PACKED                               __attribute__((packed, aligned(1)))
  63:Drivers/CMSIS/Include/cmsis_gcc.h **** #endif
  64:Drivers/CMSIS/Include/cmsis_gcc.h **** #ifndef   __PACKED_STRUCT
  65:Drivers/CMSIS/Include/cmsis_gcc.h ****   #define __PACKED_STRUCT                        struct __attribute__((packed, aligned(1)))
  66:Drivers/CMSIS/Include/cmsis_gcc.h **** #endif
  67:Drivers/CMSIS/Include/cmsis_gcc.h **** #ifndef   __PACKED_UNION
  68:Drivers/CMSIS/Include/cmsis_gcc.h ****   #define __PACKED_UNION                         union __attribute__((packed, aligned(1)))
  69:Drivers/CMSIS/Include/cmsis_gcc.h **** #endif
  70:Drivers/CMSIS/Include/cmsis_gcc.h **** #ifndef   __UNALIGNED_UINT32        /* deprecated */
  71:Drivers/CMSIS/Include/cmsis_gcc.h ****   #pragma GCC diagnostic push
  72:Drivers/CMSIS/Include/cmsis_gcc.h ****   #pragma GCC diagnostic ignored "-Wpacked"
  73:Drivers/CMSIS/Include/cmsis_gcc.h ****   #pragma GCC diagnostic ignored "-Wattributes"
  74:Drivers/CMSIS/Include/cmsis_gcc.h ****   struct __attribute__((packed)) T_UINT32 { uint32_t v; };
  75:Drivers/CMSIS/Include/cmsis_gcc.h ****   #pragma GCC diagnostic pop
  76:Drivers/CMSIS/Include/cmsis_gcc.h ****   #define __UNALIGNED_UINT32(x)                  (((struct T_UINT32 *)(x))->v)
  77:Drivers/CMSIS/Include/cmsis_gcc.h **** #endif
  78:Drivers/CMSIS/Include/cmsis_gcc.h **** #ifndef   __UNALIGNED_UINT16_WRITE
  79:Drivers/CMSIS/Include/cmsis_gcc.h ****   #pragma GCC diagnostic push
  80:Drivers/CMSIS/Include/cmsis_gcc.h ****   #pragma GCC diagnostic ignored "-Wpacked"
  81:Drivers/CMSIS/Include/cmsis_gcc.h ****   #pragma GCC diagnostic ignored "-Wattributes"
  82:Drivers/CMSIS/Include/cmsis_gcc.h ****   __PACKED_STRUCT T_UINT16_WRITE { uint16_t v; };
  83:Drivers/CMSIS/Include/cmsis_gcc.h ****   #pragma GCC diagnostic pop
  84:Drivers/CMSIS/Include/cmsis_gcc.h ****   #define __UNALIGNED_UINT16_WRITE(addr, val)    (void)((((struct T_UINT16_WRITE *)(void *)(addr))-
  85:Drivers/CMSIS/Include/cmsis_gcc.h **** #endif
  86:Drivers/CMSIS/Include/cmsis_gcc.h **** #ifndef   __UNALIGNED_UINT16_READ
  87:Drivers/CMSIS/Include/cmsis_gcc.h ****   #pragma GCC diagnostic push
  88:Drivers/CMSIS/Include/cmsis_gcc.h ****   #pragma GCC diagnostic ignored "-Wpacked"
  89:Drivers/CMSIS/Include/cmsis_gcc.h ****   #pragma GCC diagnostic ignored "-Wattributes"
  90:Drivers/CMSIS/Include/cmsis_gcc.h ****   __PACKED_STRUCT T_UINT16_READ { uint16_t v; };
  91:Drivers/CMSIS/Include/cmsis_gcc.h ****   #pragma GCC diagnostic pop
  92:Drivers/CMSIS/Include/cmsis_gcc.h ****   #define __UNALIGNED_UINT16_READ(addr)          (((const struct T_UINT16_READ *)(const void *)(add
  93:Drivers/CMSIS/Include/cmsis_gcc.h **** #endif
  94:Drivers/CMSIS/Include/cmsis_gcc.h **** #ifndef   __UNALIGNED_UINT32_WRITE
  95:Drivers/CMSIS/Include/cmsis_gcc.h ****   #pragma GCC diagnostic push
  96:Drivers/CMSIS/Include/cmsis_gcc.h ****   #pragma GCC diagnostic ignored "-Wpacked"
  97:Drivers/CMSIS/Include/cmsis_gcc.h ****   #pragma GCC diagnostic ignored "-Wattributes"
  98:Drivers/CMSIS/Include/cmsis_gcc.h ****   __PACKED_STRUCT T_UINT32_WRITE { uint32_t v; };
  99:Drivers/CMSIS/Include/cmsis_gcc.h ****   #pragma GCC diagnostic pop
 100:Drivers/CMSIS/Include/cmsis_gcc.h ****   #define __UNALIGNED_UINT32_WRITE(addr, val)    (void)((((struct T_UINT32_WRITE *)(void *)(addr))-
 101:Drivers/CMSIS/Include/cmsis_gcc.h **** #endif
 102:Drivers/CMSIS/Include/cmsis_gcc.h **** #ifndef   __UNALIGNED_UINT32_READ
 103:Drivers/CMSIS/Include/cmsis_gcc.h ****   #pragma GCC diagnostic push
 104:Drivers/CMSIS/Include/cmsis_gcc.h ****   #pragma GCC diagnostic ignored "-Wpacked"
 105:Drivers/CMSIS/Include/cmsis_gcc.h ****   #pragma GCC diagnostic ignored "-Wattributes"
 106:Drivers/CMSIS/Include/cmsis_gcc.h ****   __PACKED_STRUCT T_UINT32_READ { uint32_t v; };
 107:Drivers/CMSIS/Include/cmsis_gcc.h ****   #pragma GCC diagnostic pop
 108:Drivers/CMSIS/Include/cmsis_gcc.h ****   #define __UNALIGNED_UINT32_READ(addr)          (((const struct T_UINT32_READ *)(const void *)(add
 109:Drivers/CMSIS/Include/cmsis_gcc.h **** #endif
 110:Drivers/CMSIS/Include/cmsis_gcc.h **** #ifndef   __ALIGNED
 111:Drivers/CMSIS/Include/cmsis_gcc.h ****   #define __ALIGNED(x)                           __attribute__((aligned(x)))
 112:Drivers/CMSIS/Include/cmsis_gcc.h **** #endif
 113:Drivers/CMSIS/Include/cmsis_gcc.h **** #ifndef   __RESTRICT
ARM GAS  C:\Users\leopi\AppData\Local\Temp\cc18vQ2I.s 			page 13


 114:Drivers/CMSIS/Include/cmsis_gcc.h ****   #define __RESTRICT                             __restrict
 115:Drivers/CMSIS/Include/cmsis_gcc.h **** #endif
 116:Drivers/CMSIS/Include/cmsis_gcc.h **** 
 117:Drivers/CMSIS/Include/cmsis_gcc.h **** 
 118:Drivers/CMSIS/Include/cmsis_gcc.h **** /* ###########################  Core Function Access  ########################### */
 119:Drivers/CMSIS/Include/cmsis_gcc.h **** /** \ingroup  CMSIS_Core_FunctionInterface
 120:Drivers/CMSIS/Include/cmsis_gcc.h ****     \defgroup CMSIS_Core_RegAccFunctions CMSIS Core Register Access Functions
 121:Drivers/CMSIS/Include/cmsis_gcc.h ****   @{
 122:Drivers/CMSIS/Include/cmsis_gcc.h ****  */
 123:Drivers/CMSIS/Include/cmsis_gcc.h **** 
 124:Drivers/CMSIS/Include/cmsis_gcc.h **** /**
 125:Drivers/CMSIS/Include/cmsis_gcc.h ****   \brief   Enable IRQ Interrupts
 126:Drivers/CMSIS/Include/cmsis_gcc.h ****   \details Enables IRQ interrupts by clearing the I-bit in the CPSR.
 127:Drivers/CMSIS/Include/cmsis_gcc.h ****            Can only be executed in Privileged modes.
 128:Drivers/CMSIS/Include/cmsis_gcc.h ****  */
 129:Drivers/CMSIS/Include/cmsis_gcc.h **** __STATIC_FORCEINLINE void __enable_irq(void)
 130:Drivers/CMSIS/Include/cmsis_gcc.h **** {
 131:Drivers/CMSIS/Include/cmsis_gcc.h ****   __ASM volatile ("cpsie i" : : : "memory");
 132:Drivers/CMSIS/Include/cmsis_gcc.h **** }
 133:Drivers/CMSIS/Include/cmsis_gcc.h **** 
 134:Drivers/CMSIS/Include/cmsis_gcc.h **** 
 135:Drivers/CMSIS/Include/cmsis_gcc.h **** /**
 136:Drivers/CMSIS/Include/cmsis_gcc.h ****   \brief   Disable IRQ Interrupts
 137:Drivers/CMSIS/Include/cmsis_gcc.h ****   \details Disables IRQ interrupts by setting the I-bit in the CPSR.
 138:Drivers/CMSIS/Include/cmsis_gcc.h ****            Can only be executed in Privileged modes.
 139:Drivers/CMSIS/Include/cmsis_gcc.h ****  */
 140:Drivers/CMSIS/Include/cmsis_gcc.h **** __STATIC_FORCEINLINE void __disable_irq(void)
 230              		.loc 2 140 27 view .LVU37
 231              	.LBB5:
 141:Drivers/CMSIS/Include/cmsis_gcc.h **** {
 142:Drivers/CMSIS/Include/cmsis_gcc.h ****   __ASM volatile ("cpsid i" : : : "memory");
 232              		.loc 2 142 3 view .LVU38
 233              		.syntax unified
 234              	@ 142 "Drivers/CMSIS/Include/cmsis_gcc.h" 1
 235 0000 72B6     		cpsid i
 236              	@ 0 "" 2
 237              		.thumb
 238              		.syntax unified
 239              	.L17:
 240              	.LBE5:
 241              	.LBE4:
 347:Core/Src/main.c ****   while (1)
 242              		.loc 1 347 3 discriminator 1 view .LVU39
 348:Core/Src/main.c ****   {
 349:Core/Src/main.c ****   }
 243              		.loc 1 349 3 discriminator 1 view .LVU40
 347:Core/Src/main.c ****   while (1)
 244              		.loc 1 347 9 discriminator 1 view .LVU41
 245 0002 FEE7     		b	.L17
 246              		.cfi_endproc
 247              	.LFE242:
 249              		.section	.text.SystemClock_Config,"ax",%progbits
 250              		.align	1
 251              		.global	SystemClock_Config
 252              		.syntax unified
 253              		.thumb
 254              		.thumb_func
ARM GAS  C:\Users\leopi\AppData\Local\Temp\cc18vQ2I.s 			page 14


 256              	SystemClock_Config:
 257              	.LFB241:
 294:Core/Src/main.c ****   RCC_OscInitTypeDef RCC_OscInitStruct = {0};
 258              		.loc 1 294 1 view -0
 259              		.cfi_startproc
 260              		@ args = 0, pretend = 0, frame = 80
 261              		@ frame_needed = 0, uses_anonymous_args = 0
 262 0000 00B5     		push	{lr}
 263              	.LCFI7:
 264              		.cfi_def_cfa_offset 4
 265              		.cfi_offset 14, -4
 266 0002 95B0     		sub	sp, sp, #84
 267              	.LCFI8:
 268              		.cfi_def_cfa_offset 88
 295:Core/Src/main.c ****   RCC_ClkInitTypeDef RCC_ClkInitStruct = {0};
 269              		.loc 1 295 3 view .LVU43
 295:Core/Src/main.c ****   RCC_ClkInitTypeDef RCC_ClkInitStruct = {0};
 270              		.loc 1 295 22 is_stmt 0 view .LVU44
 271 0004 3022     		movs	r2, #48
 272 0006 0021     		movs	r1, #0
 273 0008 08A8     		add	r0, sp, #32
 274 000a FFF7FEFF 		bl	memset
 275              	.LVL21:
 296:Core/Src/main.c **** 
 276              		.loc 1 296 3 is_stmt 1 view .LVU45
 296:Core/Src/main.c **** 
 277              		.loc 1 296 22 is_stmt 0 view .LVU46
 278 000e 0023     		movs	r3, #0
 279 0010 0393     		str	r3, [sp, #12]
 280 0012 0493     		str	r3, [sp, #16]
 281 0014 0593     		str	r3, [sp, #20]
 282 0016 0693     		str	r3, [sp, #24]
 283 0018 0793     		str	r3, [sp, #28]
 300:Core/Src/main.c ****   __HAL_PWR_VOLTAGESCALING_CONFIG(PWR_REGULATOR_VOLTAGE_SCALE1);
 284              		.loc 1 300 3 is_stmt 1 view .LVU47
 285              	.LBB6:
 300:Core/Src/main.c ****   __HAL_PWR_VOLTAGESCALING_CONFIG(PWR_REGULATOR_VOLTAGE_SCALE1);
 286              		.loc 1 300 3 view .LVU48
 287 001a 0193     		str	r3, [sp, #4]
 300:Core/Src/main.c ****   __HAL_PWR_VOLTAGESCALING_CONFIG(PWR_REGULATOR_VOLTAGE_SCALE1);
 288              		.loc 1 300 3 view .LVU49
 289 001c 204A     		ldr	r2, .L24
 290 001e 116C     		ldr	r1, [r2, #64]
 291 0020 41F08051 		orr	r1, r1, #268435456
 292 0024 1164     		str	r1, [r2, #64]
 300:Core/Src/main.c ****   __HAL_PWR_VOLTAGESCALING_CONFIG(PWR_REGULATOR_VOLTAGE_SCALE1);
 293              		.loc 1 300 3 view .LVU50
 294 0026 126C     		ldr	r2, [r2, #64]
 295 0028 02F08052 		and	r2, r2, #268435456
 296 002c 0192     		str	r2, [sp, #4]
 300:Core/Src/main.c ****   __HAL_PWR_VOLTAGESCALING_CONFIG(PWR_REGULATOR_VOLTAGE_SCALE1);
 297              		.loc 1 300 3 view .LVU51
 298 002e 019A     		ldr	r2, [sp, #4]
 299              	.LBE6:
 300:Core/Src/main.c ****   __HAL_PWR_VOLTAGESCALING_CONFIG(PWR_REGULATOR_VOLTAGE_SCALE1);
 300              		.loc 1 300 3 view .LVU52
 301:Core/Src/main.c **** 
ARM GAS  C:\Users\leopi\AppData\Local\Temp\cc18vQ2I.s 			page 15


 301              		.loc 1 301 3 view .LVU53
 302              	.LBB7:
 301:Core/Src/main.c **** 
 303              		.loc 1 301 3 view .LVU54
 304 0030 0293     		str	r3, [sp, #8]
 301:Core/Src/main.c **** 
 305              		.loc 1 301 3 view .LVU55
 306 0032 1C4B     		ldr	r3, .L24+4
 307 0034 1A68     		ldr	r2, [r3]
 308 0036 42F48042 		orr	r2, r2, #16384
 309 003a 1A60     		str	r2, [r3]
 301:Core/Src/main.c **** 
 310              		.loc 1 301 3 view .LVU56
 311 003c 1B68     		ldr	r3, [r3]
 312 003e 03F48043 		and	r3, r3, #16384
 313 0042 0293     		str	r3, [sp, #8]
 301:Core/Src/main.c **** 
 314              		.loc 1 301 3 view .LVU57
 315 0044 029B     		ldr	r3, [sp, #8]
 316              	.LBE7:
 301:Core/Src/main.c **** 
 317              		.loc 1 301 3 view .LVU58
 306:Core/Src/main.c ****   RCC_OscInitStruct.HSEState = RCC_HSE_BYPASS;
 318              		.loc 1 306 3 view .LVU59
 306:Core/Src/main.c ****   RCC_OscInitStruct.HSEState = RCC_HSE_BYPASS;
 319              		.loc 1 306 36 is_stmt 0 view .LVU60
 320 0046 0123     		movs	r3, #1
 321 0048 0893     		str	r3, [sp, #32]
 307:Core/Src/main.c ****   RCC_OscInitStruct.PLL.PLLState = RCC_PLL_ON;
 322              		.loc 1 307 3 is_stmt 1 view .LVU61
 307:Core/Src/main.c ****   RCC_OscInitStruct.PLL.PLLState = RCC_PLL_ON;
 323              		.loc 1 307 30 is_stmt 0 view .LVU62
 324 004a 4FF4A023 		mov	r3, #327680
 325 004e 0993     		str	r3, [sp, #36]
 308:Core/Src/main.c ****   RCC_OscInitStruct.PLL.PLLSource = RCC_PLLSOURCE_HSE;
 326              		.loc 1 308 3 is_stmt 1 view .LVU63
 308:Core/Src/main.c ****   RCC_OscInitStruct.PLL.PLLSource = RCC_PLLSOURCE_HSE;
 327              		.loc 1 308 34 is_stmt 0 view .LVU64
 328 0050 0222     		movs	r2, #2
 329 0052 0E92     		str	r2, [sp, #56]
 309:Core/Src/main.c ****   RCC_OscInitStruct.PLL.PLLM = 4;
 330              		.loc 1 309 3 is_stmt 1 view .LVU65
 309:Core/Src/main.c ****   RCC_OscInitStruct.PLL.PLLM = 4;
 331              		.loc 1 309 35 is_stmt 0 view .LVU66
 332 0054 4FF48003 		mov	r3, #4194304
 333 0058 0F93     		str	r3, [sp, #60]
 310:Core/Src/main.c ****   RCC_OscInitStruct.PLL.PLLN = 168;
 334              		.loc 1 310 3 is_stmt 1 view .LVU67
 310:Core/Src/main.c ****   RCC_OscInitStruct.PLL.PLLN = 168;
 335              		.loc 1 310 30 is_stmt 0 view .LVU68
 336 005a 0423     		movs	r3, #4
 337 005c 1093     		str	r3, [sp, #64]
 311:Core/Src/main.c ****   RCC_OscInitStruct.PLL.PLLP = RCC_PLLP_DIV2;
 338              		.loc 1 311 3 is_stmt 1 view .LVU69
 311:Core/Src/main.c ****   RCC_OscInitStruct.PLL.PLLP = RCC_PLLP_DIV2;
 339              		.loc 1 311 30 is_stmt 0 view .LVU70
 340 005e A821     		movs	r1, #168
ARM GAS  C:\Users\leopi\AppData\Local\Temp\cc18vQ2I.s 			page 16


 341 0060 1191     		str	r1, [sp, #68]
 312:Core/Src/main.c ****   RCC_OscInitStruct.PLL.PLLQ = 4;
 342              		.loc 1 312 3 is_stmt 1 view .LVU71
 312:Core/Src/main.c ****   RCC_OscInitStruct.PLL.PLLQ = 4;
 343              		.loc 1 312 30 is_stmt 0 view .LVU72
 344 0062 1292     		str	r2, [sp, #72]
 313:Core/Src/main.c ****   if (HAL_RCC_OscConfig(&RCC_OscInitStruct) != HAL_OK)
 345              		.loc 1 313 3 is_stmt 1 view .LVU73
 313:Core/Src/main.c ****   if (HAL_RCC_OscConfig(&RCC_OscInitStruct) != HAL_OK)
 346              		.loc 1 313 30 is_stmt 0 view .LVU74
 347 0064 1393     		str	r3, [sp, #76]
 314:Core/Src/main.c ****   {
 348              		.loc 1 314 3 is_stmt 1 view .LVU75
 314:Core/Src/main.c ****   {
 349              		.loc 1 314 7 is_stmt 0 view .LVU76
 350 0066 08A8     		add	r0, sp, #32
 351 0068 FFF7FEFF 		bl	HAL_RCC_OscConfig
 352              	.LVL22:
 314:Core/Src/main.c ****   {
 353              		.loc 1 314 6 view .LVU77
 354 006c 98B9     		cbnz	r0, .L22
 321:Core/Src/main.c ****                               |RCC_CLOCKTYPE_PCLK1|RCC_CLOCKTYPE_PCLK2;
 355              		.loc 1 321 3 is_stmt 1 view .LVU78
 321:Core/Src/main.c ****                               |RCC_CLOCKTYPE_PCLK1|RCC_CLOCKTYPE_PCLK2;
 356              		.loc 1 321 31 is_stmt 0 view .LVU79
 357 006e 0F23     		movs	r3, #15
 358 0070 0393     		str	r3, [sp, #12]
 323:Core/Src/main.c ****   RCC_ClkInitStruct.AHBCLKDivider = RCC_SYSCLK_DIV1;
 359              		.loc 1 323 3 is_stmt 1 view .LVU80
 323:Core/Src/main.c ****   RCC_ClkInitStruct.AHBCLKDivider = RCC_SYSCLK_DIV1;
 360              		.loc 1 323 34 is_stmt 0 view .LVU81
 361 0072 0223     		movs	r3, #2
 362 0074 0493     		str	r3, [sp, #16]
 324:Core/Src/main.c ****   RCC_ClkInitStruct.APB1CLKDivider = RCC_HCLK_DIV4;
 363              		.loc 1 324 3 is_stmt 1 view .LVU82
 324:Core/Src/main.c ****   RCC_ClkInitStruct.APB1CLKDivider = RCC_HCLK_DIV4;
 364              		.loc 1 324 35 is_stmt 0 view .LVU83
 365 0076 0023     		movs	r3, #0
 366 0078 0593     		str	r3, [sp, #20]
 325:Core/Src/main.c ****   RCC_ClkInitStruct.APB2CLKDivider = RCC_HCLK_DIV2;
 367              		.loc 1 325 3 is_stmt 1 view .LVU84
 325:Core/Src/main.c ****   RCC_ClkInitStruct.APB2CLKDivider = RCC_HCLK_DIV2;
 368              		.loc 1 325 36 is_stmt 0 view .LVU85
 369 007a 4FF4A053 		mov	r3, #5120
 370 007e 0693     		str	r3, [sp, #24]
 326:Core/Src/main.c **** 
 371              		.loc 1 326 3 is_stmt 1 view .LVU86
 326:Core/Src/main.c **** 
 372              		.loc 1 326 36 is_stmt 0 view .LVU87
 373 0080 4FF48053 		mov	r3, #4096
 374 0084 0793     		str	r3, [sp, #28]
 328:Core/Src/main.c ****   {
 375              		.loc 1 328 3 is_stmt 1 view .LVU88
 328:Core/Src/main.c ****   {
 376              		.loc 1 328 7 is_stmt 0 view .LVU89
 377 0086 0521     		movs	r1, #5
 378 0088 03A8     		add	r0, sp, #12
ARM GAS  C:\Users\leopi\AppData\Local\Temp\cc18vQ2I.s 			page 17


 379 008a FFF7FEFF 		bl	HAL_RCC_ClockConfig
 380              	.LVL23:
 328:Core/Src/main.c ****   {
 381              		.loc 1 328 6 view .LVU90
 382 008e 20B9     		cbnz	r0, .L23
 332:Core/Src/main.c **** 
 383              		.loc 1 332 1 view .LVU91
 384 0090 15B0     		add	sp, sp, #84
 385              	.LCFI9:
 386              		.cfi_remember_state
 387              		.cfi_def_cfa_offset 4
 388              		@ sp needed
 389 0092 5DF804FB 		ldr	pc, [sp], #4
 390              	.L22:
 391              	.LCFI10:
 392              		.cfi_restore_state
 316:Core/Src/main.c ****   }
 393              		.loc 1 316 5 is_stmt 1 view .LVU92
 394 0096 FFF7FEFF 		bl	Error_Handler
 395              	.LVL24:
 396              	.L23:
 330:Core/Src/main.c ****   }
 397              		.loc 1 330 5 view .LVU93
 398 009a FFF7FEFF 		bl	Error_Handler
 399              	.LVL25:
 400              	.L25:
 401 009e 00BF     		.align	2
 402              	.L24:
 403 00a0 00380240 		.word	1073887232
 404 00a4 00700040 		.word	1073770496
 405              		.cfi_endproc
 406              	.LFE241:
 408              		.text
 409              	.Letext0:
 410              		.file 3 "c:\\tools\\gcc-arm-none-eabi-10_2021.10\\arm-none-eabi\\include\\machine\\_default_types.
 411              		.file 4 "c:\\tools\\gcc-arm-none-eabi-10_2021.10\\arm-none-eabi\\include\\sys\\_stdint.h"
 412              		.file 5 "Drivers/CMSIS/Device/ST/STM32F4xx/Include/stm32f405xx.h"
 413              		.file 6 "Drivers/STM32F4xx_HAL_Driver/Inc/stm32f4xx_hal_def.h"
 414              		.file 7 "Drivers/STM32F4xx_HAL_Driver/Inc/stm32f4xx_hal_rcc_ex.h"
 415              		.file 8 "Drivers/STM32F4xx_HAL_Driver/Inc/stm32f4xx_hal_rcc.h"
 416              		.file 9 "Drivers/STM32F4xx_HAL_Driver/Inc/stm32f4xx_hal_gpio.h"
 417              		.file 10 "Drivers/STM32F4xx_HAL_Driver/Inc/stm32f4xx_hal_dma.h"
 418              		.file 11 "Drivers/STM32F4xx_HAL_Driver/Inc/stm32f4xx_hal_uart.h"
 419              		.file 12 "Core/Inc/usart.h"
 420              		.file 13 "Core/Inc/mouse_ADC.h"
 421              		.file 14 "Drivers/STM32F4xx_HAL_Driver/Inc/stm32f4xx_hal.h"
 422              		.file 15 "Core/Inc/gpio.h"
 423              		.file 16 "Core/Inc/dma.h"
 424              		.file 17 "Core/Inc/adc.h"
 425              		.file 18 "Core/Inc/tim.h"
 426              		.file 19 "Core/Inc/UI.h"
 427              		.file 20 "Core/Inc/MicroMouse.h"
 428              		.file 21 "<built-in>"
ARM GAS  C:\Users\leopi\AppData\Local\Temp\cc18vQ2I.s 			page 18


DEFINED SYMBOLS
                            *ABS*:00000000 main.c
C:\Users\leopi\AppData\Local\Temp\cc18vQ2I.s:20     .text.__io_putchar:00000000 $t
C:\Users\leopi\AppData\Local\Temp\cc18vQ2I.s:26     .text.__io_putchar:00000000 __io_putchar
C:\Users\leopi\AppData\Local\Temp\cc18vQ2I.s:63     .text.__io_putchar:0000001c $d
C:\Users\leopi\AppData\Local\Temp\cc18vQ2I.s:68     .text.__io_getchar:00000000 $t
C:\Users\leopi\AppData\Local\Temp\cc18vQ2I.s:74     .text.__io_getchar:00000000 __io_getchar
C:\Users\leopi\AppData\Local\Temp\cc18vQ2I.s:124    .text.__io_getchar:00000024 $d
C:\Users\leopi\AppData\Local\Temp\cc18vQ2I.s:129    .text.main:00000000 $t
C:\Users\leopi\AppData\Local\Temp\cc18vQ2I.s:135    .text.main:00000000 main
C:\Users\leopi\AppData\Local\Temp\cc18vQ2I.s:205    .text.main:00000058 $d
C:\Users\leopi\AppData\Local\Temp\cc18vQ2I.s:212    .text.Error_Handler:00000000 $t
C:\Users\leopi\AppData\Local\Temp\cc18vQ2I.s:218    .text.Error_Handler:00000000 Error_Handler
C:\Users\leopi\AppData\Local\Temp\cc18vQ2I.s:250    .text.SystemClock_Config:00000000 $t
C:\Users\leopi\AppData\Local\Temp\cc18vQ2I.s:256    .text.SystemClock_Config:00000000 SystemClock_Config
C:\Users\leopi\AppData\Local\Temp\cc18vQ2I.s:403    .text.SystemClock_Config:000000a0 $d

UNDEFINED SYMBOLS
HAL_UART_Transmit
huart1
HAL_UART_Receive
HAL_Init
MX_GPIO_Init
MX_DMA_Init
MX_ADC1_Init
MX_ADC2_Init
MX_USART1_UART_Init
ADCStart
MX_TIM3_Init
BatteryCheck
ADCStop
HAL_GPIO_WritePin
adc1
memset
HAL_RCC_OscConfig
HAL_RCC_ClockConfig
