ARM GAS  C:\Users\leopi\AppData\Local\Temp\ccwl1vCl.s 			page 1


   1              		.cpu cortex-m4
   2              		.arch armv7e-m
   3              		.fpu fpv4-sp-d16
   4              		.eabi_attribute 27, 1
   5              		.eabi_attribute 28, 1
   6              		.eabi_attribute 20, 1
   7              		.eabi_attribute 21, 1
   8              		.eabi_attribute 23, 3
   9              		.eabi_attribute 24, 1
  10              		.eabi_attribute 25, 1
  11              		.eabi_attribute 26, 1
  12              		.eabi_attribute 30, 1
  13              		.eabi_attribute 34, 1
  14              		.eabi_attribute 18, 4
  15              		.file	"mouse_ADC.c"
  16              		.text
  17              	.Ltext0:
  18              		.cfi_sections	.debug_frame
  19              		.section	.text.ADCStart,"ax",%progbits
  20              		.align	1
  21              		.global	ADCStart
  22              		.syntax unified
  23              		.thumb
  24              		.thumb_func
  26              	ADCStart:
  27              	.LFB238:
  28              		.file 1 "Core/Src/HardWare/mouse_ADC.c"
   1:Core/Src/HardWare/mouse_ADC.c **** /*
   2:Core/Src/HardWare/mouse_ADC.c ****  * mouse_ADC.c
   3:Core/Src/HardWare/mouse_ADC.c ****  *
   4:Core/Src/HardWare/mouse_ADC.c ****  *  Created on: 2022/02/16
   5:Core/Src/HardWare/mouse_ADC.c ****  *      Author: leopi
   6:Core/Src/HardWare/mouse_ADC.c ****  */
   7:Core/Src/HardWare/mouse_ADC.c **** 
   8:Core/Src/HardWare/mouse_ADC.c **** #include "mouse_ADC.h"
   9:Core/Src/HardWare/mouse_ADC.c **** 
  10:Core/Src/HardWare/mouse_ADC.c **** #include <stdio.h>
  11:Core/Src/HardWare/mouse_ADC.c **** uint32_t adc1[3]={0};
  12:Core/Src/HardWare/mouse_ADC.c **** uint32_t adc2[2]={0};
  13:Core/Src/HardWare/mouse_ADC.c **** 
  14:Core/Src/HardWare/mouse_ADC.c **** void ADCStart()
  15:Core/Src/HardWare/mouse_ADC.c **** {  //AD値のDMA
  29              		.loc 1 15 1 view -0
  30              		.cfi_startproc
  31              		@ args = 0, pretend = 0, frame = 0
  32              		@ frame_needed = 0, uses_anonymous_args = 0
  33 0000 08B5     		push	{r3, lr}
  34              	.LCFI0:
  35              		.cfi_def_cfa_offset 8
  36              		.cfi_offset 3, -8
  37              		.cfi_offset 14, -4
  16:Core/Src/HardWare/mouse_ADC.c **** 	if (HAL_ADC_Start_DMA(&hadc1, (uint32_t *) adc1, 3) != HAL_OK)
  38              		.loc 1 16 2 view .LVU1
  39              		.loc 1 16 6 is_stmt 0 view .LVU2
  40 0002 0322     		movs	r2, #3
  41 0004 0849     		ldr	r1, .L7
  42 0006 0948     		ldr	r0, .L7+4
ARM GAS  C:\Users\leopi\AppData\Local\Temp\ccwl1vCl.s 			page 2


  43 0008 FFF7FEFF 		bl	HAL_ADC_Start_DMA
  44              	.LVL0:
  45              		.loc 1 16 5 view .LVU3
  46 000c 30B9     		cbnz	r0, .L5
  47              	.L2:
  17:Core/Src/HardWare/mouse_ADC.c **** 	{
  18:Core/Src/HardWare/mouse_ADC.c **** 		Error_Handler();
  19:Core/Src/HardWare/mouse_ADC.c **** 	}
  20:Core/Src/HardWare/mouse_ADC.c **** 	if (HAL_ADC_Start_DMA(&hadc2, (uint32_t *) adc2, 2) != HAL_OK)
  48              		.loc 1 20 2 is_stmt 1 view .LVU4
  49              		.loc 1 20 6 is_stmt 0 view .LVU5
  50 000e 0222     		movs	r2, #2
  51 0010 0749     		ldr	r1, .L7+8
  52 0012 0848     		ldr	r0, .L7+12
  53 0014 FFF7FEFF 		bl	HAL_ADC_Start_DMA
  54              	.LVL1:
  55              		.loc 1 20 5 view .LVU6
  56 0018 18B9     		cbnz	r0, .L6
  57              	.L1:
  21:Core/Src/HardWare/mouse_ADC.c **** 	{
  22:Core/Src/HardWare/mouse_ADC.c **** 		Error_Handler();
  23:Core/Src/HardWare/mouse_ADC.c **** 	}
  24:Core/Src/HardWare/mouse_ADC.c **** 
  25:Core/Src/HardWare/mouse_ADC.c **** }
  58              		.loc 1 25 1 view .LVU7
  59 001a 08BD     		pop	{r3, pc}
  60              	.L5:
  18:Core/Src/HardWare/mouse_ADC.c **** 	}
  61              		.loc 1 18 3 is_stmt 1 view .LVU8
  62 001c FFF7FEFF 		bl	Error_Handler
  63              	.LVL2:
  64 0020 F5E7     		b	.L2
  65              	.L6:
  22:Core/Src/HardWare/mouse_ADC.c **** 	}
  66              		.loc 1 22 3 view .LVU9
  67 0022 FFF7FEFF 		bl	Error_Handler
  68              	.LVL3:
  69              		.loc 1 25 1 is_stmt 0 view .LVU10
  70 0026 F8E7     		b	.L1
  71              	.L8:
  72              		.align	2
  73              	.L7:
  74 0028 00000000 		.word	.LANCHOR0
  75 002c 00000000 		.word	hadc1
  76 0030 00000000 		.word	.LANCHOR1
  77 0034 00000000 		.word	hadc2
  78              		.cfi_endproc
  79              	.LFE238:
  81              		.section	.text.ADCStop,"ax",%progbits
  82              		.align	1
  83              		.global	ADCStop
  84              		.syntax unified
  85              		.thumb
  86              		.thumb_func
  88              	ADCStop:
  89              	.LFB239:
  26:Core/Src/HardWare/mouse_ADC.c **** void ADCStop()
ARM GAS  C:\Users\leopi\AppData\Local\Temp\ccwl1vCl.s 			page 3


  27:Core/Src/HardWare/mouse_ADC.c **** {
  90              		.loc 1 27 1 is_stmt 1 view -0
  91              		.cfi_startproc
  92              		@ args = 0, pretend = 0, frame = 0
  93              		@ frame_needed = 0, uses_anonymous_args = 0
  94 0000 08B5     		push	{r3, lr}
  95              	.LCFI1:
  96              		.cfi_def_cfa_offset 8
  97              		.cfi_offset 3, -8
  98              		.cfi_offset 14, -4
  28:Core/Src/HardWare/mouse_ADC.c **** 	if (HAL_ADC_Stop_DMA(&hadc1) != HAL_OK)
  99              		.loc 1 28 2 view .LVU12
 100              		.loc 1 28 6 is_stmt 0 view .LVU13
 101 0002 0748     		ldr	r0, .L15
 102 0004 FFF7FEFF 		bl	HAL_ADC_Stop_DMA
 103              	.LVL4:
 104              		.loc 1 28 5 view .LVU14
 105 0008 20B9     		cbnz	r0, .L13
 106              	.L10:
  29:Core/Src/HardWare/mouse_ADC.c **** 	{
  30:Core/Src/HardWare/mouse_ADC.c **** 		Error_Handler();
  31:Core/Src/HardWare/mouse_ADC.c **** 	}
  32:Core/Src/HardWare/mouse_ADC.c **** 	if (HAL_ADC_Stop_DMA(&hadc2) != HAL_OK)
 107              		.loc 1 32 2 is_stmt 1 view .LVU15
 108              		.loc 1 32 6 is_stmt 0 view .LVU16
 109 000a 0648     		ldr	r0, .L15+4
 110 000c FFF7FEFF 		bl	HAL_ADC_Stop_DMA
 111              	.LVL5:
 112              		.loc 1 32 5 view .LVU17
 113 0010 18B9     		cbnz	r0, .L14
 114              	.L9:
  33:Core/Src/HardWare/mouse_ADC.c **** 	{
  34:Core/Src/HardWare/mouse_ADC.c **** 		Error_Handler();
  35:Core/Src/HardWare/mouse_ADC.c **** 	}
  36:Core/Src/HardWare/mouse_ADC.c **** }
 115              		.loc 1 36 1 view .LVU18
 116 0012 08BD     		pop	{r3, pc}
 117              	.L13:
  30:Core/Src/HardWare/mouse_ADC.c **** 	}
 118              		.loc 1 30 3 is_stmt 1 view .LVU19
 119 0014 FFF7FEFF 		bl	Error_Handler
 120              	.LVL6:
 121 0018 F7E7     		b	.L10
 122              	.L14:
  34:Core/Src/HardWare/mouse_ADC.c **** 	}
 123              		.loc 1 34 3 view .LVU20
 124 001a FFF7FEFF 		bl	Error_Handler
 125              	.LVL7:
 126              		.loc 1 36 1 is_stmt 0 view .LVU21
 127 001e F8E7     		b	.L9
 128              	.L16:
 129              		.align	2
 130              	.L15:
 131 0020 00000000 		.word	hadc1
 132 0024 00000000 		.word	hadc2
 133              		.cfi_endproc
 134              	.LFE239:
ARM GAS  C:\Users\leopi\AppData\Local\Temp\ccwl1vCl.s 			page 4


 136              		.global	adc2
 137              		.global	adc1
 138              		.section	.bss.adc1,"aw",%nobits
 139              		.align	2
 140              		.set	.LANCHOR0,. + 0
 143              	adc1:
 144 0000 00000000 		.space	12
 144      00000000 
 144      00000000 
 145              		.section	.bss.adc2,"aw",%nobits
 146              		.align	2
 147              		.set	.LANCHOR1,. + 0
 150              	adc2:
 151 0000 00000000 		.space	8
 151      00000000 
 152              		.text
 153              	.Letext0:
 154              		.file 2 "c:\\tools\\gcc-arm-none-eabi-10_2021.10\\arm-none-eabi\\include\\machine\\_default_types.
 155              		.file 3 "c:\\tools\\gcc-arm-none-eabi-10_2021.10\\arm-none-eabi\\include\\sys\\_stdint.h"
 156              		.file 4 "Drivers/CMSIS/Device/ST/STM32F4xx/Include/stm32f405xx.h"
 157              		.file 5 "Drivers/CMSIS/Device/ST/STM32F4xx/Include/stm32f4xx.h"
 158              		.file 6 "Drivers/STM32F4xx_HAL_Driver/Inc/stm32f4xx_hal_def.h"
 159              		.file 7 "Drivers/STM32F4xx_HAL_Driver/Inc/stm32f4xx_hal_dma.h"
 160              		.file 8 "Drivers/STM32F4xx_HAL_Driver/Inc/stm32f4xx_hal_adc.h"
 161              		.file 9 "Core/Inc/HardWare/mouse_ADC.h"
 162              		.file 10 "Core/Inc/main.h"
ARM GAS  C:\Users\leopi\AppData\Local\Temp\ccwl1vCl.s 			page 5


DEFINED SYMBOLS
                            *ABS*:00000000 mouse_ADC.c
C:\Users\leopi\AppData\Local\Temp\ccwl1vCl.s:20     .text.ADCStart:00000000 $t
C:\Users\leopi\AppData\Local\Temp\ccwl1vCl.s:26     .text.ADCStart:00000000 ADCStart
C:\Users\leopi\AppData\Local\Temp\ccwl1vCl.s:74     .text.ADCStart:00000028 $d
C:\Users\leopi\AppData\Local\Temp\ccwl1vCl.s:82     .text.ADCStop:00000000 $t
C:\Users\leopi\AppData\Local\Temp\ccwl1vCl.s:88     .text.ADCStop:00000000 ADCStop
C:\Users\leopi\AppData\Local\Temp\ccwl1vCl.s:131    .text.ADCStop:00000020 $d
C:\Users\leopi\AppData\Local\Temp\ccwl1vCl.s:150    .bss.adc2:00000000 adc2
C:\Users\leopi\AppData\Local\Temp\ccwl1vCl.s:143    .bss.adc1:00000000 adc1
C:\Users\leopi\AppData\Local\Temp\ccwl1vCl.s:139    .bss.adc1:00000000 $d
C:\Users\leopi\AppData\Local\Temp\ccwl1vCl.s:146    .bss.adc2:00000000 $d

UNDEFINED SYMBOLS
HAL_ADC_Start_DMA
Error_Handler
hadc1
hadc2
HAL_ADC_Stop_DMA
